\BOOKMARK [1][-]{section.1}{\376\377\0001\000.\000A}{}% 1
\BOOKMARK [2][-]{subsection.1.1}{\376\377\000T\000h\000i\000n\000g\000s\000\040\000o\000f\000\040\000N\000o\000t\000e}{section.1}% 2
\BOOKMARK [3][-]{subsubsection.1.1.1}{\376\377\000D\000e\000f\000i\000n\000i\000n\000g\000\040\000a\000\040\000l\000i\000s\000t}{subsection.1.1}% 3
\BOOKMARK [3][-]{subsubsection.1.1.2}{\376\377\000S\000e\000t\000s\000\040\000v\000s\000\040\000L\000i\000s\000t\000s}{subsection.1.1}% 4
\BOOKMARK [3][-]{subsubsection.1.1.3}{\376\377\000F}{subsection.1.1}% 5
\BOOKMARK [3][-]{subsubsection.1.1.4}{\376\377\000F\000n}{subsection.1.1}% 6
\BOOKMARK [2][-]{subsection.1.2}{\376\377\000I\000n\000-\000T\000e\000x\000t\000\040\000E\000x\000e\000r\000c\000i\000s\000e\000s}{section.1}% 7
\BOOKMARK [3][-]{subsubsection.1.2.1}{\376\377\000V\000e\000r\000i\000f\000y\000\040\000t\000h\000a\000t\000\040\000i\0002\000\040\000=\000\040\000-\0001}{subsection.1.2}% 8
\BOOKMARK [3][-]{subsubsection.1.2.2}{\376\377\000D\000e\000f\000i\000n\000i\000n\000g\000\040\000s\000u\000b\000t\000r\000a\000c\000t\000i\000o\000n\000\040\000a\000n\000d\000\040\000d\000i\000v\000i\000s\000i\000o\000n}{subsection.1.2}% 9
\BOOKMARK [2][-]{subsection.1.3}{\376\377\000A\000c\000t\000u\000a\000l\000\040\000E\000x\000e\000r\000c\000i\000s\000e\000s}{section.1}% 10
\BOOKMARK [1][-]{section.2}{\376\377\0001\000.\000B}{}% 11
\BOOKMARK [2][-]{subsection.2.1}{\376\377\000T\000h\000i\000n\000g\000s\000\040\000o\000f\000\040\000N\000o\000t\000e}{section.2}% 12
\BOOKMARK [3][-]{subsubsection.2.1.1}{\376\377\000V\000e\000c\000t\000o\000r\000\040\000S\000p\000a\000c\000e\000s\000\040\000V}{subsection.2.1}% 13
\BOOKMARK [3][-]{subsubsection.2.1.2}{\376\377\000F}{subsection.2.1}% 14
\BOOKMARK [3][-]{subsubsection.2.1.3}{\376\377\000F\000S}{subsection.2.1}% 15
\BOOKMARK [2][-]{subsection.2.2}{\376\377\000I\000n\000-\000T\000e\000x\000t\000\040\000E\000x\000e\000r\000c\000i\000s\000e\000s}{section.2}% 16
\BOOKMARK [3][-]{subsubsection.2.2.1}{\376\377\000V\000e\000r\000i\000f\000y\000\040\000t\000h\000a\000t\000\040\000F\000n\000\040\000i\000s\000\040\000a\000\040\000v\000e\000c\000t\000o\000r\000\040\000s\000p\000a\000c\000e\000\040\000o\000v\000e\000r\000\040\000F}{subsection.2.2}% 17
\BOOKMARK [2][-]{subsection.2.3}{\376\377\000A\000c\000t\000u\000a\000l\000\040\000E\000x\000e\000r\000c\000i\000s\000e\000s}{section.2}% 18
\BOOKMARK [1][-]{section.3}{\376\377\0001\000.\000C}{}% 19
\BOOKMARK [2][-]{subsection.3.1}{\376\377\000T\000h\000i\000n\000g\000s\000\040\000o\000f\000\040\000N\000o\000t\000e}{section.3}% 20
\BOOKMARK [3][-]{subsubsection.3.1.1}{\376\377\000S\000u\000b\000s\000p\000a\000c\000e\000s}{subsection.3.1}% 21
\BOOKMARK [3][-]{subsubsection.3.1.2}{\376\377\000S\000u\000m\000m\000i\000n\000g\000\040\000S\000u\000b\000s\000e\000t\000s}{subsection.3.1}% 22
\BOOKMARK [3][-]{subsubsection.3.1.3}{\376\377\000D\000i\000r\000e\000c\000t\000\040\000S\000u\000m}{subsection.3.1}% 23
\BOOKMARK [2][-]{subsection.3.2}{\376\377\000I\000n\000-\000T\000e\000x\000t\000\040\000E\000x\000c\000e\000r\000c\000i\000s\000e\000s}{section.3}% 24
\BOOKMARK [3][-]{subsubsection.3.2.1}{\376\377\000S\000u\000m\000m\000i\000n\000g\000\040\000S\000u\000b\000s\000p\000a\000c\000e\000s\000,\000\040\000a\000n\000\040\000E\000x\000a\000m\000p\000l\000e}{subsection.3.2}% 25
\BOOKMARK [3][-]{subsubsection.3.2.2}{\376\377\000V\000e\000r\000i\000f\000y\000\040\000s\000u\000m\000s\000\040\000e\000q\000u\000a\000l\000\040\000t\000o\000\040\000s\000p\000a\000c\000e\000s}{subsection.3.2}% 26
\BOOKMARK [2][-]{subsection.3.3}{\376\377\000A\000c\000t\000u\000a\000l\000\040\000E\000x\000c\000e\000r\000c\000i\000s\000e\000s}{section.3}% 27
\BOOKMARK [1][-]{section.4}{\376\377\0002\000.\000A}{}% 28
\BOOKMARK [2][-]{subsection.4.1}{\376\377\000T\000h\000i\000n\000g\000s\000\040\000o\000f\000\040\000N\000o\000t\000e}{section.4}% 29
\BOOKMARK [3][-]{subsubsection.4.1.1}{\376\377\000L\000i\000n\000e\000a\000r\000\040\000C\000o\000m\000b\000i\000n\000a\000t\000i\000o\000n}{subsection.4.1}% 30
\BOOKMARK [3][-]{subsubsection.4.1.2}{\376\377\000L\000i\000n\000e\000a\000r\000\040\000S\000p\000a\000n}{subsection.4.1}% 31
\BOOKMARK [3][-]{subsubsection.4.1.3}{\376\377\000P\000o\000l\000y\000n\000o\000m\000i\000a\000l\000s}{subsection.4.1}% 32
\BOOKMARK [3][-]{subsubsection.4.1.4}{\376\377\000L\000i\000n\000e\000a\000r\000\040\000I\000n\000d\000e\000p\000e\000n\000d\000e\000n\000c\000e}{subsection.4.1}% 33
\BOOKMARK [3][-]{subsubsection.4.1.5}{\376\377\000L\000i\000n\000e\000a\000r\000\040\000D\000e\000p\000e\000n\000d\000e\000n\000c\000e}{subsection.4.1}% 34
\BOOKMARK [2][-]{subsection.4.2}{\376\377\000I\000n\000-\000T\000e\000x\000t\000\040\000E\000x\000c\000e\000r\000c\000i\000s\000e\000s}{section.4}% 35
\BOOKMARK [3][-]{subsubsection.4.2.1}{\376\377\000P\000\050\000F\000\051\000\040\000i\000s\000\040\000a\000\040\000s\000u\000b\000s\000p\000a\000c\000e\000\040\000o\000f\000\040\000F\000F}{subsection.4.2}% 36
\BOOKMARK [3][-]{subsubsection.4.2.2}{\376\377\000S\000h\000o\000w\000\040\000t\000h\000a\000t\000\040\000P\000\050\000F\000\051\000\040\000i\000n\000\040\000i\000n\000f\000i\000n\000i\000t\000e\000-\000d\000i\000m\000e\000n\000s\000i\000o\000n\000a\000l}{subsection.4.2}% 37
\BOOKMARK [1][-]{section.5}{\376\377\0002\000.\000B}{}% 38
\BOOKMARK [2][-]{subsection.5.1}{\376\377\000T\000h\000i\000n\000g\000s\000\040\000o\000f\000\040\000N\000o\000t\000e}{section.5}% 39
\BOOKMARK [3][-]{subsubsection.5.1.1}{\376\377\000B\000a\000s\000e\000s}{subsection.5.1}% 40
\BOOKMARK [2][-]{subsection.5.2}{\376\377\000I\000n\000-\000T\000e\000x\000t\000\040\000E\000x\000e\000r\000c\000i\000s\000e\000s}{section.5}% 41
\BOOKMARK [3][-]{subsubsection.5.2.1}{\376\377\000T\000h\000e\000\040\000l\000i\000s\000t\000\040\0001\000,\000z\000,\040\046\000,\000z\000m\000\040\000i\000s\000\040\000a\000\040\000b\000a\000s\000i\000s\000\040\000f\000o\000r\000\040\000P\000m\000\050\000F\000\051}{subsection.5.2}% 42
\BOOKMARK [1][-]{section.6}{\376\377\0002\000.\000C}{}% 43
\BOOKMARK [2][-]{subsection.6.1}{\376\377\000T\000h\000i\000n\000g\000s\000\040\000o\000f\000\040\000N\000o\000t\000e}{section.6}% 44
\BOOKMARK [3][-]{subsubsection.6.1.1}{\376\377\000D\000i\000m\000e\000n\000s\000i\000o\000n\000!}{subsection.6.1}% 45
\BOOKMARK [2][-]{subsection.6.2}{\376\377\000I\000n\000-\000T\000e\000x\000t\000\040\000E\000x\000c\000e\000r\000c\000i\000s\000e\000s}{section.6}% 46
\BOOKMARK [3][-]{subsubsection.6.2.1}{\376\377\000S\000h\000o\000w\000\040\000t\000h\000a\000t\000\040\0001\000,\000\040\000\050\000x\000-\0005\000\051\0002\000,\000\040\000\050\000x\000-\0005\000\051\0003\000\040\000i\000s\000\040\000a\000\040\000b\000a\000s\000i\000s\000\040\000o\000f\000\040\000t\000h\000e\000\040\000s\000u\000b\000s\000p\000a\000c\000e\000\040\000U\000\040\000o\000f\000\040\000P\0003\000\040\000\050\000R\000\051}{subsection.6.2}% 47
\BOOKMARK [1][-]{section.7}{\376\377\0003\000.\000A}{}% 48
\BOOKMARK [2][-]{subsection.7.1}{\376\377\000T\000h\000i\000n\000g\000s\000\040\000o\000f\000\040\000N\000o\000t\000e}{section.7}% 49
\BOOKMARK [3][-]{subsubsection.7.1.1}{\376\377\000L\000i\000n\000e\000a\000r\000\040\000M\000a\000p\000s}{subsection.7.1}% 50
\BOOKMARK [3][-]{subsubsection.7.1.2}{\376\377\000L\000\050\000V\000,\000W\000\051}{subsection.7.1}% 51
\BOOKMARK [3][-]{subsubsection.7.1.3}{\376\377\000L\000i\000n\000e\000a\000r\000\040\000M\000a\000p\000s\000\040\000\046\000\040\000B\000a\000s\000i\000s\000\040\000o\000f\000\040\000t\000h\000e\000\040\000D\000o\000m\000a\000i\000n}{subsection.7.1}% 52
\BOOKMARK [2][-]{subsection.7.2}{\376\377\000I\000n\000-\000T\000e\000x\000t\000\040\000E\000x\000p\000e\000r\000i\000e\000n\000c\000e\000s}{section.7}% 53
\BOOKMARK [3][-]{subsubsection.7.2.1}{\376\377\000L\000i\000n\000e\000a\000r\000\040\000M\000a\000p\000\040\000f\000r\000o\000m\000\040\000B\000a\000s\000i\000s\000\040\000o\000f\000\040\000D\000o\000m\000a\000i\000n\000\040\000i\000s\000\040\000U\000n\000i\000q\000u\000e}{subsection.7.2}% 54
\BOOKMARK [3][-]{subsubsection.7.2.2}{\376\377\000V\000e\000r\000i\000f\000y\000i\000n\000g\000\040\000t\000h\000a\000t\000\040\000L\000\050\000V\000,\000W\000\051\000\040\000i\000s\000\040\000a\000\040\000v\000e\000c\000t\000o\000r\000\040\000s\000p\000a\000c\000e}{subsection.7.2}% 55
\BOOKMARK [1][-]{section.8}{\376\377\0003\000.\000B}{}% 56
\BOOKMARK [2][-]{subsection.8.1}{\376\377\000T\000h\000i\000n\000g\000s\000\040\000o\000f\000\040\000N\000o\000t\000e}{section.8}% 57
\BOOKMARK [3][-]{subsubsection.8.1.1}{\376\377\000N\000u\000l\000l\000\040\000S\000p\000a\000c\000e}{subsection.8.1}% 58
\BOOKMARK [3][-]{subsubsection.8.1.2}{\376\377\000I\000n\000j\000e\000c\000t\000i\000v\000i\000t\000y}{subsection.8.1}% 59
\BOOKMARK [3][-]{subsubsection.8.1.3}{\376\377\000R\000a\000n\000g\000e}{subsection.8.1}% 60
\BOOKMARK [3][-]{subsubsection.8.1.4}{\376\377\000S\000u\000r\000j\000e\000c\000t\000i\000v\000i\000t\000y}{subsection.8.1}% 61
\BOOKMARK [3][-]{subsubsection.8.1.5}{\376\377\000F\000u\000n\000d\000a\000m\000e\000n\000t\000a\000l\000\040\000T\000h\000e\000o\000r\000e\000m\000\040\000o\000f\000\040\000L\000i\000n\000e\000a\000r\000\040\000M\000a\000p\000s}{subsection.8.1}% 62
\BOOKMARK [3][-]{subsubsection.8.1.6}{\376\377\000M\000a\000p\000\040\000t\000o\000\040\000S\000m\000a\000l\000l\000e\000r\000\040\000S\000p\000a\000c\000e\000\040\000i\000s\000\040\000n\000o\000t\000\040\000I\000n\000j\000e\000c\000t\000i\000v\000e\000;\000\040\000M\000a\000p\000\040\000t\000o\000\040\000L\000a\000r\000g\000e\000r\000\040\000S\000p\000a\000c\000e\000\040\000i\000s\000\040\000n\000o\000t\000\040\000S\000u\000r\000j\000e\000c\000t\000i\000v\000e}{subsection.8.1}% 63
\BOOKMARK [3][-]{subsubsection.8.1.7}{\376\377\000N\000o\000t\000i\000c\000i\000n\000g\000s\000\040\000a\000b\000o\000u\000t\000\040\000L\000i\000n\000e\000a\000r\000\040\000S\000y\000s\000t\000e\000m\000s}{subsection.8.1}% 64
\BOOKMARK [2][-]{subsection.8.2}{\376\377\000I\000n\000-\000T\000e\000x\000t\000\040\000E\000x\000e\000r\000c\000i\000s\000e\000s}{section.8}% 65
\BOOKMARK [3][-]{subsubsection.8.2.1}{\376\377\000N\000u\000l\000l\000\040\000S\000p\000a\000c\000e\000\040\000i\000s\000\040\000a\000\040\000S\000u\000b\000s\000p\000a\000c\000e}{subsection.8.2}% 66
\BOOKMARK [3][-]{subsubsection.8.2.2}{\376\377\000P\000r\000o\000v\000i\000n\000g\000\040\000t\000h\000e\000\040\000F\000u\000n\000d\000a\000m\000e\000n\000t\000a\000l\000\040\000T\000h\000e\000o\000r\000e\000m\000\040\000o\000f\000\040\000L\000i\000n\000e\000a\000r\000\040\000M\000a\000p\000s}{subsection.8.2}% 67
