\BOOKMARK [1][-]{section.1}{\376\377\000p\000r\000o\000m\000p\000t}{}% 1
\BOOKMARK [1][-]{section.2}{\376\377\000s\000t\000a\000n\000d\000a\000r\000d\000s\000\040\000t\000a\000r\000g\000e\000t\000s}{}% 2
\BOOKMARK [2][-]{subsection.2.1}{\376\377\000T\000O\000D\000O\000\040\000k\000n\000o\000w\000l\000e\000d\000g\000e\000\040\000o\000f\000\040\000h\000i\000s\000t\000o\000r\000y\000:\000\040\000r\000e\000f\000e\000r\000e\000n\000c\000e\000\040\000s\000p\000e\000c\000i\000f\000i\000c\000\040\000e\000v\000e\000n\000t\000s\000,\000\040\000p\000l\000a\000c\000e\000s\000,\000\040\000d\000a\000t\000e\000s\000,\000\040\000a\000n\000d\000\040\000p\000e\000o\000p\000l\000e\000\040\000w\000i\000t\000h\000\040\000a\000\040\000c\000l\000e\000a\000r\000\040\000s\000e\000n\000s\000e\000\040\000o\000f\000\040\000c\000h\000r\000o\000n\000o\000l\000o\000g\000y}{section.2}% 3
\BOOKMARK [2][-]{subsection.2.2}{\376\377\000T\000O\000D\000O\000\040\000u\000n\000d\000e\000r\000s\000t\000a\000n\000d\000i\000n\000g\000\040\000p\000a\000t\000t\000e\000r\000n\000s\000:\000\040\000d\000e\000f\000i\000n\000e\000\040\000a\000n\000\040\000a\000r\000r\000a\000y\000\040\000o\000f\000\040\000h\000i\000s\000t\000o\000r\000i\000c\000a\000l\000\040\000t\000r\000e\000n\000d\000s\000\040\000\173\000\040\000r\000e\000l\000i\000g\000i\000o\000u\000s\000?\000,\000\040\000p\000o\000l\000i\000t\000i\000c\000a\000l\000,\000\040\000s\000o\000c\000i\000a\000l\000,\000\040\000e\000c\000o\000n\000o\000m\000i\000c\000,\000\040\000c\000u\000l\000t\000u\000r\000a\000l\000\040\000\175}{section.2}% 4
\BOOKMARK [2][-]{subsection.2.3}{\376\377\000T\000O\000D\000O\000\040\000u\000n\000d\000e\000r\000s\000t\000a\000n\000d\000i\000n\000g\000\040\000p\000a\000t\000t\000e\000r\000n\000s\000:\000\040\000s\000h\000o\000w\000\040\000h\000o\000w\000\040\000t\000h\000e\000\040\000t\000r\000e\000n\000d\000s\000\040\000a\000f\000f\000e\000c\000t\000\040\000e\000a\000c\000h\000\040\000o\000t\000h\000e\000r}{section.2}% 5
\BOOKMARK [2][-]{subsection.2.4}{\376\377\000T\000O\000D\000O\000\040\000a\000r\000g\000u\000m\000e\000n\000t\000\040\000a\000n\000d\000\040\000a\000r\000g\000u\000m\000e\000n\000t\000a\000t\000i\000o\000n\000:\000\040\000a\000d\000d\000r\000e\000s\000s\000\040\000t\000h\000e\000\040\000p\000r\000o\000m\000p\000t\000,\000\040\000e\000x\000p\000l\000a\000i\000n\000\040\000e\000v\000e\000n\000t\000s\000\040\000w\000i\000t\000h\000\040\000a\000\040\000n\000u\000a\000n\000c\000e\000d\000\040\000a\000n\000d\000\040\000p\000r\000e\000c\000i\000s\000e\000\040\000s\000e\000n\000s\000e\000\040\000o\000f\000\040\000c\000a\000u\000s\000e\000\040\000a\000n\000d\000\040\000e\000f\000f\000e\000c\000t}{section.2}% 6
\BOOKMARK [2][-]{subsection.2.5}{\376\377\000T\000O\000D\000O\000\040\000a\000r\000g\000u\000m\000e\000n\000t\000\040\000c\000o\000n\000n\000e\000c\000t\000s\000\040\000t\000o\000\040\000b\000r\000o\000a\000d\000e\000r\000\040\000t\000r\000e\000n\000d\000s\000\040\000a\000n\000d\000\040\000s\000p\000e\000c\000i\000f\000i\000c\000\040\000m\000o\000m\000e\000n\000t\000s}{section.2}% 7
\BOOKMARK [2][-]{subsection.2.6}{\376\377\000T\000O\000D\000O\000\040\000n\000e\000e\000d\000s\000\040\000a\000\040\000"\000s\000o\000\040\000w\000h\000a\000t\000"\000\040\000t\000o\000\040\000d\000e\000m\000o\000n\000s\000t\000r\000a\000t\000e\000\040\000i\000t\000'\000s\000\040\000r\000e\000l\000e\000v\000a\000n\000c\000e}{section.2}% 8
\BOOKMARK [2][-]{subsection.2.7}{\376\377\000T\000O\000D\000O\000\040\000u\000s\000e\000\040\000o\000f\000\040\000e\000v\000i\000d\000e\000n\000c\000e\000:\000\040\000u\000s\000e\000\040\000s\000p\000e\000c\000i\000f\000i\000c\000\040\000e\000v\000i\000d\000e\000n\000c\000e\000\040\000f\000r\000o\000m\000\040\000t\000h\000e\000\040\000'\000w\000i\000d\000e\000s\000t\000\040\000a\000r\000r\000a\000y\000\040\000o\000f\000\040\000s\000o\000u\000r\000c\000e\000s\000'\000\040\000t\000o\000\040\000s\000u\000p\000p\000o\000r\000t\000\040\000p\000o\000i\000n\000t\000s\000\040\000i\000n\000\040\000e\000v\000e\000r\000y\000\040\000p\000a\000r\000a\000g\000r\000a\000p\000h}{section.2}% 9
\BOOKMARK [2][-]{subsection.2.8}{\376\377\000w\000r\000i\000t\000t\000e\000n\000\040\000e\000x\000p\000r\000e\000s\000s\000i\000o\000n\000:\000\040\000u\000s\000e\000\040\000p\000r\000e\000c\000i\000s\000e\000\040\000t\000e\000r\000m\000i\000n\000o\000l\000o\000g\000y\000\040\000a\000n\000d\000\040\000e\000x\000p\000r\000e\000s\000s\000\040\000n\000u\000a\000n\000c\000e\000d\000\040\000t\000h\000o\000u\000g\000h\000t\000s\000,\000\040\000m\000a\000k\000e\000\040\000c\000l\000e\000a\000r\000\040\000i\000n\000t\000r\000o\000/\000c\000o\000n\000c\000l\000u\000s\000i\000o\000n\000,\000\040\000a\000n\000d\000\040\000b\000o\000d\000y\000\040\000p\000a\000r\000a\000g\000r\000a\000p\000h\000\040\000s\000t\000r\000u\000c\000t\000u\000r\000e\000\040\000c\000l\000a\000r\000i\000f\000i\000e\000d\000\040\000i\000n\000\040\000t\000h\000e\000s\000i\000s}{section.2}% 10
\BOOKMARK [2][-]{subsection.2.9}{\376\377\000T\000O\000D\000O\000\040\000e\000v\000e\000n\000t\000s\000\040\000t\000h\000a\000t\000\040\000p\000r\000o\000l\000o\000n\000g\000e\000d\000\040\000t\000h\000e\000\040\000w\000a\000r\000\040\000a\000f\000t\000e\000r\000\040\000i\000t\000'\000s\000\040\000o\000u\000t\000b\000r\000e\000a\000k}{section.2}% 11
\BOOKMARK [1][-]{section.3}{\376\377\000e\000v\000i\000d\000e\000n\000c\000e}{}% 12
\BOOKMARK [2][-]{subsection.3.1}{\376\377\000p\000r\000i\000m\000a\000r\000y\000\040\000s\000o\000u\000r\000c\000e\000s}{section.3}% 13
\BOOKMARK [3][-]{subsubsection.3.1.1}{\376\377\000G\000e\000r\000m\000a\000n\000\040\000h\000i\000s\000t\000o\000r\000i\000a\000n\000\040\000H\000e\000i\000n\000r\000i\000c\000h\000\040\000v\000o\000n\000\040\000T\000r\000e\000i\000t\000s\000c\000h\000k\000e\000\040\000\050\0001\0008\0003\0004\000-\0001\0008\0009\0006\000\051\000\040\000g\000l\000o\000r\000i\000f\000i\000e\000d\000\040\000w\000a\000r\000f\000a\000r\000e\000\040\000q\000u\000o\000t\000e\000d\000\040\000i\000n\000\040\000P\000o\000l\000i\000t\000i\000c\000s\000\040\000\050\0001\0008\0009\0009\000-\0001\0009\0000\0000\000\051\000\040\000\050\0001\0004\000\040\000y\000e\000a\000r\000s\000\040\000b\000e\000f\000o\000r\000e\000\040\000t\000h\000e\000\040\000w\000a\000r\000\051}{subsection.3.1}% 14
\BOOKMARK [3][-]{subsubsection.3.1.2}{\376\377\000G\000e\000r\000m\000a\000n\000\040\000g\000e\000n\000e\000r\000a\000l\000\040\000a\000n\000d\000\040\000i\000n\000f\000l\000u\000e\000n\000t\000i\000a\000l\000\040\000m\000i\000l\000i\000t\000a\000r\000y\000\040\000w\000r\000i\000t\000e\000r\000\040\000F\000r\000i\000e\000d\000r\000i\000c\000h\000\040\000v\000o\000n\000\040\000B\000e\000r\000n\000h\000a\000r\000d\000i\000\040\000\050\0001\0008\0004\0009\000-\0001\0009\0003\0000\000\051\000\040\000i\000n\000\040\000G\000e\000r\000m\000a\000n\000y\000\040\000a\000n\000d\000\040\000t\000h\000e\000\040\000N\000e\000x\000t\000\040\000W\000a\000r\000\040\000\050\0001\0009\0001\0001\000\051}{subsection.3.1}% 15
\BOOKMARK [3][-]{subsubsection.3.1.3}{\376\377\000F\000r\000e\000n\000c\000h\000\040\000w\000r\000i\000t\000e\000r\000\040\000R\000o\000n\000a\000l\000d\000\040\000D\000o\000r\000g\000e\000l\000e\000s\000\040\000\050\0001\0008\0008\0005\000-\0001\0009\0007\0003\000\051\000\040\000r\000e\000c\000a\000l\000l\000s\000\040\000t\000h\000e\000\040\000m\000o\000o\000d\000\040\000i\000n\000\040\000[\000P\000a\000r\000i\000s\000\040\000a\000t\000\040\000t\000h\000e\000\040\000o\000u\000t\000b\000r\000e\000a\000k\000\040\000o\000f\000\040\000t\000h\000e\000\040\000w\000a\000r}{subsection.3.1}% 16
\BOOKMARK [3][-]{subsubsection.3.1.4}{\376\377\000p\000o\000e\000m\000s\000\040\000f\000r\000o\000m\000\040\000d\000u\000d\000e\000s\000\040\000i\000n\000\040\000t\000h\000e\000\040\000t\000r\000e\000n\000c\000h\000e\000s}{subsection.3.1}% 17
\BOOKMARK [2][-]{subsection.3.2}{\376\377\000t\000h\000e\000\040\000b\000o\000o\000k\000\040\000d\000u\000d\000e}{section.3}% 18
\BOOKMARK [3][-]{subsubsection.3.2.1}{\376\377\000l\000e\000v\000e\000l\000\040\0001}{subsection.3.2}% 19
\BOOKMARK [3][-]{subsubsection.3.2.2}{\376\377\000l\000e\000v\000e\000l\000\040\0002}{subsection.3.2}% 20
\BOOKMARK [3][-]{subsubsection.3.2.3}{\376\377\000l\000e\000v\000e\000l\000\040\0003}{subsection.3.2}% 21
\BOOKMARK [1][-]{section.4}{\376\377\000o\000u\000t\000l\000i\000n\000e}{}% 22
\BOOKMARK [2][-]{subsection.4.1}{\376\377\000T\000O\000D\000O\000\040\000I\000n\000t\000r\000o}{section.4}% 23
\BOOKMARK [2][-]{subsection.4.2}{\376\377\000T\000O\000D\000O\000\040\000T\000h\000e\000s\000i\000s}{section.4}% 24
\BOOKMARK [3][-]{subsubsection.4.2.1}{\376\377\000e}{subsection.4.2}% 25
\BOOKMARK [2][-]{subsection.4.3}{\376\377\000B\000P\0001\000:\000\040\000c\000i\000t\000i\000z\000e\000n\000s\000\040\000s\000t\000a\000r\000t\000\040\000t\000h\000e\000\040\000w\000a\000r}{section.4}% 26
\BOOKMARK [3][-]{subsubsection.4.3.1}{\376\377\000g\000e\000r\000m\000a\000n\000y\000\040\000w\000a\000n\000t\000s\000\040\000a\000\040\000s\000p\000o\000t\000\040\000i\000n\000\040\000t\000h\000e\000\040\000s\000u\000n}{subsection.4.3}% 27
\BOOKMARK [3][-]{subsubsection.4.3.2}{\376\377\000p\000r\000i\000m\000a\000r\000y\000\040\000s\000o\000u\000r\000c\000e\000s}{subsection.4.3}% 28
\BOOKMARK [3][-]{subsubsection.4.3.3}{\376\377\000s\000e\000c\000u\000r\000i\000t\000y\000\040\000d\000i\000l\000e\000m\000m\000a\000\040\000=\000>\000\040\000p\000e\000o\000p\000l\000e\000\040\000t\000h\000i\000n\000k\000\040\000w\000a\000r\000\040\000i\000s\000\040\000c\000o\000m\000i\000n\000g\000\040\000\050\000l\000e\000v\000e\000l\000\040\0003\000\040\000i\000n\000f\000l\000u\000e\000n\000c\000e\000\051}{subsection.4.3}% 29
\BOOKMARK [3][-]{subsubsection.4.3.4}{\376\377\000b\000a\000d\000\040\000n\000e\000w\000s\000\040\000b\000e\000a\000r\000s\000\040\000i\000n\000\040\000t\000h\000e\000\040\000B\000a\000l\000k\000a\000n\000s\000\040\000\050\000s\000e\000t\000s\000\040\000i\000t\000\040\000o\000f\000f\000\051}{subsection.4.3}% 30
\BOOKMARK [2][-]{subsection.4.4}{\376\377\000T\000O\000D\000O\000\040\000B\000P\0002\000:\000\040\000g\000o\000v\000e\000r\000n\000m\000e\000n\000t\000s\000\040\000k\000e\000e\000p\000\040\000t\000h\000e\000\040\000w\000a\000r}{section.4}% 31
\BOOKMARK [3][-]{subsubsection.4.4.1}{\376\377\000m\000u\000t\000i\000n\000i\000e\000s}{subsection.4.4}% 32
\BOOKMARK [3][-]{subsubsection.4.4.2}{\376\377\000g\000o\000v\000e\000r\000n\000m\000e\000n\000t\000\040\000i\000d\000e\000a\000s}{subsection.4.4}% 33
\BOOKMARK [2][-]{subsection.4.5}{\376\377\000T\000O\000D\000O\000\040\000B\000P\0003\000:\000\040\000g\000r\000e\000a\000t\000e\000r\000\040\000p\000o\000w\000e\000r\000\040\000c\000o\000u\000l\000d\000'\000v\000e\000\040\000s\000t\000o\000p\000p\000e\000d\000\040\000t\000h\000e\000\040\000r\000e\000a\000c\000t\000i\000o\000n\000\040\000a\000t\000\040\000a\000n\000y\000\040\000t\000i\000m\000e}{section.4}% 34
\BOOKMARK [3][-]{subsubsection.4.5.1}{\376\377\000T\000O\000D\000O\000\040\000g\000e\000r\000m\000a\000n\000y\000\040\000w\000a\000s\000\040\000s\000c\000a\000r\000e\000d\000\040\000o\000f\000\040\000U\000S\000\040\000i\000n\000v\000o\000l\000v\000e\000m\000e\000n\000t}{subsection.4.5}% 35
\BOOKMARK [3][-]{subsubsection.4.5.2}{\376\377\000T\000O\000D\000O\000\040\000M\000A\000D\000\040\000w\000o\000u\000l\000d\000\040\000c\000h\000a\000n\000g\000e\000\040\000t\000h\000e\000\040\000r\000e\000w\000a\000r\000d\000\040\000m\000a\000t\000r\000i\000x\000\040\000\050\000c\000u\000l\000t\000\040\000o\000f\000\040\000t\000h\000e\000\040\000o\000f\000f\000e\000n\000s\000i\000v\000e\000\040\000-\000>\000\040\000c\000u\000l\000t\000\040\000o\000f\000\040\000t\000h\000e\000\040\000d\000e\000f\000e\000n\000s\000i\000v\000e\000\051}{subsection.4.5}% 36
\BOOKMARK [2][-]{subsection.4.6}{\376\377\000T\000O\000D\000O\000\040\000C\000o\000n\000c\000l\000u\000s\000i\000o\000n}{section.4}% 37
\BOOKMARK [1][-]{section.5}{\376\377\000o\000u\000t\000l\000i\000n\000e\0002\000\040\000b\000a\000r\000l\000e\000y\000\040\000b\000o\000o\000g\000a\000l\000o\000o}{}% 38
\BOOKMARK [2][-]{subsection.5.1}{\376\377\000i\000n\000t\000r\000o}{section.5}% 39
\BOOKMARK [2][-]{subsection.5.2}{\376\377\000D\000O\000N\000E\000\040\000t\000h\000e\000s\000i\000s}{section.5}% 40
\BOOKMARK [2][-]{subsection.5.3}{\376\377\000D\000O\000N\000E\000\040\000B\000P\0001\000:\000\040\000l\000e\000v\000e\000l\000\040\0003\000\040\000s\000e\000c\000u\000r\000i\000t\000y\000\040\000d\000i\000l\000e\000m\000m\000a\000/\000c\000u\000l\000t\000\040\000o\000f\000\040\000t\000h\000e\000\040\000o\000f\000f\000e\000n\000s\000i\000v\000e\000\040\000p\000u\000t\000s\000\040\000e\000v\000e\000r\000y\000o\000n\000e\000\040\000o\000n\000\040\000e\000d\000g\000e}{section.5}% 41
\BOOKMARK [3][-]{subsubsection.5.3.1}{\376\377\000i\000n\000d\000u\000s\000t\000r\000i\000a\000l\000i\000z\000a\000t\000i\000o\000n\000\040\000-\000>\000\040\000b\000i\000g\000g\000e\000r\000\040\000m\000i\000l\000i\000t\000a\000r\000i\000e\000s}{subsection.5.3}% 42
\BOOKMARK [3][-]{subsubsection.5.3.2}{\376\377\000t\000h\000e\000\040\000s\000e\000c\000u\000r\000i\000t\000y\000\040\000d\000i\000l\000e\000m\000m\000a}{subsection.5.3}% 43
\BOOKMARK [3][-]{subsubsection.5.3.3}{\376\377\000c\000u\000l\000t\000\040\000o\000f\000\040\000t\000h\000e\000\040\000o\000f\000f\000e\000n\000s\000i\000v\000e}{subsection.5.3}% 44
\BOOKMARK [3][-]{subsubsection.5.3.4}{\376\377\000m\000u\000t\000u\000a\000l\000l\000y\000\040\000a\000s\000s\000u\000r\000e\000d\000\040\000d\000e\000s\000t\000r\000u\000c\000t\000i\000o\000n}{subsection.5.3}% 45
\BOOKMARK [2][-]{subsection.5.4}{\376\377\000T\000O\000D\000O\000\040\000B\000P\0002\000:\000\040\000u\000p\000s\000e\000t\000\040\000/\000\040\000w\000a\000r\000-\000h\000u\000n\000g\000r\000y\000\040\000p\000e\000o\000p\000l\000e\000\040\000a\000r\000e\000\040\000r\000e\000q\000u\000i\000r\000e\000d\000\040\000t\000o\000\040\000s\000p\000a\000r\000k\000\040\000t\000h\000e\000\040\000w\000a\000r}{section.5}% 46
\BOOKMARK [3][-]{subsubsection.5.4.1}{\376\377\000s\000e\000r\000b\000s\000\040\000i\000n\000\040\000a\000u\000s\000t\000r\000i\000a\000\040\000w\000a\000n\000t\000\040\000t\000o\000\040\000m\000a\000k\000e\000\040\000y\000u\000g\000o\000s\000l\000a\000v\000i\000a\000\040\000\050\000a\000l\000s\000o\000\040\000b\000o\000s\000n\000i\000a\000?\000\051}{subsection.5.4}% 47
\BOOKMARK [2][-]{subsection.5.5}{\376\377\000T\000O\000D\000O\000\040\000c\000o\000n\000c\000l\000u\000s\000i\000o\000n}{section.5}% 48
\BOOKMARK [1][-]{section.6}{\376\377\000t\000o\000d\000o\000s}{}% 49
\BOOKMARK [2][-]{subsection.6.1}{\376\377\000D\000O\000N\000E\000\040\000r\000e\000a\000d\000\040\000p\000r\000i\000m\000a\000r\000y\000\040\000s\000o\000u\000r\000c\000e\000s\000.}{section.6}% 50
\BOOKMARK [2][-]{subsection.6.2}{\376\377\000D\000O\000N\000E\000\040\000r\000e\000v\000i\000e\000w\000\040\000e\000v\000i\000d\000e\000n\000c\000e\000/\000n\000o\000t\000e\000s}{section.6}% 51
\BOOKMARK [2][-]{subsection.6.3}{\376\377\000q\000u\000e\000s\000t\000i\000o\000n\000s\000\040\0005\000\040\000a\000p\000r\000i\000l\000\040\0002\0000\0002\0001}{section.6}% 52
\BOOKMARK [3][-]{subsubsection.6.3.1}{\376\377\000D\000O\000N\000E\000\040\000h\000o\000w\000\040\000m\000u\000c\000h\000\040\000o\000f\000\040\000b\000a\000d\000\040\000n\000e\000w\000s\000\040\000b\000e\000a\000r\000s\000\040\000i\000n\000\040\000t\000h\000e\000\040\000b\000a\000l\000k\000a\000n\000s\000\040\000i\000s\000\040\000n\000e\000e\000d\000e\000d\000q\000u\000e\000s\000t\000i\000o\000n}{subsection.6.3}% 53
\BOOKMARK [3][-]{subsubsection.6.3.2}{\376\377\000D\000O\000N\000E\000\040\000c\000a\000n\000\040\000I\000\040\000c\000i\000t\000e\000\040\000e\000x\000t\000e\000r\000n\000a\000l\000\040\000s\000o\000u\000r\000c\000e\000s\000\040\000/\000\040\000t\000a\000b\000l\000e\000s\000\040\000n\000\040\000s\000t\000u\000f\000f\000q\000u\000e\000s\000t\000i\000o\000n}{subsection.6.3}% 54
\BOOKMARK [3][-]{subsubsection.6.3.3}{\376\377\000D\000O\000N\000E\000\040\000h\000o\000w\000\040\000t\000o\000\040\000c\000i\000t\000e\000\040\000s\000t\000u\000f\000f\000\040\000i\000n\000\040\000c\000l\000a\000s\000s\000?\000q\000u\000e\000s\000t\000i\000o\000n}{subsection.6.3}% 55
\BOOKMARK [3][-]{subsubsection.6.3.4}{\376\377\000D\000O\000N\000E\000\040\000w\000h\000a\000t\000\040\000a\000r\000e\000\040\000y\000o\000u\000\040\000l\000o\000o\000k\000i\000n\000g\000\040\000f\000o\000r\000\040\000i\000n\000\040\000t\000h\000e\000\040\000i\000n\000t\000r\000o\000\040\000/\000\040\000c\000o\000n\000c\000l\000u\000s\000i\000o\000n\000?\000q\000u\000e\000s\000t\000i\000o\000n}{subsection.6.3}% 56
\BOOKMARK [2][-]{subsection.6.4}{\376\377\000q\000u\000e\000s\000t\000i\000o\000n\000s\000\040\0007\000\040\000a\000p\000r\000i\000l\000\040\0002\0000\0002\0001}{section.6}% 57
\BOOKMARK [3][-]{subsubsection.6.4.1}{\376\377\000D\000O\000N\000E\000\040\000w\000h\000a\000t\000\040\000t\000r\000e\000n\000d\000s\000\040\000a\000r\000e\000\040\000t\000h\000e\000r\000e\000?}{subsection.6.4}% 58
\BOOKMARK [3][-]{subsubsection.6.4.2}{\376\377\000D\000O\000N\000E\000\040\000n\000e\000e\000d\000\040\000t\000o\000\040\000t\000a\000l\000k\000\040\000a\000b\000o\000u\000t\000\040\000p\000o\000s\000t\000\040\000w\000a\000r\000\040\000s\000t\000u\000f\000f\000?}{subsection.6.4}% 59
\BOOKMARK [3][-]{subsubsection.6.4.3}{\376\377\000D\000O\000N\000E\000\040\000c\000h\000e\000c\000k\000\040\000t\000h\000e\000s\000i\000s\000?\000\040\000d\000o\000e\000s\000\040\000i\000t\000\040\000w\000o\000r\000k\000\040\000f\000o\000r\000\040\000b\000o\000d\000y\000\040\000p\000a\000r\000a\000g\000r\000a\000p\000h\000s\000?}{subsection.6.4}% 60
\BOOKMARK [3][-]{subsubsection.6.4.4}{\376\377\000D\000O\000N\000E\000\040\000l\000e\000n\000g\000t\000h\000?}{subsection.6.4}% 61
\BOOKMARK [3][-]{subsubsection.6.4.5}{\376\377\000D\000O\000N\000E\000\040\000s\000o\000\040\000w\000h\000a\000t\000?}{subsection.6.4}% 62
\BOOKMARK [2][-]{subsection.6.5}{\376\377\000D\000O\000N\000E\000\040\000c\000o\000m\000e\000\040\000u\000p\000\040\000w\000i\000t\000h\000\040\000g\000e\000n\000e\000r\000a\000l\000\040\000f\000r\000a\000m\000e}{section.6}% 63
\BOOKMARK [2][-]{subsection.6.6}{\376\377\000D\000O\000N\000E\000\040\000c\000o\000m\000e\000\040\000u\000p\000\040\000w\000i\000t\000h\000\040\000a\000r\000g\000u\000m\000e\000n\000t\000,\000\040\000b\000o\000d\000y\000\040\000p\000a\000r\000a\000g\000r\000a\000p\000h\000s}{section.6}% 64
\BOOKMARK [2][-]{subsection.6.7}{\376\377\000T\000O\000D\000O\000\040\000\173\000\040\000o\000u\000t\000l\000i\000n\000e\000,\000\040\000w\000r\000i\000t\000e\000,\000\040\000e\000d\000i\000t\000\040\000\175\000\040\000f\000o\000r\000\040\000s\000t\000a\000n\000d\000a\000r\000d\000s}{section.6}% 65
