\BOOKMARK [1][-]{section.1}{\376\377\000D\000e\000f\000i\000n\000i\000t\000i\000o\000n\000s}{}% 1
\BOOKMARK [2][-]{subsection.1.1}{\376\377\000A\000l\000g\000e\000b\000r\000a\000i\000c\000\040\000S\000t\000r\000u\000c\000t\000u\000r\000e\000s}{section.1}% 2
\BOOKMARK [3][-]{subsubsection.1.1.1}{\376\377\000G\000r\000o\000u\000p}{subsection.1.1}% 3
\BOOKMARK [3][-]{subsubsection.1.1.2}{\376\377\000F\000i\000e\000l\000d}{subsection.1.1}% 4
\BOOKMARK [3][-]{subsubsection.1.1.3}{\376\377\000V\000e\000c\000t\000o\000r\000\040\000S\000p\000a\000c\000e}{subsection.1.1}% 5
\BOOKMARK [3][-]{subsubsection.1.1.4}{\376\377\000S\000u\000b\000s\000p\000a\000c\000e}{subsection.1.1}% 6
\BOOKMARK [3][-]{subsubsection.1.1.5}{\376\377\000S\000u\000m}{subsection.1.1}% 7
\BOOKMARK [3][-]{subsubsection.1.1.6}{\376\377\000D\000i\000r\000e\000c\000t\000\040\000S\000u\000m}{subsection.1.1}% 8
\BOOKMARK [3][-]{subsubsection.1.1.7}{\376\377\000L\000i\000n\000e\000a\000r\000\040\000C\000o\000m\000b\000i\000n\000a\000t\000i\000o\000n}{subsection.1.1}% 9
\BOOKMARK [3][-]{subsubsection.1.1.8}{\376\377\000L\000i\000n\000e\000a\000r\000\040\000\050\000I\000n\000\051\000D\000e\000p\000e\000n\000d\000e\000n\000c\000e}{subsection.1.1}% 10
\BOOKMARK [3][-]{subsubsection.1.1.9}{\376\377\000S\000p\000a\000n}{subsection.1.1}% 11
\BOOKMARK [3][-]{subsubsection.1.1.10}{\376\377\000B\000a\000s\000i\000s}{subsection.1.1}% 12
\BOOKMARK [3][-]{subsubsection.1.1.11}{\376\377\000D\000i\000m\000e\000n\000s\000i\000o\000n}{subsection.1.1}% 13
\BOOKMARK [3][-]{subsubsection.1.1.12}{\376\377\000E\000l\000e\000m\000e\000n\000t\000r\000y\000\040\000M\000a\000t\000r\000i\000x}{subsection.1.1}% 14
\BOOKMARK [3][-]{subsubsection.1.1.13}{\376\377\000N\000o\000n\000s\000i\000n\000g\000u\000l\000a\000r\000\040\000/\000\040\000i\000n\000v\000e\000r\000t\000i\000b\000l\000e\000\040\000m\000a\000t\000r\000i\000x}{subsection.1.1}% 15
\BOOKMARK [2][-]{subsection.1.2}{\376\377\000L\000i\000n\000e\000a\000r\000\040\000T\000r\000a\000n\000s\000f\000o\000r\000m\000a\000t\000i\000o\000n\000s}{section.1}% 16
\BOOKMARK [3][-]{subsubsection.1.2.1}{\376\377\000L\000i\000n\000e\000a\000r\000i\000t\000y}{subsection.1.2}% 17
\BOOKMARK [3][-]{subsubsection.1.2.2}{\376\377\000I\000n\000j\000e\000c\000t\000i\000v\000e}{subsection.1.2}% 18
\BOOKMARK [3][-]{subsubsection.1.2.3}{\376\377\000S\000u\000r\000j\000e\000c\000t\000i\000v\000e}{subsection.1.2}% 19
\BOOKMARK [3][-]{subsubsection.1.2.4}{\376\377\000L\000i\000n\000e\000a\000r\000\040\000M\000a\000p}{subsection.1.2}% 20
\BOOKMARK [3][-]{subsubsection.1.2.5}{\376\377\000I\000m\000a\000g\000e\000\040\000\050\000r\000a\000n\000g\000e\000,\000\040\000c\000o\000l\000u\000m\000n\000\040\000s\000p\000a\000c\000\051}{subsection.1.2}% 21
\BOOKMARK [3][-]{subsubsection.1.2.6}{\376\377\000K\000e\000r\000n\000e\000l\000\040\000\050\000n\000u\000l\000l\000\040\000s\000p\000a\000c\000e\000\051}{subsection.1.2}% 22
