\BOOKMARK [1][-]{section.1}{\376\377\000D\000e\000f\000i\000n\000i\000t\000i\000o\000n\000s}{}% 1
\BOOKMARK [2][-]{subsection.1.1}{\376\377\000D\000O\000N\000E\000\040\000g\000r\000o\000u\000p}{section.1}% 2
\BOOKMARK [2][-]{subsection.1.2}{\376\377\000D\000O\000N\000E\000\040\000f\000i\000e\000l\000d}{section.1}% 3
\BOOKMARK [2][-]{subsection.1.3}{\376\377\000D\000O\000N\000E\000\040\000n\000o\000n\000-\000s\000i\000n\000g\000u\000l\000a\000r\000\040\000m\000a\000t\000r\000i\000c\000e\000s}{section.1}% 4
\BOOKMARK [1][-]{section.2}{\376\377\000C\000o\000n\000n\000e\000c\000t\000i\000o\000n\000s}{}% 5
\BOOKMARK [2][-]{subsection.2.1}{\376\377\000D\000O\000N\000E\000\040\000c\000o\000n\000n\000e\000c\000t\000\040\000d\000i\000r\000e\000c\000t\000\040\000s\000u\000m\000\040\000a\000n\000d\000\040\000l\000i\000n\000e\000a\000r\000\040\000i\000n\000d\000e\000p\000e\000n\000d\000e\000n\000c\000e}{section.2}% 6
\BOOKMARK [2][-]{subsection.2.2}{\376\377\000D\000O\000N\000E\000\040\000m\000a\000t\000r\000i\000c\000e\000s\000\040\000t\000o\000\040\000r\000e\000p\000r\000e\000s\000e\000n\000t\000\040\000c\000o\000m\000p\000l\000e\000x\000\040\000n\000u\000m\000b\000e\000r\000s}{section.2}% 7
\BOOKMARK [1][-]{section.3}{\376\377\000C\000o\000m\000p\000u\000t\000a\000t\000i\000o\000n}{}% 8
\BOOKMARK [2][-]{subsection.3.1}{\376\377\000D\000O\000N\000E\000\040\000F\000i\000n\000d\000\040\000t\000h\000e\000\040\000d\000e\000t\000e\000r\000m\000i\000n\000a\000n\000t\000\040\000o\000f\000\040\000m\000a\000t\000r\000i\000c\000e\000s}{section.3}% 9
\BOOKMARK [2][-]{subsection.3.2}{\376\377\000D\000O\000N\000E\000\040\000c\000o\000m\000p\000u\000t\000e\000\040\000c\000r\000o\000s\000s\000\040\000p\000r\000o\000d\000u\000c\000t}{section.3}% 10
\BOOKMARK [2][-]{subsection.3.3}{\376\377\000D\000O\000N\000E\000\040\000F\000i\000n\000d\000\040\000e\000q\000u\000a\000t\000i\000o\000n\000s\000\040\000o\000f\000\040\000l\000i\000n\000e\000s\000\040\000a\000n\000d\000\040\000p\000l\000a\000n\000e\000s\000\040\000u\000s\000i\000n\000g\000\040\000c\000r\000o\000s\000s\000\040\000p\000r\000o\000d\000u\000c\000t\000\040\000a\000n\000d\000\040\000d\000o\000t\000\040\000p\000r\000o\000d\000u\000c\000t}{section.3}% 11
\BOOKMARK [1][-]{section.4}{\376\377\000D\000e\000r\000i\000v\000a\000t\000i\000o\000n\000s}{}% 12
\BOOKMARK [2][-]{subsection.4.1}{\376\377\000D\000O\000N\000E\000\040\000p\000r\000o\000p\000e\000r\000t\000i\000e\000s\000\040\000o\000f\000\040\000t\000h\000e\000\040\000d\000e\000t\000e\000r\000m\000i\000n\000a\000n\000t}{section.4}% 13
\BOOKMARK [3][-]{subsubsection.4.1.1}{\376\377\000z\000e\000r\000o\000\040\000w\000h\000e\000n\000\040\000m\000a\000t\000r\000i\000x\000\040\000h\000a\000s\000\040\000n\000o\000\040\000i\000n\000v\000e\000r\000s\000e\000\040\000\050\000s\000i\000n\000g\000u\000l\000a\000r\000\051}{subsection.4.1}% 14
\BOOKMARK [3][-]{subsubsection.4.1.2}{\376\377\000d\000e\000t\000\040\000=\000\040\000-\0001\000\040\000f\000o\000r\000\040\000r\000o\000t\000a\000t\000i\000o\000n\000\040\000m\000a\000t\000r\000i\000c\000e\000s\000?}{subsection.4.1}% 15
\BOOKMARK [2][-]{subsection.4.2}{\376\377\000D\000O\000N\000E\000\040\000i\000n\000v\000e\000r\000s\000e\000\040\000o\000f\000\040\000a\000\040\0002\000x\0002\000\040\000m\000a\000t\000r\000i\000x}{section.4}% 16
\BOOKMARK [2][-]{subsection.4.3}{\376\377\000D\000O\000N\000E\000\040\000r\000o\000t\000a\000t\000i\000o\000n\000\040\000m\000a\000t\000r\000i\000c\000e\000s}{section.4}% 17
\BOOKMARK [1][-]{section.5}{\376\377\000r\000e\000v\000i\000e\000w\000\040\000q\000u\000i\000z\000z\000e\000s}{}% 18
\BOOKMARK [2][-]{subsection.5.1}{\376\377\000D\000O\000N\000E\000\040\000f\000i\000r\000s\000t\000\040\000q\000u\000i\000z}{section.5}% 19
\BOOKMARK [3][-]{subsubsection.5.1.1}{\376\377\000s\000e\000e\000\040\000"\000f\000i\000n\000d\000\040\000e\000q\000u\000a\000t\000i\000o\000n\000s\000\040\000o\000f\000\040\000l\000i\000n\000e\000s\000\040\000a\000n\000d\000\040\000p\000l\000a\000n\000e\000s\000\040\000u\000s\000i\000n\000g\000\040\000c\000r\000o\000s\000s\000\040\000p\000r\000o\000d\000u\000c\000t\000\040\000a\000n\000d\000\040\000d\000o\000t\000\040\000p\000r\000o\000d\000u\000c\000t\000"}{subsection.5.1}% 20
\BOOKMARK [3][-]{subsubsection.5.1.2}{\376\377\000r\000o\000t\000a\000t\000i\000o\000n\000\040\000m\000a\000t\000r\000i\000c\000e\000s}{subsection.5.1}% 21
\BOOKMARK [3][-]{subsubsection.5.1.3}{\376\377\000c\000r\000o\000s\000s\000\040\000p\000r\000o\000d\000u\000c\000t}{subsection.5.1}% 22
\BOOKMARK [2][-]{subsection.5.2}{\376\377\000D\000O\000N\000E\000\040\000m\000i\000n\000i\000\040\000t\000a\000k\000e\000\040\000h\000o\000m\000e\000\040\000q\000u\000i\000z}{section.5}% 23
\BOOKMARK [2][-]{subsection.5.3}{\376\377\000D\000O\000N\000E\000\040\000l\000i\000n\000e\000a\000r\000\040\000i\000n\000d\000e\000p\000e\000n\000d\000e\000n\000c\000e\000\040\000q\000u\000i\000z}{section.5}% 24
\BOOKMARK [2][-]{subsection.5.4}{\376\377\000D\000O\000N\000E\000\040\000q\000u\000i\000c\000k\000\040\000l\000i\000n\000e\000a\000r\000\040\000q\000u\000i\000z\000\040\000\050\000l\000i\000n\000e\000a\000r\000\040\000i\000n\000d\000e\000p\000e\000n\000d\000e\000n\000c\000e\000\040\000a\000n\000d\000\040\000b\000a\000s\000e\000s\000\051}{section.5}% 25
