\BOOKMARK [1][-]{section.1}{\376\377\000D\000O\000N\000E\000\040\000B\000r\000i\000a\000n\000\040\000P\000:\000\040\000T\000r\000a\000f\000f\000i\000c\000\040\000c\000o\000n\000t\000r\000o\000l}{}% 1
\BOOKMARK [2][-]{subsection.1.1}{\376\377\000t\000r\000a\000f\000f\000i\000c\000\040\000c\000i\000r\000c\000l\000e\000\040\000e\000x\000a\000m\000p\000l\000e}{section.1}% 2
\BOOKMARK [3][-]{subsubsection.1.1.1}{\376\377\000i\000n\000f\000o}{subsection.1.1}% 3
\BOOKMARK [3][-]{subsubsection.1.1.2}{\376\377\000c\000a\000l\000c\000u\000l\000a\000t\000i\000o\000n}{subsection.1.1}% 4
\BOOKMARK [3][-]{subsubsection.1.1.3}{\376\377\000T\000a\000k\000e\000\040\000R\000R\000E\000F\000\040\000\050\000i\000t\000\040\000h\000a\000p\000p\000e\000n\000s\000\040\000t\000o\000\040\000n\000o\000t\000\040\000b\000e\000\040\000t\000h\000e\000\040\000i\000d\000e\000n\000t\000i\000t\000y\000,\000\040\000w\000h\000i\000c\000h\000\040\000m\000e\000a\000n\000s\000\040\000t\000h\000e\000r\000e\000\040\000i\000s\000n\000'\000t\000\040\000e\000n\000o\000u\000g\000h\000\040\000i\000n\000f\000o\000r\000m\000a\000t\000i\000o\000n\000\040\000t\000o\000\051}{subsection.1.1}% 5
\BOOKMARK [2][-]{subsection.1.2}{\376\377\000B\000l\000o\000c\000k\000\040\000e\000x\000a\000m\000p\000l\000e}{section.1}% 6
\BOOKMARK [3][-]{subsubsection.1.2.1}{\376\377\000g\000o\000a\000l}{subsection.1.2}% 7
\BOOKMARK [2][-]{subsection.1.3}{\376\377\000g\000e\000n\000e\000r\000a\000l\000\040\000s\000t\000e\000p\000s}{section.1}% 8
\BOOKMARK [3][-]{subsubsection.1.3.1}{\376\377\000a\000s\000s\000i\000g\000n\000\040\000v\000a\000r\000i\000a\000b\000l\000e\000s}{subsection.1.3}% 9
\BOOKMARK [3][-]{subsubsection.1.3.2}{\376\377\000c\000r\000e\000a\000t\000e\000\040\000s\000y\000s\000t\000e\000m\000\040\000o\000f\000\040\000e\000q\000u\000a\000t\000i\000o\000n\000s}{subsection.1.3}% 10
\BOOKMARK [3][-]{subsubsection.1.3.3}{\376\377\000c\000r\000e\000a\000t\000e\000\040\000m\000a\000t\000r\000i\000x}{subsection.1.3}% 11
\BOOKMARK [3][-]{subsubsection.1.3.4}{\376\377\000u\000s\000e\000\040\000g\000a\000u\000s\000s\000i\000a\000n\000\040\000e\000l\000i\000m\000i\000n\000a\000t\000i\000o\000n\000\040\000t\000o\000\040\000g\000a\000i\000n\000\040\000i\000n\000f\000o\000r\000m\000a\000t\000i\000o\000n}{subsection.1.3}% 12
\BOOKMARK [2][-]{subsection.1.4}{\376\377\000w\000i\000t\000h\000\040\000t\000h\000i\000s\000\040\000i\000n\000f\000o\000r\000m\000a\000t\000i\000o\000n\000\040\000y\000o\000u\000\040\000c\000a\000n}{section.1}% 13
\BOOKMARK [3][-]{subsubsection.1.4.1}{\376\377\000a\000d\000j\000u\000s\000t\000\040\000t\000r\000a\000f\000f\000i\000c\000\040\000l\000i\000g\000h\000t\000\040\000t\000i\000m\000i\000n\000g\000s}{subsection.1.4}% 14
\BOOKMARK [2][-]{subsection.1.5}{\376\377\000m\000o\000r\000e\000\040\000c\000o\000m\000p\000l\000e\000x\000i\000t\000y}{section.1}% 15
\BOOKMARK [3][-]{subsubsection.1.5.1}{\376\377\000s\000o\000m\000e\000\040\000e\000x\000a\000m\000p\000l\000e\000s\000\040\000w\000i\000t\000h\000\040\0001\0002\0000\000\040\000v\000a\000r\000i\000a\000b\000l\000e\000s\000\040\000o\000r\000\040\000m\000o\000r\000e}{subsection.1.5}% 16
\BOOKMARK [3][-]{subsubsection.1.5.2}{\376\377\000d\000o\000n\000e\000\040\000b\000y\000\040\000c\000o\000m\000p\000u\000t\000e\000r\000s}{subsection.1.5}% 17
\BOOKMARK [3][-]{subsubsection.1.5.3}{\376\377\000j\000a\000m\000i\000t\000o\000n\000\040\000l\000i\000n\000e\000s\000/\000e\000n\000v\000e\000l\000o\000p\000e\000s\000\040\000\050\000p\000h\000a\000n\000t\000o\000m\000\040\000t\000r\000a\000f\000f\000i\000c\000\040\000s\000l\000o\000w\000d\000o\000w\000n\000s\000\051}{subsection.1.5}% 18
\BOOKMARK [2][-]{subsection.1.6}{\376\377\000l\000i\000m\000i\000t\000a\000t\000i\000o\000n\000s}{section.1}% 19
\BOOKMARK [3][-]{subsubsection.1.6.1}{\376\377\000s\000p\000i\000k\000e\000s\000\040\000o\000f\000\040\000t\000r\000a\000f\000f\000i\000c\000\040\000v\000a\000r\000y\000\040\000b\000a\000s\000e\000d\000\040\000o\000n\000\040\000t\000i\000m\000e\000\040\000o\000f\000\040\000d\000a\000y\000\040\000o\000r\000\040\000y\000e\000a\000r}{subsection.1.6}% 20
\BOOKMARK [3][-]{subsubsection.1.6.2}{\376\377\000r\000o\000u\000t\000e\000s\000\040\000a\000r\000e\000\040\000n\000o\000t\000\040\000c\000o\000n\000s\000i\000d\000e\000r\000e\000d}{subsection.1.6}% 21
\BOOKMARK [3][-]{subsubsection.1.6.3}{\376\377\000s\000i\000z\000e\000\040\000/\000\040\000t\000y\000p\000e\000\040\000o\000f\000\040\000v\000e\000h\000i\000c\000l\000e}{subsection.1.6}% 22
\BOOKMARK [3][-]{subsubsection.1.6.4}{\376\377\000s\000p\000e\000e\000d\000\040\000o\000f\000\040\000v\000e\000h\000i\000c\000l\000e\000s}{subsection.1.6}% 23
\BOOKMARK [3][-]{subsubsection.1.6.5}{\376\377\000l\000i\000n\000e\000\040\000o\000f\000\040\000s\000i\000g\000h\000t}{subsection.1.6}% 24
