\BOOKMARK [1][-]{section.1}{\376\377\000P\000r\000e\000p\000a\000r\000a\000t\000i\000o\000n}{}% 1
\BOOKMARK [2][-]{subsection.1.1}{\376\377\000P\000a\000c\000k\000a\000g\000e\000s}{section.1}% 2
\BOOKMARK [2][-]{subsection.1.2}{\376\377\000S\000p\000e\000e\000d}{section.1}% 3
\BOOKMARK [2][-]{subsection.1.3}{\376\377\000U\000n\000d\000o\000i\000n\000g\000\040\000D\000e\000f\000a\000u\000l\000t\000s}{section.1}% 4
\BOOKMARK [1][-]{section.2}{\376\377\000S\000y\000s\000t\000e\000m}{}% 5
\BOOKMARK [2][-]{subsection.2.1}{\376\377\000S\000y\000s\000t\000e\000m\000\040\000P\000a\000c\000k\000a\000g\000e\000s}{section.2}% 6
\BOOKMARK [2][-]{subsection.2.2}{\376\377\000E\000x\000t\000e\000r\000n\000a\000l\000\040\000P\000r\000o\000g\000r\000a\000m\000s}{section.2}% 7
\BOOKMARK [2][-]{subsection.2.3}{\376\377\000D\000e\000s\000k\000t\000o\000p}{section.2}% 8
\BOOKMARK [1][-]{section.3}{\376\377\000I\000n\000t\000e\000r\000f\000a\000c\000e}{}% 9
\BOOKMARK [2][-]{subsection.3.1}{\376\377\000T\000h\000e\000m\000i\000n\000g}{section.3}% 10
\BOOKMARK [3][-]{subsubsection.3.1.1}{\376\377\000T\000r\000a\000n\000s\000l\000u\000c\000e\000n\000t}{subsection.3.1}% 11
\BOOKMARK [2][-]{subsection.3.2}{\376\377\000D\000a\000s\000h\000b\000o\000a\000r\000d}{section.3}% 12
\BOOKMARK [2][-]{subsection.3.3}{\376\377\000M\000i\000n\000i\000b\000u\000f\000f\000e\000r\000\040\000C\000o\000m\000p\000l\000e\000t\000i\000o\000n}{section.3}% 13
\BOOKMARK [2][-]{subsection.3.4}{\376\377\000H\000e\000l\000p}{section.3}% 14
\BOOKMARK [1][-]{section.4}{\376\377\000M\000o\000v\000e\000m\000e\000n\000t}{}% 15
\BOOKMARK [2][-]{subsection.4.1}{\376\377\000H\000y\000d\000r\000a}{section.4}% 16
\BOOKMARK [2][-]{subsection.4.2}{\376\377\000P\000e\000r\000s\000p\000e\000c\000t\000i\000v\000e\000s}{section.4}% 17
\BOOKMARK [1][-]{section.5}{\376\377\000T\000O\000D\000O\000\040\000O\000r\000g}{}% 18
\BOOKMARK [2][-]{subsection.5.1}{\376\377\000A\000e\000s\000t\000h\000e\000t\000i\000c\000s}{section.5}% 19
\BOOKMARK [3][-]{subsubsection.5.1.1}{\376\377\000I\000c\000o\000n\000s}{subsection.5.1}% 20
\BOOKMARK [3][-]{subsubsection.5.1.2}{\376\377\000P\000r\000o\000p\000e\000r\000t\000y\000\040\000D\000r\000a\000w\000e\000r\000s}{subsection.5.1}% 21
\BOOKMARK [2][-]{subsection.5.2}{\376\377\000E\000x\000p\000o\000r\000t}{section.5}% 22
\BOOKMARK [1][-]{section.6}{\376\377\000N\000o\000t\000e\000s}{}% 23
\BOOKMARK [2][-]{subsection.6.1}{\376\377\000T\000a\000p\000r\000o\000o\000t\000-\000s\000p\000e\000c\000i\000f\000i\000c}{section.6}% 24
\BOOKMARK [1][-]{section.7}{\376\377\000P\000r\000o\000d\000u\000c\000t\000i\000v\000i\000t\000y}{}% 25
\BOOKMARK [2][-]{subsection.7.1}{\376\377\000A\000g\000e\000n\000d\000a}{section.7}% 26
\BOOKMARK [2][-]{subsection.7.2}{\376\377\000P\000r\000o\000j\000e\000c\000t\000s}{section.7}% 27
\BOOKMARK [1][-]{section.8}{\376\377\000D\000e\000v\000e\000l\000o\000p\000m\000e\000n\000t}{}% 28
\BOOKMARK [2][-]{subsection.8.1}{\376\377\000T\000e\000r\000m\000i\000n\000a\000l}{section.8}% 29
\BOOKMARK [2][-]{subsection.8.2}{\376\377\000L\000S\000P}{section.8}% 30
\BOOKMARK [2][-]{subsection.8.3}{\376\377\000C\000o\000m\000p\000a\000n\000y}{section.8}% 31
\BOOKMARK [2][-]{subsection.8.4}{\376\377\000C\000o\000m\000p\000i\000l\000a\000t\000i\000o\000n}{section.8}% 32
\BOOKMARK [2][-]{subsection.8.5}{\376\377\000D\000o\000c\000u\000m\000e\000n\000t\000a\000t\000i\000o\000n}{section.8}% 33
\BOOKMARK [2][-]{subsection.8.6}{\376\377\000T\000O\000D\000O\000\040\000P\000r\000o\000j\000e\000c\000t\000i\000l\000e\000?}{section.8}% 34
\BOOKMARK [2][-]{subsection.8.7}{\376\377\000L\000i\000n\000t\000i\000n\000g}{section.8}% 35
\BOOKMARK [2][-]{subsection.8.8}{\376\377\000S\000n\000i\000p\000p\000e\000t\000s}{section.8}% 36
\BOOKMARK [2][-]{subsection.8.9}{\376\377\000G\000i\000t}{section.8}% 37
\BOOKMARK [2][-]{subsection.8.10}{\376\377\000L\000a\000n\000g\000u\000a\000g\000e\000-\000S\000p\000e\000c\000i\000f\000i\000c}{section.8}% 38
\BOOKMARK [3][-]{subsubsection.8.10.1}{\376\377\000T\000O\000D\000O\000\040\000C\000+\000+}{subsection.8.10}% 39
\BOOKMARK [3][-]{subsubsection.8.10.2}{\376\377\000T\000O\000D\000O\000\040\000P\000y\000t\000h\000o\000n}{subsection.8.10}% 40
\BOOKMARK [2][-]{subsection.8.11}{\376\377\000T\000O\000D\000O\000\040\000C\000o\000d\000e\000\040\000A\000e\000s\000t\000h\000e\000t\000i\000c\000s}{section.8}% 41
\BOOKMARK [1][-]{section.9}{\376\377\000T\000O\000D\000O\000\040\000W\000r\000i\000t\000i\000n\000g}{}% 42
\BOOKMARK [1][-]{section.10}{\376\377\000T\000O\000D\000O\000\040\000V\000a\000n\000i\000l\000l\000a\000+\000+}{}% 43
\BOOKMARK [1][-]{section.11}{\376\377\000F\000u\000n}{}% 44
\BOOKMARK [2][-]{subsection.11.1}{\376\377\000E\000x\000i\000t\000\040\000M\000e\000s\000s\000a\000g\000e}{section.11}% 45
\BOOKMARK [2][-]{subsection.11.2}{\376\377\000S\000p\000o\000t\000i\000f\000y}{section.11}% 46
\BOOKMARK [1][-]{section.12}{\376\377\000S\000c\000r\000a\000t\000c\000h}{}% 47
\BOOKMARK [1][-]{section.13}{\376\377\000T\000h\000e\000\040\000E\000n\000d\000.}{}% 48
