\BOOKMARK [1][-]{section.1}{\376\377\000C\000h\000a\000p\000t\000e\000r\000\040\000O\000n\000e}{}% 1
\BOOKMARK [1][-]{section.2}{\376\377\000C\000h\000a\000p\000t\000e\000r\000\040\0002}{}% 2
\BOOKMARK [2][-]{subsection.2.1}{\376\377\000U\000n\000i\000t\000s}{section.2}% 3
\BOOKMARK [2][-]{subsection.2.2}{\376\377\000L\000e\000n\000g\000t\000h}{section.2}% 4
\BOOKMARK [2][-]{subsection.2.3}{\376\377\000S\000p\000e\000e\000d}{section.2}% 5
\BOOKMARK [2][-]{subsection.2.4}{\376\377\000T\000i\000m\000e}{section.2}% 6
\BOOKMARK [2][-]{subsection.2.5}{\376\377\000M\000a\000s\000s}{section.2}% 7
\BOOKMARK [2][-]{subsection.2.6}{\376\377\000E\000n\000e\000r\000g\000y}{section.2}% 8
\BOOKMARK [2][-]{subsection.2.7}{\376\377\000S\000p\000i\000n}{section.2}% 9
\BOOKMARK [2][-]{subsection.2.8}{\376\377\000N\000a\000t\000u\000r\000a\000l\000\040\000C\000o\000n\000s\000t\000a\000n\000t\000s}{section.2}% 10
\BOOKMARK [1][-]{section.3}{\376\377\000C\000h\000a\000p\000t\000e\000r\000\040\000I\000I\000I}{}% 11
\BOOKMARK [2][-]{subsection.3.1}{\376\377\000L\000e\000p\000t\000o\000n\000s}{section.3}% 12
\BOOKMARK [3][-]{subsubsection.3.1.1}{\376\377\000E\000l\000e\000c\000t\000r\000o\000n\000s}{subsection.3.1}% 13
\BOOKMARK [3][-]{subsubsection.3.1.2}{\376\377\000M\000u\000o\000n\000s}{subsection.3.1}% 14
\BOOKMARK [3][-]{subsubsection.3.1.3}{\376\377\000T\000a\000u\000s}{subsection.3.1}% 15
\BOOKMARK [1][-]{section.4}{\376\377\000C\000h\000a\000p\000t\000e\000r\000\040\0000\000b\0001\0000\0000}{}% 16
\BOOKMARK [2][-]{subsection.4.1}{\376\377\000Q\000u\000a\000r\000k\000s}{section.4}% 17
\BOOKMARK [2][-]{subsection.4.2}{\376\377\000C\000o\000m\000p\000o\000s\000i\000t\000e\000\040\000P\000a\000r\000t\000i\000c\000l\000e\000s}{section.4}% 18
\BOOKMARK [3][-]{subsubsection.4.2.1}{\376\377\000B\000a\000r\000y\000o\000n\000s}{subsection.4.2}% 19
\BOOKMARK [3][-]{subsubsection.4.2.2}{\376\377\000M\000e\000s\000o\000n\000s}{subsection.4.2}% 20
\BOOKMARK [2][-]{subsection.4.3}{\376\377\000F\000o\000r\000c\000e\000\040\000C\000a\000r\000r\000i\000e\000r\000s}{section.4}% 21
\BOOKMARK [3][-]{subsubsection.4.3.1}{\376\377\000G\000r\000a\000v\000i\000t\000a\000t\000i\000o\000n\000a\000l\000\040\000I\000n\000t\000e\000r\000a\000c\000t\000i\000o\000n}{subsection.4.3}% 22
\BOOKMARK [3][-]{subsubsection.4.3.2}{\376\377\000W\000e\000a\000k\000\040\000I\000n\000t\000e\000r\000a\000c\000t\000i\000o\000n}{subsection.4.3}% 23
\BOOKMARK [3][-]{subsubsection.4.3.3}{\376\377\000E\000l\000e\000c\000t\000r\000o\000m\000a\000g\000n\000e\000t\000i\000c\000\040\000I\000n\000t\000e\000r\000a\000c\000t\000i\000o\000n}{subsection.4.3}% 24
\BOOKMARK [3][-]{subsubsection.4.3.4}{\376\377\000S\000t\000r\000o\000n\000g\000\040\000I\000n\000t\000e\000r\000a\000c\000t\000i\000o\000n}{subsection.4.3}% 25
\BOOKMARK [2][-]{subsection.4.4}{\376\377\000F\000e\000y\000n\000m\000a\000n\000\040\000D\000i\000a\000g\000r\000a\000m\000s}{section.4}% 26
\BOOKMARK [1][-]{section.5}{\376\377\000C\000h\000a\000p\000t\000e\000r\000\040\050\037}{}% 27
\BOOKMARK [1][-]{section.6}{\376\377\000C\000h\000a\000p\000t\000e\000r\000\040\330\064\337\167\330\064\337\166}{}% 28
