\BOOKMARK [1][-]{section.1}{\376\377\000P\000e\000r\000s\000o\000n\000s\000\040\000o\000f\000\040\000I\000n\000t\000e\000r\000e\000s\000t}{}% 1
\BOOKMARK [2][-]{subsection.1.1}{\376\377\000P\000r\000o\000t\000a\000g\000o\000n\000i\000s\000t\000s}{section.1}% 2
\BOOKMARK [2][-]{subsection.1.2}{\376\377\000A\000n\000t\000a\000g\000o\000n\000i\000s\000t\000s}{section.1}% 3
\BOOKMARK [1][-]{section.2}{\376\377\000C\000l\000a\000s\000s\000i\000c\000a\000l\000\040\000C\000r\000y\000p\000t\000o\000g\000r\000a\000p\000h\000y}{}% 4
\BOOKMARK [2][-]{subsection.2.1}{\376\377\000C\000a\000e\000s\000a\000r\000\040\000C\000i\000p\000h\000e\000r}{section.2}% 5
\BOOKMARK [3][-]{subsubsection.2.1.1}{\376\377\000A\000l\000g\000o\000r\000i\000t\000h\000m}{subsection.2.1}% 6
\BOOKMARK [3][-]{subsubsection.2.1.2}{\376\377\000C\000o\000l\000l\000i\000s\000i\000o\000n\000s}{subsection.2.1}% 7
\BOOKMARK [3][-]{subsubsection.2.1.3}{\376\377\000E\000x\000a\000m\000p\000l\000e}{subsection.2.1}% 8
\BOOKMARK [2][-]{subsection.2.2}{\376\377\000S\000u\000b\000s\000t\000i\000t\000u\000t\000i\000o\000n\000\040\000C\000i\000p\000h\000e\000r}{section.2}% 9
\BOOKMARK [3][-]{subsubsection.2.2.1}{\376\377\000A\000l\000g\000o\000r\000i\000t\000h\000m}{subsection.2.2}% 10
\BOOKMARK [3][-]{subsubsection.2.2.2}{\376\377\000H\000e\000l\000p\000i\000n\000g\000\040\000E\000v\000e}{subsection.2.2}% 11
\BOOKMARK [2][-]{subsection.2.3}{\376\377\000V\000i\000g\000e\000n\000i\000e\000r\000e\000\040\000C\000i\000p\000h\000e\000r}{section.2}% 12
\BOOKMARK [3][-]{subsubsection.2.3.1}{\376\377\000A\000l\000g\000o\000r\000i\000t\000h\000u\000m}{subsection.2.3}% 13
\BOOKMARK [3][-]{subsubsection.2.3.2}{\376\377\000A\000l\000t\000e\000r\000n\000a\000t\000i\000v\000e}{subsection.2.3}% 14
\BOOKMARK [3][-]{subsubsection.2.3.3}{\376\377\000H\000e\000l\000p\000i\000n\000g\000\040\000E\000v\000e}{subsection.2.3}% 15
\BOOKMARK [1][-]{section.3}{\376\377\000M\000o\000d\000e\000r\000n\000\040\000C\000r\000y\000p\000t\000o\000g\000r\000a\000p\000h\000y}{}% 16
\BOOKMARK [2][-]{subsection.3.1}{\376\377\000A\000\040\000N\000u\000m\000b\000e\000r\000\040\000T\000h\000e\000o\000r\000y\000\040\000D\000e\000t\000o\000u\000r}{section.3}% 17
\BOOKMARK [3][-]{subsubsection.3.1.1}{\376\377\000M\000o\000d\000u\000l\000a\000r\000\040\000A\000r\000i\000t\000h\000m\000e\000t\000i\000c}{subsection.3.1}% 18
\BOOKMARK [2][-]{subsection.3.2}{\376\377\000D\000i\000f\000f\000e\000-\000H\000e\000l\000m\000a\000n}{section.3}% 19
\BOOKMARK [3][-]{subsubsection.3.2.1}{\376\377\000D\000i\000s\000c\000r\000e\000t\000e\000\040\000L\000o\000g\000a\000r\000i\000t\000h\000m\000\040\000P\000r\000o\000b\000l\000e\000m}{subsection.3.2}% 20
\BOOKMARK [3][-]{subsubsection.3.2.2}{\376\377\000E\000l\000\040\000G\000a\000m\000a\000l\000\040\000C\000r\000y\000p\000t\000o}{subsection.3.2}% 21
\BOOKMARK [2][-]{subsection.3.3}{\376\377\000R\000S\000A}{section.3}% 22
\BOOKMARK [3][-]{subsubsection.3.3.1}{\376\377\000S\000t\000u\000p\000i\000d\000\040\000U\000s\000e\000s\000\040\000o\000f\000\040\000R\000S\000A}{subsection.3.3}% 23
\BOOKMARK [3][-]{subsubsection.3.3.2}{\376\377\000F\000i\000x\000i\000n\000g\000\040\000S\000t\000u\000p\000i\000d\000\040\000R\000S\000A\000:\000\040\000P\000a\000d\000d\000i\000n\000g}{subsection.3.3}% 24
