\BOOKMARK [1][-]{section.1}{\376\377\000C\000h\000a\000p\000t\000e\000r\000\040\0000\000:\000\040\000A\000l\000g\000e\000b\000r\000a\000i\000c\000\040\000T\000y\000p\000e\000\040\000T\000h\000e\000o\000r\000y}{}% 1
\BOOKMARK [2][-]{subsection.1.1}{\376\377\000S\000e\000m\000i\000-\000G\000r\000o\000u\000p\000s}{section.1}% 2
\BOOKMARK [2][-]{subsection.1.2}{\376\377\000S\000e\000m\000i\000-\000R\000i\000n\000g\000s}{section.1}% 3
\BOOKMARK [2][-]{subsection.1.3}{\376\377\000T\000y\000p\000e\000s}{section.1}% 4
\BOOKMARK [2][-]{subsection.1.4}{\376\377\000T\000u\000p\000l\000e\000s\000\040\000a\000r\000e\000\040\000M\000u\000l\000t\000i\000p\000l\000y}{section.1}% 5
\BOOKMARK [3][-]{subsubsection.1.4.1}{\376\377\000T\000h\000e\000\040\000"\000T\000u\000p\000l\000e\000"\000\040\000O\000p\000e\000r\000a\000t\000o\000r}{subsection.1.4}% 6
\BOOKMARK [3][-]{subsubsection.1.4.2}{\376\377\000P\000r\000o\000v\000i\000n\000g\000\040\000P\000r\000o\000p\000e\000r\000t\000i\000e\000s}{subsection.1.4}% 7
\BOOKMARK [2][-]{subsection.1.5}{\376\377\000D\000a\000t\000a\000t\000y\000p\000e\000s\000\040\000a\000r\000e\000\040\000A\000d\000d}{section.1}% 8
\BOOKMARK [3][-]{subsubsection.1.5.1}{\376\377\000T\000h\000e\000\040\000"\000A\000d\000d\000"\000\040\000O\000p\000e\000r\000a\000t\000o\000r}{subsection.1.5}% 9
\BOOKMARK [3][-]{subsubsection.1.5.2}{\376\377\000P\000r\000o\000v\000i\000n\000g\000\040\000P\000r\000o\000p\000e\000r\000t\000i\000e\000s}{subsection.1.5}% 10
\BOOKMARK [2][-]{subsection.1.6}{\376\377\000P\000r\000o\000v\000i\000n\000g\000\040\000D\000i\000s\000t\000r\000i\000b\000u\000t\000i\000o\000n}{section.1}% 11
\BOOKMARK [2][-]{subsection.1.7}{\376\377\000F\000u\000n\000c\000t\000i\000o\000n\000s\000\040\000a\000s\000\040\000a\000\040\000T\000y\000p\000e}{section.1}% 12
\BOOKMARK [2][-]{subsection.1.8}{\376\377\000C\000u\000r\000r\000y\000i\000n\000g\000\040\000a\000n\000d\000\040\000U\000n\000c\000u\000r\000r\000i\000n\000g\000\040\000f\000o\000r\000m\000\040\000a\000n\000\040\000I\000s\000o\000m\000o\000r\000p\000h\000i\000s\000m}{section.1}% 13
\BOOKMARK [2][-]{subsection.1.9}{\376\377\000L\000i\000s\000t\000s}{section.1}% 14
\BOOKMARK [2][-]{subsection.1.10}{\376\377\000A\000n\000d\000\040\000n\000o\000w\000,\000\040\000C\000a\000l\000c\000u\000l\000u\000s\000.}{section.1}% 15
\BOOKMARK [2][-]{subsection.1.11}{\376\377\000F\000o\000r\000m\000a\000l\000i\000z\000i\000n\000g\000\040\000a\000\040\000D\000e\000r\000i\000v\000a\000t\000i\000v\000e\000s}{section.1}% 16
\BOOKMARK [3][-]{subsubsection.1.11.1}{\376\377\000S\000t\000a\000t\000e\000m\000e\000n\000t\000s\000\040\000f\000r\000o\000m\000\040\000t\000h\000e\000\040\000u\000t\000t\000e\000r\000l\000y\000\040\000d\000e\000r\000a\000n\000g\000e\000d}{subsection.1.11}% 17
\BOOKMARK [3][-]{subsubsection.1.11.2}{\376\377\000S\000o\000\040\000t\000h\000i\000s\000\040\000i\000s\000\040\000a\000\040\000d\000e\000r\000i\000v\000a\000t\000i\000v\000e}{subsection.1.11}% 18
\BOOKMARK [2][-]{subsection.1.12}{\376\377\000R\000e\000v\000i\000s\000i\000t\000i\000n\000g\000\040\000L\000i\000s\000t\000s\000\040\000w\000i\000t\000h\000\040\000O\000n\000e\000-\000H\000o\000l\000e\000\040\000C\000o\000n\000t\000e\000x\000t\000\040\000o\000n\000\040\000C\000o\000n\000t\000e\000x\000t}{section.1}% 19
\BOOKMARK [2][-]{subsection.1.13}{\376\377\000M\000o\000r\000e\000\040\000w\000i\000t\000h\000\040\000O\000n\000e\000-\000H\000o\000l\000e\000\040\000C\000o\000n\000t\000e\000x\000t\000s}{section.1}% 20
\BOOKMARK [1][-]{section.2}{\376\377\000C\000h\000a\000p\000t\000e\000r\000\040\0001\000:\000\040\000C\000h\000u\000r\000c\000h\000'\000s\000\040\000L\000a\000m\000b\000d\000a\000\040\000C\000a\000l\000c\000u\000l\000u\000s}{}% 21
\BOOKMARK [2][-]{subsection.2.1}{\376\377\000E\000x\000p\000r\000e\000s\000s\000i\000o\000n\000s}{section.2}% 22
\BOOKMARK [2][-]{subsection.2.2}{\376\377\000B\000a\000s\000i\000c\000\040\000F\000u\000n\000c\000t\000i\000o\000n\000s}{section.2}% 23
\BOOKMARK [2][-]{subsection.2.3}{\376\377\000B\000o\000o\000l\000e\000a\000n\000s}{section.2}% 24
\BOOKMARK [2][-]{subsection.2.4}{\376\377\000N\000u\000m\000b\000e\000r\000s}{section.2}% 25
\BOOKMARK [2][-]{subsection.2.5}{\376\377\000N\000u\000m\000e\000r\000i\000c\000a\000l\000\040\000O\000p\000e\000r\000a\000t\000o\000r\000s}{section.2}% 26
\BOOKMARK [2][-]{subsection.2.6}{\376\377\000Y\000-\000C\000o\000m\000b\000i\000n\000a\000t\000o\000r\000\040\000a\000n\000d\000\040\000R\000e\000c\000u\000r\000s\000i\000o\000n}{section.2}% 27
