\BOOKMARK [1][-]{section.1}{\376\377\000P\000r\000e\000l\000i\000m\000i\000n\000a\000r\000y\000\040\000R\000e\000s\000e\000a\000r\000c\000h}{}% 1
\BOOKMARK [2][-]{subsection.1.1}{\376\377\000S\000o\000u\000r\000c\000e\000s}{section.1}% 2
\BOOKMARK [1][-]{section.2}{\376\377\000N\000o\000t\000e\000s}{}% 3
\BOOKMARK [2][-]{subsection.2.1}{\376\377\000T\000a\000r\000g\000e\000t\000\040\000P\000r\000o\000c\000e\000s\000s\000e\000s}{section.2}% 4
\BOOKMARK [3][-]{subsubsection.2.1.1}{\376\377\000E\000n\000z\000y\000m\000e\000\040\000c\000a\000t\000a\000l\000y\000s\000i\000s}{subsection.2.1}% 5
\BOOKMARK [3][-]{subsubsection.2.1.2}{\376\377\000P\000r\000o\000t\000e\000i\000n\000-\000l\000i\000g\000a\000n\000d\000\040\000b\000i\000n\000d\000i\000n\000g}{subsection.2.1}% 6
\BOOKMARK [3][-]{subsubsection.2.1.3}{\376\377\000s\000i\000g\000n\000a\000l\000\040\000t\000r\000a\000n\000s\000d\000u\000c\000t\000i\000o\000n}{subsection.2.1}% 7
\BOOKMARK [3][-]{subsubsection.2.1.4}{\376\377\000a\000l\000l\000o\000s\000t\000e\000r\000i\000c\000\040\000r\000e\000g\000u\000l\000a\000t\000i\000o\000n}{subsection.2.1}% 8
\BOOKMARK [2][-]{subsection.2.2}{\376\377\000F\000o\000l\000d\000i\000n\000g\000\040\000S\000i\000m\000u\000l\000a\000t\000i\000o\000n\000\040\000M\000e\000t\000h\000o\000d\000s}{section.2}% 9
\BOOKMARK [3][-]{subsubsection.2.2.1}{\376\377\000a\000l\000l\000-\000a\000t\000o\000m\000\040\000m\000o\000l\000e\000c\000u\000l\000a\000r\000\040\000d\000y\000n\000a\000m\000i\000c\000s\000\040\000\050\000M\000D\000\051}{subsection.2.2}% 10
\BOOKMARK [3][-]{subsubsection.2.2.2}{\376\377\000A\000c\000c\000e\000l\000e\000r\000a\000t\000e\000d\000\040\000m\000o\000l\000e\000c\000u\000l\000a\000r\000\040\000d\000y\000n\000a\000m\000i\000c\000s\000\040\000\050\000A\000M\000D\000\051}{subsection.2.2}% 11
\BOOKMARK [2][-]{subsection.2.3}{\376\377\000V\000o\000l\000t\000a\000g\000e\000\040\000g\000a\000t\000e\000d\000\040\000i\000o\000n\000\040\000c\000h\000a\000n\000n\000e\000l\000s}{section.2}% 12
\BOOKMARK [3][-]{subsubsection.2.3.1}{\376\377\000o\000v\000e\000r\000v\000i\000e\000w}{subsection.2.3}% 13
\BOOKMARK [3][-]{subsubsection.2.3.2}{\376\377\000m\000e\000c\000h\000a\000n\000i\000c\000a\000l\000\040\000f\000u\000n\000c\000t\000i\000o\000n}{subsection.2.3}% 14
\BOOKMARK [3][-]{subsubsection.2.3.3}{\376\377\000r\000e\000l\000a\000t\000e\000d\000\040\000c\000o\000m\000p\000o\000n\000e\000n\000t\000s}{subsection.2.3}% 15
\BOOKMARK [3][-]{subsubsection.2.3.4}{\376\377\000s\000o\000u\000r\000c\000e\000s\000s\000o\000u\000r\000c\000e}{subsection.2.3}% 16
\BOOKMARK [1][-]{section.3}{\376\377\000M\000e\000e\000t\000i\000n\000g\000s}{}% 17
\BOOKMARK [2][-]{subsection.3.1}{\376\377\0001\0002\000\040\000o\000c\000t\000\040\0002\0000\0002\0000}{section.3}% 18
\BOOKMARK [3][-]{subsubsection.3.1.1}{\376\377\000p\000r\000o\000t\000i\000e\000n\000\040\000s\000y\000n\000t\000h\000a\000s\000e}{subsection.3.1}% 19
\BOOKMARK [3][-]{subsubsection.3.1.2}{\376\377\000n\000e\000u\000r\000o\000t\000r\000a\000n\000s\000m\000i\000t\000t\000e\000r\000s}{subsection.3.1}% 20
\BOOKMARK [3][-]{subsubsection.3.1.3}{\376\377\000V\000o\000l\000t\000a\000g\000e\000\040\000D\000r\000i\000v\000e\000n\000\040\000T\000h\000i\000n\000g\000s}{subsection.3.1}% 21
\BOOKMARK [3][-]{subsubsection.3.1.4}{\376\377\000C\000a\000s\000e\000\040\000s\000t\000u\000d\000y}{subsection.3.1}% 22
\BOOKMARK [3][-]{subsubsection.3.1.5}{\376\377\000p\000r\000i\000o\000n\000s}{subsection.3.1}% 23
\BOOKMARK [2][-]{subsection.3.2}{\376\377\0002\0009\000\040\000O\000c\000t\000\040\0002\0000\0002\0000}{section.3}% 24
\BOOKMARK [2][-]{subsection.3.3}{\376\377\0000\0003\000\040\000n\000o\000v\000\040\0002\0000\0002\0000}{section.3}% 25
\BOOKMARK [3][-]{subsubsection.3.3.1}{\376\377\000a\000p\000p\000a\000r\000e\000n\000t\000l\000y\000\040\000I\000\040\000c\000a\000n\000\040\000j\000u\000s\000t\000\040\000t\000u\000r\000n\000\040\000i\000n\000\040\000t\000h\000i\000s\000\040\000n\000o\000t\000e\000s\000\040\000d\000o\000c\000u\000m\000e\000n\000t\000,\000\040\000a\000n\000d\000\040\000t\000h\000e\000\040\000d\000e\000t\000a\000i\000l\000\040\000i\000s\000\040\000g\000o\000o\000d\000\040\000e\000n\000o\000u\000g\000h}{subsection.3.3}% 26
\BOOKMARK [1][-]{section.4}{\376\377\000P\000o\000s\000t\000e\000r\000\040\000P\000l\000a\000n\000n\000n\000i\000n\000g}{}% 27
\BOOKMARK [2][-]{subsection.4.1}{\376\377\000n\000e\000r\000v\000e\000\040\000c\000e\000l\000l\000,\000\040\000a\000c\000t\000i\000o\000n\000\040\000p\000o\000t\000e\000n\000t\000i\000a\000l\000,\000\040\000d\000e\000p\000o\000l\000a\000r\000i\000z\000a\000t\000i\000o\000n}{section.4}% 28
\BOOKMARK [3][-]{subsubsection.4.1.1}{\376\377\000r\000e\000s\000o\000u\000r\000c\000e\000s}{subsection.4.1}% 29
\BOOKMARK [3][-]{subsubsection.4.1.2}{\376\377\000m\000e\000m\000b\000r\000a\000n\000e\000\040\000p\000o\000t\000e\000n\000t\000i\000a\000l\000\040\000g\000r\000a\000p\000h}{subsection.4.1}% 30
\BOOKMARK [2][-]{subsection.4.2}{\376\377\000s\000t\000r\000u\000c\000t\000u\000r\000e\000\040\000o\000f\000\040\000V\000G\000I\000C\000\040\000+\000\040\000c\000o\000n\000f\000o\000r\000m\000a\000t\000i\000o\000n\000a\000l\000\040\000c\000h\000a\000n\000g\000e\000\040\000w\000i\000t\000h\000i\000n\000\040\000s\000u\000b\000u\000n\000i\000t}{section.4}% 31
\BOOKMARK [3][-]{subsubsection.4.2.1}{\376\377\000r\000e\000s\000o\000u\000r\000c\000e\000s\000s\000o\000u\000r\000c\000e}{subsection.4.2}% 32
\BOOKMARK [2][-]{subsection.4.3}{\376\377\000e\000l\000e\000c\000t\000r\000o\000s\000t\000a\000t\000i\000c\000\040\000i\000n\000t\000e\000r\000a\000c\000t\000i\000o\000n\000s\000\040\000o\000f\000\040\000S\0004}{section.4}% 33
\BOOKMARK [3][-]{subsubsection.4.3.1}{\376\377\000r\000e\000s\000o\000u\000r\000c\000e\000s\000s\000o\000u\000r\000c\000e}{subsection.4.3}% 34
\BOOKMARK [2][-]{subsection.4.4}{\376\377\000b\000o\000t\000t\000o\000m\000\040\000d\000i\000a\000g\000r\000a\000m\000s}{section.4}% 35
\BOOKMARK [3][-]{subsubsection.4.4.1}{\376\377\000N\000a\000v}{subsection.4.4}% 36
