\BOOKMARK [1][-]{section.1}{\376\377\000O\000v\000e\000r\000v\000i\000e\000w\000\040\000o\000f\000\040\000H\000u\000m\000a\000n\000\040\000D\000i\000s\000e\000a\000s\000e\000s}{}% 1
\BOOKMARK [2][-]{subsection.1.1}{\376\377\000C\000o\000n\000g\000e\000n\000i\000t\000a\000l\000\040\000v\000s\000.\000\240\000A\000c\000q\000u\000i\000r\000e\000d\000\040\000d\000i\000s\000e\000a\000s\000e}{section.1}% 2
\BOOKMARK [2][-]{subsection.1.2}{\376\377\000D\000i\000s\000e\000a\000s\000e\000\040\000c\000a\000u\000s\000i\000n\000g\000\040\000a\000g\000e\000n\000t\000s}{section.1}% 3
\BOOKMARK [2][-]{subsection.1.3}{\376\377\000P\000a\000t\000h\000o\000g\000e\000n\000i\000c\000i\000t\000y\000\040\000+\000\040\000V\000i\000r\000u\000l\000e\000n\000c\000e}{section.1}% 4
\BOOKMARK [2][-]{subsection.1.4}{\376\377\000O\000v\000e\000r\000v\000i\000e\000w\000\040\000o\000f\000\040\000v\000a\000r\000i\000o\000u\000s\000\040\000d\000i\000s\000e\000a\000s\000e\000s}{section.1}% 5
\BOOKMARK [3][-]{subsubsection.1.4.1}{\376\377\000P\000r\000o\000t\000o\000z\000o\000a\000n}{subsection.1.4}% 6
\BOOKMARK [3][-]{subsubsection.1.4.2}{\376\377\000F\000u\000n\000g\000a\000l}{subsection.1.4}% 7
\BOOKMARK [3][-]{subsubsection.1.4.3}{\376\377\000B\000a\000c\000t\000e\000r\000i\000a}{subsection.1.4}% 8
\BOOKMARK [2][-]{subsection.1.5}{\376\377\000B\000a\000c\000t\000e\000r\000i\000a\000\040\000c\000a\000u\000s\000i\000n\000g\000\040\000d\000i\000s\000e\000a\000s\000e\000s}{section.1}% 9
\BOOKMARK [3][-]{subsubsection.1.5.1}{\376\377\000F\000i\000g\000h\000t\000i\000n\000g\000\040\000b\000a\000c\000t\000e\000r\000i\000a\000l\000\040\000i\000n\000f\000e\000c\000t\000i\000o\000n\000s}{subsection.1.5}% 10
\BOOKMARK [2][-]{subsection.1.6}{\376\377\000V\000i\000r\000u\000s\000e\000s\000\040\000c\000a\000u\000s\000i\000n\000g\000\040\000d\000i\000s\000e\000a\000s\000e\000s}{section.1}% 11
\BOOKMARK [3][-]{subsubsection.1.6.1}{\376\377\000S\000t\000r\000u\000c\000t\000u\000r\000e\000\040\000o\000f\000\040\000v\000i\000r\000u\000s\000e\000s}{subsection.1.6}% 12
\BOOKMARK [3][-]{subsubsection.1.6.2}{\376\377\000T\000w\000o\000\040\000t\000y\000p\000e\000s\000\040\000o\000f\000\040\000v\000i\000r\000u\000s}{subsection.1.6}% 13
\BOOKMARK [3][-]{subsubsection.1.6.3}{\376\377\000V\000i\000r\000a\000l\000\040\000L\000i\000f\000e\000\040\000C\000y\000c\000l\000e}{subsection.1.6}% 14
\BOOKMARK [3][-]{subsubsection.1.6.4}{\376\377\000V\000i\000r\000a\000l\000\040\000G\000e\000n\000e\000t\000i\000c\000\040\000S\000h\000i\000f\000t\000\040\000+\000\040\000V\000i\000r\000a\000l\000\040\000G\000e\000n\000e\000t\000i\000c\000\040\000D\000r\000i\000f\000t}{subsection.1.6}% 15
\BOOKMARK [3][-]{subsubsection.1.6.5}{\376\377\000R\000e\000t\000r\000o\000v\000i\000r\000u\000s\000e\000s\000\040\000+\000\040\000H\000o\000w\000\040\000t\000o\000\040\000S\000t\000o\000p\000\040\000T\000h\000e\000m}{subsection.1.6}% 16
\BOOKMARK [3][-]{subsubsection.1.6.6}{\376\377\000V\000i\000r\000a\000l\000\040\000G\000e\000n\000o\000m\000e\000\040\000v\000s\000\040\000M\000u\000t\000a\000t\000i\000o\000n\000\040\000R\000a\000t\000e}{subsection.1.6}% 17
\BOOKMARK [2][-]{subsection.1.7}{\376\377\000W\000h\000y\000\040\000a\000r\000e\000\040\000v\000i\000r\000u\000s\000e\000s\000\040\000b\000a\000d}{section.1}% 18
\BOOKMARK [2][-]{subsection.1.8}{\376\377\000P\000r\000e\000v\000e\000n\000t\000i\000n\000g\000\040\000V\000i\000r\000u\000s\000e\000s}{section.1}% 19
\BOOKMARK [1][-]{section.2}{\376\377\000C\000N\0001\0000\0002\0001\0002\0000\0002\0000}{}% 20
\BOOKMARK [2][-]{subsection.2.1}{\376\377\000M\000a\000k\000i\000n\000g\000\040\000P\000r\000o\000t\000e\000i\000n\000s\000,\000\040\000a\000\040\000g\000u\000i\000d\000e}{section.2}% 21
\BOOKMARK [3][-]{subsubsection.2.1.1}{\376\377\000T\000r\000a\000n\000s\000c\000r\000i\000p\000t\000i\000o\000n\000\040\000=\000>\000\040\000c\000o\000n\000v\000e\000r\000t\000i\000n\000g\000\040\000D\000N\000A\000\040\000t\000o\000\040\000m\000R\000N\000A}{subsection.2.1}% 22
\BOOKMARK [3][-]{subsubsection.2.1.2}{\376\377\000B\000e\000f\000o\000r\000e\000\040\000w\000e\000\040\000c\000o\000n\000t\000i\000n\000u\000e\000,\000\040\000t\000w\000o\000\040\000w\000o\000r\000d\000s}{subsection.2.1}% 23
\BOOKMARK [3][-]{subsubsection.2.1.3}{\376\377\000m\000R\000N\000A\000\040\000p\000r\000o\000c\000e\000s\000s\000i\000n\000g\000\040\000=\000>\000\040\000s\000p\000l\000i\000c\000i\000n\000g\000\040\000m\000R\000N\000A}{subsection.2.1}% 24
\BOOKMARK [3][-]{subsubsection.2.1.4}{\376\377\000T\000r\000a\000n\000s\000l\000a\000t\000i\000o\000n\000\040\000=\000>\000\040\000R\000N\000A\000-\000d\000i\000r\000e\000c\000t\000e\000d\000\040\000p\000o\000l\000y\000p\000e\000p\000t\000i\000d\000e\000\040\000s\000y\000n\000t\000h\000e\000s\000i\000s}{subsection.2.1}% 25
\BOOKMARK [3][-]{subsubsection.2.1.5}{\376\377\000L\000i\000s\000t\000\040\000o\000f\000\040\000K\000o\000o\000l\000\040\000P\000r\000o\000t\000e\000i\000n\000s}{subsection.2.1}% 26
\BOOKMARK [2][-]{subsection.2.2}{\376\377\000D\000N\000A\000\040\000R\000e\000p\000l\000i\000c\000a\000t\000i\000o\000n\000\040\000a\000n\000d\000\040\000t\000h\000e\000\040\000C\000e\000l\000l\000\040\000C\000y\000c\000l\000e}{section.2}% 27
\BOOKMARK [3][-]{subsubsection.2.2.1}{\376\377\000S\000o\000,\000\040\000w\000h\000y\000\040\000d\000o\000\040\000c\000e\000l\000l\000\040\000d\000i\000v\000i\000d\000e}{subsection.2.2}% 28
\BOOKMARK [3][-]{subsubsection.2.2.2}{\376\377\000L\000e\000v\000e\000l\000s\000\040\000o\000f\000\040\000D\000N\000A\000\040\000s\000t\000r\000u\000c\000t\000u\000r\000e}{subsection.2.2}% 29
\BOOKMARK [3][-]{subsubsection.2.2.3}{\376\377\000C\000e\000l\000l\000\040\000d\000i\000v\000i\000s\000o\000n\000\040\000p\000r\000o\000c\000e\000s\000s}{subsection.2.2}% 30
\BOOKMARK [3][-]{subsubsection.2.2.4}{\376\377\000M\000a\000j\000o\000r\000\040\000C\000e\000l\000l\000\040\000C\000y\000c\000l\000e\000\040\000P\000a\000r\000t\000s}{subsection.2.2}% 31
\BOOKMARK [3][-]{subsubsection.2.2.5}{\376\377\000D\000N\000A\000\040\000R\000e\000p\000l\000i\000c\000a\000t\000i\000o\000n\000\040\000P\000r\000o\000c\000e\000s\000s}{subsection.2.2}% 32
