\BOOKMARK [1][-]{section.1}{\376\377\000D\000e\000f\000i\000n\000i\000t\000i\000o\000n\000s}{}% 1
\BOOKMARK [2][-]{subsection.1.1}{\376\377\000L\000i\000n\000e\000a\000r\000\040\000M\000a\000p}{section.1}% 2
\BOOKMARK [2][-]{subsection.1.2}{\376\377\000N\000u\000l\000l\000\040\000S\000p\000a\000c\000e}{section.1}% 3
\BOOKMARK [2][-]{subsection.1.3}{\376\377\000C\000o\000l\000u\000m\000n\000\040\000S\000p\000a\000c\000e}{section.1}% 4
\BOOKMARK [2][-]{subsection.1.4}{\376\377\000H\000o\000m\000o\000g\000e\000n\000e\000o\000u\000s\000\040\000s\000y\000s\000t\000e\000m\000\040\000o\000f\000\040\000e\000q\000u\000a\000t\000i\000o\000n\000s}{section.1}% 5
\BOOKMARK [2][-]{subsection.1.5}{\376\377\000I\000n\000j\000e\000c\000t\000i\000v\000e}{section.1}% 6
\BOOKMARK [2][-]{subsection.1.6}{\376\377\000S\000u\000r\000j\000e\000c\000t\000i\000v\000e}{section.1}% 7
\BOOKMARK [1][-]{section.2}{\376\377\000F\000u\000n\000d\000a\000m\000e\000n\000t\000a\000l\000\040\000t\000h\000e\000o\000r\000e\000m\000\040\000o\000f\000\040\000l\000i\000n\000e\000a\000r\000\040\000m\000a\000p\000s}{}% 8
\BOOKMARK [1][-]{section.3}{\376\377\000W\000h\000y\000\040\000i\000s\000\040\000t\000h\000e\000\040\000r\000a\000n\000g\000e\000\040\000a\000l\000s\000o\000\040\000c\000a\000l\000l\000e\000d\000\040\000t\000h\000e\000\040\000"\000c\000o\000l\000u\000m\000n\000\040\000s\000p\000a\000c\000e\000"\000?}{}% 9
\BOOKMARK [1][-]{section.4}{\376\377\000P\000r\000o\000v\000e\000\040\000t\000h\000a\000t\000\040\000f\000o\000r\000\040\000\050\000p\000r\000e\000s\000u\000m\000a\000b\000l\000y\000\040\000a\000\040\000l\000i\000n\000e\000a\000r\000\040\000m\000a\000p\000\051\000\040\000T\000\040\000L\000\050\000V\000,\000\040\000W\000\051\000\040\000t\000h\000e\000\040\000n\000u\000l\000l\000\040\000s\000p\000a\000c\000e\000\040\000i\000s\000\040\000a\000\040\000s\000u\000b\000s\000p\000a\000c\000e\000\040\000o\000f\000\040\000V\000.}{}% 10
\BOOKMARK [2][-]{subsection.4.1}{\376\377\000C\000o\000n\000t\000a\000i\000n\000s\000\040\000Z\000e\000r\000o}{section.4}% 11
\BOOKMARK [2][-]{subsection.4.2}{\376\377\000A\000d\000d\000i\000t\000i\000v\000i\000t\000y}{section.4}% 12
\BOOKMARK [2][-]{subsection.4.3}{\376\377\000H\000o\000m\000o\000g\000e\000n\000e\000i\000t\000y}{section.4}% 13
\BOOKMARK [1][-]{section.5}{\376\377\000P\000r\000o\000v\000e\000\040\000t\000h\000a\000t\000\040\000T\000\040\000L\000\050\000V\000,\000\040\000W\000\051\000\040\000i\000s\000\040\000i\000n\000j\000e\000c\000t\000i\000v\000e\000\040\000i\000f\000f\000\040\000n\000u\000l\000l\000\050\000T\000\051\000\040\000=\000\040\0000}{}% 14
\BOOKMARK [2][-]{subsection.5.1}{\376\377\000I\000n\000\040\000t\000h\000e\000\040\000f\000o\000r\000w\000a\000r\000d\000s\000\040\000d\000i\000r\000e\000c\000t\000i\000o\000n}{section.5}% 15
\BOOKMARK [2][-]{subsection.5.2}{\376\377\000I\000n\000\040\000t\000h\000e\000\040\000r\000e\000v\000e\000r\000s\000e\000\040\000d\000i\000r\000e\000c\000t\000i\000o\000n}{section.5}% 16
\BOOKMARK [1][-]{section.6}{\376\377\000P\000r\000o\000v\000e\000\040\000t\000h\000a\000t\000\040\000f\000o\000r\000\040\000a\000n\000y\000\040\000T\000\040\000L\000\050\000V\000,\000\040\000W\000\051\000,\000\040\000t\000h\000e\000r\000e\000\040\000i\000s\000\040\000a\000\040\000s\000u\000b\000s\000p\000a\000c\000e\000\040\000U\000\040\000o\000f\000\040\000V\000\040\000s\000u\000c\000h\000\040\000t\000h\000a\000t\000\040\000U\000\040\000n\000u\000l\000l\000\040\000T\000\040\000=\000\040\000V}{}% 17
\BOOKMARK [2][-]{subsection.6.1}{\376\377\000P\000r\000o\000p\000o\000s\000e\000d\000\040\000S\000e\000t}{section.6}% 18
\BOOKMARK [2][-]{subsection.6.2}{\376\377\000S\000u\000b\000s\000p\000a\000c\000e\000\040\000\040\000d\000i\000r\000e\000c\000t\000\040\000s\000u\000m}{section.6}% 19
\BOOKMARK [3][-]{subsubsection.6.2.1}{\376\377\000C\000o\000n\000t\000a\000i\000n\000s\000\040\000z\000e\000r\000o}{subsection.6.2}% 20
\BOOKMARK [3][-]{subsubsection.6.2.2}{\376\377\000C\000l\000o\000s\000e\000d\000\040\000u\000n\000d\000e\000r\000\040\000a\000d\000d\000i\000t\000i\000o\000n}{subsection.6.2}% 21
\BOOKMARK [3][-]{subsubsection.6.2.3}{\376\377\000C\000l\000o\000s\000e\000d\000\040\000u\000n\000d\000e\000r\000\040\000s\000c\000a\000l\000a\000r\000\040\000m\000u\000l\000t\000i\000p\000l\000i\000c\000a\000t\000i\000o\000n}{subsection.6.2}% 22
\BOOKMARK [2][-]{subsection.6.3}{\376\377\000D\000i\000r\000e\000c\000t\000\040\000s\000u\000m\000\040\000i\000s\000\040\000e\000q\000u\000a\000l\000\040\000t\000o\000\040\000V}{section.6}% 23
