\BOOKMARK [1][-]{section.1}{\376\377\000S\000i\000l\000i\000c\000o\000n}{}% 1
\BOOKMARK [2][-]{subsection.1.1}{\376\377\000r\000e\000f\000i\000r\000e\000n\000r\000y}{section.1}% 2
\BOOKMARK [3][-]{subsubsection.1.1.1}{\376\377\000f\000r\000o\000m\000\040\000s\000a\000n\000d}{subsection.1.1}% 3
\BOOKMARK [3][-]{subsubsection.1.1.2}{\376\377\000m\000e\000l\000t\000e\000d}{subsection.1.1}% 4
\BOOKMARK [3][-]{subsubsection.1.1.3}{\376\377\000s\000m\000a\000l\000l\000\040\000m\000o\000l\000t\000e\000n\000\040\000c\000r\000y\000s\000t\000a\000l\000\040\000"\000s\000e\000e\000d\000"\000\040\000l\000o\000w\000e\000r\000\040\000i\000n\000t\000o\000\040\000a\000\040\000v\000a\000t}{subsection.1.1}% 5
\BOOKMARK [3][-]{subsubsection.1.1.4}{\376\377\000c\000r\000y\000s\000t\000a\000l\000\040\000f\000o\000r\000m\000s}{subsection.1.1}% 6
\BOOKMARK [3][-]{subsubsection.1.1.5}{\376\377\000p\000u\000l\000l\000\040\000c\000y\000l\000a\000n\000d\000e\000r\000\040\000f\000r\000o\000m\000\040\000m\000o\000l\000t\000e\000n\000\040\000r\000e\000i\000g\000o\000n}{subsection.1.1}% 7
\BOOKMARK [3][-]{subsubsection.1.1.6}{\376\377\000g\000r\000o\000u\000n\000d\000\040\000t\000o\000\040\000f\000o\000r\000m\000\040\000i\000n\000g\000o\000t\000s}{subsection.1.1}% 8
\BOOKMARK [3][-]{subsubsection.1.1.7}{\376\377\000s\000a\000w\000e\000d\000\040\000w\000i\000t\000h\000\040\000d\000i\000a\000m\000o\000n\000d\000\040\000b\000l\000a\000d\000e\000\040\000t\000o\000\040\000f\000o\000r\000m\000\040\000w\000a\000f\000e\000r\000s}{subsection.1.1}% 9
\BOOKMARK [3][-]{subsubsection.1.1.8}{\376\377\000w\000a\000f\000e\000r\000\040\000s\000c\000r\000u\000b\000b\000e\000d}{subsection.1.1}% 10
\BOOKMARK [3][-]{subsubsection.1.1.9}{\376\377\000e\000d\000g\000e\000s\000\040\000r\000o\000u\000n\000d\000e\000d\000\040\000a\000n\000d\000\040\000s\000u\000r\000f\000a\000c\000e\000s\000\040\000g\000r\000o\000u\000n\000d\000\040\000s\000m\000o\000o\000t\000h\000\040\000a\000n\000d\000\040\000t\000o\000\040\000c\000r\000e\000a\000t\000e\000\040\000u\000n\000i\000f\000o\000r\000m\000\040\000t\000h\000i\000c\000k\000n\000e\000s\000s}{subsection.1.1}% 11
\BOOKMARK [3][-]{subsubsection.1.1.10}{\376\377\000r\000i\000n\000s\000e\000d\000\040\000a\000n\000d\000\040\000e\000t\000c\000h\000e\000d\000\040\000i\000n\000\040\000"\000c\000h\000e\000m\000i\000c\000a\000l\000s\000"\000\040\000t\000o\000\040\000r\000e\000m\000o\000v\000e\000\040\000i\000m\000p\000u\000r\000i\000t\000i\000e\000s}{subsection.1.1}% 12
\BOOKMARK [3][-]{subsubsection.1.1.11}{\376\377\000f\000i\000n\000a\000l\000\040\000p\000o\000l\000i\000s\000h\000\040\000o\000n\000\040\000o\000n\000e\000\040\000s\000i\000d\000e\000\040\000o\000f\000\040\000t\000h\000e\000\040\000w\000a\000f\000e\000r}{subsection.1.1}% 13
\BOOKMARK [3][-]{subsubsection.1.1.12}{\376\377\000a\000l\000l\000\040\000s\000o\000\040\000t\000h\000a\000t\000\040\000t\000h\000e\000r\000e\000\040\000a\000r\000e\000\040\000n\000o\000\040\000s\000c\000r\000a\000t\000c\000h\000e\000s\000\040\000o\000r\000\040\000c\000o\000n\000t\000a\000m\000i\000n\000a\000t\000i\000o\000n}{subsection.1.1}% 14
\BOOKMARK [3][-]{subsubsection.1.1.13}{\376\377\000t\000h\000e\000n\000,\000\040\000m\000e\000a\000s\000u\000r\000e\000d\000\040\000f\000o\000r\000\040\000r\000e\000s\000i\000s\000t\000i\000v\000i\000t\000y}{subsection.1.1}% 15
\BOOKMARK [3][-]{subsubsection.1.1.14}{\376\377\000e\000l\000e\000c\000t\000r\000o\000n\000\040\000b\000e\000a\000m\000\040\000m\000a\000c\000h\000i\000n\000e}{subsection.1.1}% 16
\BOOKMARK [3][-]{subsubsection.1.1.15}{\376\377\000g\000l\000a\000s\000s\000\040\000p\000l\000a\000t\000e\000s\000\040\000b\000e\000c\000o\000m\000e\000\040\000m\000a\000s\000k\000s\000\040\000u\000s\000e\000d\000\040\000t\000o\000\040\000t\000r\000a\000n\000s\000f\000e\000r\000\040\000t\000h\000e\000\040\000c\000i\000r\000c\000u\000i\000t\000\040\000p\000a\000t\000t\000e\000r\000n\000\040\000o\000n\000t\000o\000\040\000t\000h\000e\000\040\000w\000a\000f\000e\000r}{subsection.1.1}% 17
\BOOKMARK [3][-]{subsubsection.1.1.16}{\376\377\000u\000s\000a\000g\000e\000\040\000o\000f\000\040\000m\000a\000s\000k\000s}{subsection.1.1}% 18
\BOOKMARK [3][-]{subsubsection.1.1.17}{\376\377\000d\000e\000c\000o\000n\000t\000a\000m\000i\000n\000a\000t\000i\000o\000n}{subsection.1.1}% 19
\BOOKMARK [3][-]{subsubsection.1.1.18}{\376\377\000f\000a\000b\000r\000i\000c\000a\000t\000i\000o\000n\000\040\000t\000e\000c\000h\000n\000i\000q\000u\000e\000s\000\040\000\050\0004\000\051}{subsection.1.1}% 20
\BOOKMARK [3][-]{subsubsection.1.1.19}{\376\377\000c\000l\000e\000a\000n\000i\000n\000g}{subsection.1.1}% 21
\BOOKMARK [3][-]{subsubsection.1.1.20}{\376\377\000i\000o\000n\000\040\000i\000m\000p\000l\000a\000n\000t\000e\000r}{subsection.1.1}% 22
\BOOKMARK [3][-]{subsubsection.1.1.21}{\376\377\000d\000e\000p\000o\000s\000i\000t\000i\000o\000n\000\040\000f\000u\000r\000n\000a\000c\000e}{subsection.1.1}% 23
\BOOKMARK [3][-]{subsubsection.1.1.22}{\376\377\000s\000e\000c\000o\000n\000d\000\040\000m\000a\000s\000k}{subsection.1.1}% 24
\BOOKMARK [3][-]{subsubsection.1.1.23}{\376\377\000u\000n\000i\000f\000o\000r\000m\000\040\000e\000l\000e\000c\000t\000r\000i\000c\000a\000l\000\040\000d\000i\000o\000x\000i\000d\000e\000\040\000r\000e\000g\000r\000o\000w\000n\000?}{subsection.1.1}% 25
\BOOKMARK [3][-]{subsubsection.1.1.24}{\376\377\000m\000o\000r\000e\000\040\000m\000a\000s\000k\000s\000\040\000u\000s\000e\000d\000\040\000w\000i\000t\000h\000\040\000p\000h\000o\000t\000o\000r\000e\000s\000i\000s\000t\000\040\000a\000n\000d\000\040\000c\000l\000e\000a\000n\000i\000n\000g\000\040\000t\000o\000\040\000g\000r\000o\000w\000e\000r\000\040\000f\000u\000r\000t\000h\000e\000r\000\040\000c\000o\000m\000p\000l\000e\000x\000i\000t\000y}{subsection.1.1}% 26
\BOOKMARK [3][-]{subsubsection.1.1.25}{\376\377\000a\000n\000n\000e\000a\000l\000i\000n\000g}{subsection.1.1}% 27
\BOOKMARK [3][-]{subsubsection.1.1.26}{\376\377\000t\000h\000i\000c\000k\000\040\000g\000l\000a\000s\000s\000\040\000l\000a\000y\000e\000r}{subsection.1.1}% 28
\BOOKMARK [3][-]{subsubsection.1.1.27}{\376\377\000g\000l\000a\000s\000s\000\040\000s\000u\000r\000f\000a\000c\000e\000\040\000p\000l\000a\000n\000a\000r\000i\000z\000e\000d}{subsection.1.1}% 29
\BOOKMARK [3][-]{subsubsection.1.1.28}{\376\377\000m\000a\000s\000k\000\040\0006\000:\000\040\000d\000e\000f\000i\000n\000e\000\040\000c\000o\000n\000t\000a\000c\000t\000\040\000h\000o\000l\000e\000s\000\040\000f\000o\000r\000\040\000m\000e\000t\000a\000l\000\040\000w\000i\000r\000i\000n\000g}{subsection.1.1}% 30
\BOOKMARK [3][-]{subsubsection.1.1.29}{\376\377\000p\000l\000a\000s\000m\000a\000\040\000e\000t\000c\000h\000i\000n\000g\000\040\000a\000g\000a\000i\000n\000\040\000t\000o\000\040\000c\000r\000e\000a\000t\000e\000\040\000c\000o\000n\000t\000a\000c\000t\000\040\000h\000o\000l\000e\000s}{subsection.1.1}% 31
\BOOKMARK [3][-]{subsubsection.1.1.30}{\376\377\000m\000e\000t\000a\000l\000\040\000e\000t\000c\000h\000e\000r\000\040\000p\000o\000l\000i\000s\000h\000e\000s\000\040\000a\000w\000a\000y\000\040\000e\000x\000t\000r\000a\000\040\000t\000u\000n\000g\000s\000t\000e\000n}{subsection.1.1}% 32
\BOOKMARK [2][-]{subsection.1.2}{\376\377\000d\000e\000s\000i\000g\000n}{section.1}% 33
\BOOKMARK [3][-]{subsubsection.1.2.1}{\376\377\000c\000i\000r\000c\000u\000i\000t\000\040\000d\000e\000s\000i\000g\000n}{subsection.1.2}% 34
\BOOKMARK [3][-]{subsubsection.1.2.2}{\376\377\000o\000r\000g\000a\000n\000i\000z\000a\000t\000i\000o\000n\000\040\000o\000f\000\040\000d\000e\000s\000i\000g\000n\000\040\000t\000e\000a\000m}{subsection.1.2}% 35
\BOOKMARK [3][-]{subsubsection.1.2.3}{\376\377\000t\000r\000a\000n\000s\000i\000s\000t\000o\000r\000s}{subsection.1.2}% 36
\BOOKMARK [2][-]{subsection.1.3}{\376\377\000s\000t\000r\000u\000c\000t\000u\000r\000e}{section.1}% 37
\BOOKMARK [3][-]{subsubsection.1.3.1}{\376\377\000c\000u\000b\000i\000c\000\040\000a\000t\000o\000m\000i\000c\000\040\000s\000t\000r\000u\000c\000t\000u\000r\000e}{subsection.1.3}% 38
\BOOKMARK [3][-]{subsubsection.1.3.2}{\376\377\0004\000\040\000e\000l\000e\000c\000t\000r\000o\000n\000s\000\040\000v\000a\000l\000e\000n\000c\000e\000\040\000s\000h\000e\000l\000l}{subsection.1.3}% 39
\BOOKMARK [3][-]{subsubsection.1.3.3}{\376\377\000p\000e\000r\000f\000e\000c\000t\000\040\000c\000r\000y\000s\000t\000a\000l\000\040\000w\000i\000l\000l\000\040\000h\000a\000v\000e\000\040\000n\000o\000\040\000h\000o\000l\000e\000s}{subsection.1.3}% 40
\BOOKMARK [3][-]{subsubsection.1.3.4}{\376\377\000b\000u\000t\000\040\000a\000t\000\040\000r\000o\000o\000m\000\040\000t\000e\000m\000p\000e\000r\000a\000t\000u\000r\000e\000,\000\040\000f\000r\000e\000e\000\040\000e\000l\000e\000c\000t\000r\000o\000n\000s\000\040\000c\000a\000n\000\040\000c\000o\000n\000d\000u\000c\000t}{subsection.1.3}% 41
\BOOKMARK [2][-]{subsection.1.4}{\376\377\000i\000m\000p\000u\000r\000i\000t\000i\000e\000s\000\040\000c\000a\000l\000l\000e\000d\000\040\000d\000o\000p\000a\000n\000t\000s}{section.1}% 42
\BOOKMARK [3][-]{subsubsection.1.4.1}{\376\377\000n\000e\000g\000a\000t\000i\000v\000e}{subsection.1.4}% 43
\BOOKMARK [3][-]{subsubsection.1.4.2}{\376\377\000p\000o\000s\000i\000t\000i\000v\000e}{subsection.1.4}% 44
\BOOKMARK [3][-]{subsubsection.1.4.3}{\376\377\000s\000i\000l\000i\000c\000o\000n\000\040\000c\000a\000n\000\040\000b\000e\000\040\000e\000i\000t\000h\000e\000r\000\040\000g\000o\000o\000d\000\040\000o\000r\000\040\000p\000o\000o\000r\000\040\000c\000o\000n\000d\000u\000c\000t\000o\000r\000\040\000\050\000s\000e\000m\000i\000c\000o\000n\000d\000u\000c\000t\000o\000r\000\051}{subsection.1.4}% 45
