\BOOKMARK [1][-]{section.1}{\376\377\000b\000e\000n\000e\000a\000t\000h\000\040\000t\000h\000e\000\040\000s\000u\000r\000f\000a\000c\000e\000\040\000o\000f\000\040\000t\000h\000i\000n\000g\000s}{}% 1
\BOOKMARK [2][-]{subsection.1.1}{\376\377\000s\000c\000a\000l\000e}{section.1}% 2
\BOOKMARK [3][-]{subsubsection.1.1.1}{\376\377\000w\000o\000o\000d\000\040\000s\000e\000e\000m\000s\000\040\000s\000o\000l\000i\000d\000,\000\040\000b\000u\000t\000\040\000i\000s\000\040\000m\000o\000s\000t\000l\000y\000\040\000e\000m\000p\000t\000y\000\040\000s\000p\000a\000c\000e\000\040\000\050\000a\000t\000o\000m\000s\000\051\000.\000\040\000Q\000u\000a\000n\000t\000u\000m\000\040\000e\000f\000f\000e\000c\000t\000s\000\040\000a\000r\000e\000\040\000n\000o\000t\000i\000c\000a\000b\000l\000e\000\040\000o\000n\000\040\000e\000v\000e\000n\000\040\000s\000m\000a\000l\000l\000e\000r\000\040\000s\000c\000a\000l\000e\000s}{subsection.1.1}% 3
\BOOKMARK [2][-]{subsection.1.2}{\376\377\000u\000n\000i\000n\000t\000u\000i\000t\000i\000v\000e}{section.1}% 4
\BOOKMARK [2][-]{subsection.1.3}{\376\377\000p\000a\000r\000t\000i\000c\000l\000e\000\040\000h\000i\000s\000t\000o\000r\000y}{section.1}% 5
\BOOKMARK [3][-]{subsubsection.1.3.1}{\376\377\000e\000l\000e\000c\000t\000r\000o\000n\000\040\000a\000n\000d\000\040\000p\000r\000o\000t\000o\000n}{subsection.1.3}% 6
\BOOKMARK [3][-]{subsubsection.1.3.2}{\376\377\000p\000h\000o\000t\000o\000n}{subsection.1.3}% 7
\BOOKMARK [2][-]{subsection.1.4}{\376\377\000f\000u\000n\000d\000a\000m\000e\000n\000t\000a\000l\000\040\000d\000i\000s\000c\000o\000v\000e\000r\000i\000e\000s\000\040\000i\000n\000\040\0001\0009\0002\0004\000-\0001\0009\0002\0008}{section.1}% 8
\BOOKMARK [3][-]{subsubsection.1.4.1}{\376\377\000m\000a\000t\000t\000e\000r\000\040\000h\000a\000s\000\040\000w\000a\000v\000e\000\040\000p\000r\000o\000p\000e\000r\000t\000i\000e\000s}{subsection.1.4}% 9
\BOOKMARK [3][-]{subsubsection.1.4.2}{\376\377\000f\000u\000n\000d\000a\000m\000e\000n\000t\000a\000l\000\040\000l\000a\000w\000s\000\040\000a\000r\000e\000\040\000p\000r\000o\000b\000a\000b\000l\000i\000i\000s\000t\000i\000c}{subsection.1.4}% 10
\BOOKMARK [3][-]{subsubsection.1.4.3}{\376\377\000h\000e\000i\000s\000e\000n\000b\000u\000r\000g\000\040\000u\000n\000c\000e\000r\000t\000a\000i\000n\000t\000y}{subsection.1.4}% 11
\BOOKMARK [3][-]{subsubsection.1.4.4}{\376\377\000d\000i\000s\000c\000r\000e\000t\000e\000\040\000e\000l\000e\000c\000t\000r\000o\000n\000\040\000s\000p\000i\000n}{subsection.1.4}% 12
\BOOKMARK [3][-]{subsubsection.1.4.5}{\376\377\000e\000v\000e\000r\000y\000\040\000p\000a\000r\000t\000i\000c\000l\000e\000\040\000h\000a\000s\000\040\000a\000n\000\040\000a\000n\000t\000i\000p\000a\000r\000t\000i\000c\000l\000e}{subsection.1.4}% 13
\BOOKMARK [3][-]{subsubsection.1.4.6}{\376\377\000m\000u\000l\000t\000i\000p\000l\000e\000\040\000m\000o\000m\000e\000n\000t\000u\000m\000s\000\040\000s\000i\000m\000u\000l\000t\000a\000n\000e\000o\000u\000s\000l\000y}{subsection.1.4}% 14
\BOOKMARK [3][-]{subsubsection.1.4.7}{\376\377\000n\000o\000\040\000t\000w\000o\000\040\000e\000l\000e\000c\000t\000r\000o\000n\000s\000\040\000c\000a\000n\000\040\000b\000e\000\040\000i\000n\000\040\000t\000h\000e\000\040\000s\000a\000m\000e\000\040\000s\000t\000a\000t\000e\000\040\000o\000f\000\040\000m\000o\000t\000i\000o\000n\000\040\000a\000t\000\040\000t\000h\000e\000\040\000s\000a\000m\000e\000\040\000t\000i\000m\000e\000?}{subsection.1.4}% 15
\BOOKMARK [2][-]{subsection.1.5}{\376\377\000u\000n\000l\000i\000k\000e\000\040\000c\000l\000a\000s\000s\000i\000c\000a\000l\000\040\000m\000e\000c\000h\000a\000n\000i\000c\000s\000,\000\040\000p\000r\000o\000p\000e\000r\000t\000i\000e\000s\000\040\000a\000n\000d\000\040\000a\000c\000t\000i\000o\000n\000s\000\040\000a\000r\000e\000\040\000n\000o\000t\000\040\000a\000s\000\040\000d\000i\000s\000t\000i\000n\000c\000t\000\040\000i\000n\000\040\000t\000h\000e\000\040\000q\000u\000a\000n\000t\000u\000m\000\040\000w\000o\000r\000l\000d}{section.1}% 16
\BOOKMARK [2][-]{subsection.1.6}{\376\377\000q\000u\000a\000n\000t\000u\000m\000\040\000m\000e\000c\000h\000a\000n\000i\000c\000s\000\040\000w\000o\000n\000'\000t\000\040\000f\000o\000l\000l\000o\000w\000\040\000c\000o\000m\000m\000o\000n\000\040\000s\000e\000n\000s\000e\000,\000\040\000w\000h\000i\000c\000h\000\040\000i\000s\000\040\000t\000o\000\040\000b\000e\000\040\000e\000x\000p\000e\000c\000t\000e\000d\000\040\000b\000e\000c\000a\000u\000s\000e\000\040\000c\000o\000m\000m\000o\000n\000\040\000s\000e\000n\000s\000e\000\040\000i\000s\000\040\000b\000a\000s\000e\000d\000\040\000o\000n\000\040\000m\000u\000c\000h\000\040\000l\000a\000r\000g\000e\000r\000\040\000t\000h\000i\000n\000g\000s}{section.1}% 17
\BOOKMARK [2][-]{subsection.1.7}{\376\377\000s\000u\000b\000a\000t\000o\000m\000i\000c\000\040\000v\000s\000\040\000f\000u\000n\000d\000a\000m\000e\000n\000t\000a\000l\000\040\000p\000a\000r\000t\000i\000c\000l\000e\000s}{section.1}% 18
\BOOKMARK [3][-]{subsubsection.1.7.1}{\376\377\000h\000u\000n\000d\000r\000e\000d\000s\000\040\000o\000f\000\040\000s\000u\000b\000a\000t\000o\000m\000i\000c\000\040\000p\000a\000r\000t\000i\000c\000l\000e\000s\000,\000\040\000b\000u\000t\000\040\000o\000n\000l\000y\000\040\000a\000\040\000f\000e\000w\000\040\000a\000r\000e\000\040\000f\000u\000n\000d\000a\000m\000e\000n\000t\000a\000l}{subsection.1.7}% 19
\BOOKMARK [3][-]{subsubsection.1.7.2}{\376\377\000m\000o\000s\000t\000\040\000a\000r\000e\000\040\000c\000o\000m\000p\000o\000s\000i\000t\000e}{subsection.1.7}% 20
\BOOKMARK [3][-]{subsubsection.1.7.3}{\376\377\000j\000u\000s\000t\000\040\000l\000i\000k\000e\000\040\000h\000o\000w\000\040\000t\000h\000e\000r\000e\000\040\000a\000r\000e\000\040\000h\000u\000n\000d\000r\000e\000d\000s\000\040\000o\000f\000\040\000a\000t\000o\000m\000s\000\040\000b\000u\000t\000\040\000t\000h\000e\000y\000\040\000a\000r\000e\000\040\000a\000l\000l\000\040\000c\000o\000m\000p\000o\000s\000e\000d\000\040\000o\000f\000\040\000e\000l\000e\000c\000t\000r\000o\000n\000s\000,\000\040\000p\000r\000o\000t\000o\000n\000s\000,\000\040\000n\000e\000u\000t\000r\000o\000n\000s}{subsection.1.7}% 21
\BOOKMARK [3][-]{subsubsection.1.7.4}{\376\377\000t\000h\000e\000r\000e\000\040\000a\000r\000e\000\040\0002\0004\000\040\000f\000u\000n\000d\000a\000m\000e\000n\000t\000a\000l\000\040\000p\000a\000r\000t\000i\000c\000l\000e\000s\000\040\000e\000x\000c\000l\000u\000d\000i\000n\000g\000\040\000t\000h\000e\000\040\000h\000i\000g\000g\000s\000\040\000b\000o\000s\000o\000n\000,\000\040\000g\000r\000a\000v\000i\000t\000o\000n\000\040\000\050\000w\000h\000i\000c\000h\000\040\000i\000s\000\040\000n\000o\000t\000\040\000y\000e\000t\000\040\000p\000r\000o\000v\000e\000n\000\051\000,\000\040\000a\000n\000d\000\040\000a\000n\000t\000i\000p\000a\000r\000t\000i\000c\000l\000e\000s\000.}{subsection.1.7}% 22
\BOOKMARK [1][-]{section.2}{\376\377\000h\000o\000w\000\040\000s\000m\000a\000l\000l\000\040\000i\000s\000\040\000s\000m\000a\000l\000l\000?\000\040\000H\000o\000w\000\040\000f\000a\000s\000t\000\040\000i\000s\000\040\000f\000a\000s\000t\000?\000\040\000\050\000s\000c\000a\000l\000e\000\051}{}% 23
\BOOKMARK [2][-]{subsection.2.1}{\376\377\000c\000o\000n\000v\000i\000e\000n\000e\000n\000t\000\040\000u\000n\000i\000t\000s}{section.2}% 24
\BOOKMARK [3][-]{subsubsection.2.1.1}{\376\377\000f\000e\000m\000t\000o\000m\000e\000t\000e\000r\000\040\000\050\000f\000m\000,\000\040\0001\0000\000-\0001\0005\000\040\000m\000\051}{subsection.2.1}% 25
\BOOKMARK [3][-]{subsubsection.2.1.2}{\376\377\000s\000p\000e\000e\000d\000\040\000o\000f\000\040\000l\000i\000g\000h\000t\000\040\000\050\000c\000,\000\040\0003\000\040\0001\0000\0008\000\040\000m\000/\000s\0002\000\051}{subsection.2.1}% 26
\BOOKMARK [3][-]{subsubsection.2.1.3}{\376\377\000t\000i\000m\000e}{subsection.2.1}% 27
\BOOKMARK [3][-]{subsubsection.2.1.4}{\376\377\000m\000a\000s\000s}{subsection.2.1}% 28
\BOOKMARK [3][-]{subsubsection.2.1.5}{\376\377\000e\000l\000e\000c\000t\000r\000o\000n\000\040\000v\000o\000l\000t\000\040\000\050\000e\000V\000,\000\040\000e\000n\000e\000r\000g\000y\000\040\000a\000u\000i\000r\000e\000d\000\040\000b\000y\000\040\000a\000n\000\040\000e\000l\000e\000c\000t\000r\000o\000n\000\040\000b\000e\000i\000n\000g\000\040\000a\000c\000c\000e\000l\000e\000r\000a\000t\000e\000d\000\040\000t\000h\000r\000o\000u\000g\000h\000\040\000a\000n\000\040\000e\000l\000e\000c\000t\000r\000i\000c\000\040\000p\000o\000t\000e\000n\000t\000i\000a\000l\000\040\000o\000f\000\040\0001\000\040\000v\000o\000l\000t\000\051}{subsection.2.1}% 29
\BOOKMARK [3][-]{subsubsection.2.1.6}{\376\377\000c\000h\000a\000r\000g\000e\000\040\000\050\000e\000,\000\040\0001\000.\0006\0001\0000\000-\0001\0009\000C\000\051}{subsection.2.1}% 30
\BOOKMARK [3][-]{subsubsection.2.1.7}{\376\377\000s\000p\000i\000n}{subsection.2.1}% 31
\BOOKMARK [3][-]{subsubsection.2.1.8}{\376\377\000f\000u\000n\000d\000a\000m\000e\000n\000t\000a\000l\000\040\000c\000o\000n\000s\000t\000a\000n\000t\000s}{subsection.2.1}% 32
\BOOKMARK [1][-]{section.3}{\376\377\000m\000e\000e\000t\000\040\000t\000h\000e\000\040\000l\000e\000p\000t\000o\000n\000s}{}% 33
\BOOKMARK [2][-]{subsection.3.1}{\376\377\000t\000y\000p\000e\000s\000\040\000\050\000f\000l\000a\000v\000o\000r\000\051\000\040\000e\000l\000e\000c\000t\000r\000o\000n\000,\000\040\000m\000u\000o\000n\000,\000\040\000t\000a\000u}{section.3}% 34
\BOOKMARK [2][-]{subsection.3.2}{\376\377\000c\000o\000n\000s\000e\000r\000v\000e\000\040\000\173\000c\000h\000a\000r\000g\000e\000,\000\040\000f\000l\000a\000v\000o\000r\000,\000\040\000e\000n\000e\000r\000g\000y\000,\000\040\000m\000o\000m\000e\000n\000t\000u\000m\000\175}{section.3}% 35
\BOOKMARK [2][-]{subsection.3.3}{\376\377\000n\000e\000u\000t\000r\000i\000n\000o\000s\000\040\000a\000r\000e\000\040\000l\000i\000k\000e\000\040\000t\000h\000e\000\040\000s\000o\000u\000l\000\040\000o\000f\000\040\000i\000t\000s\000\040\000p\000a\000r\000t\000i\000c\000l\000e\000\040\000-\000\040\000t\000i\000n\000y\000\040\000m\000a\000s\000s\000\040\000b\000u\000t\000\040\000s\000a\000m\000e\000\040\000f\000l\000a\000v\000o\000r}{section.3}% 36
\BOOKMARK [2][-]{subsection.3.4}{\376\377\000t\000h\000e\000y\000\040\000h\000a\000v\000e\000\040\000m\000u\000l\000t\000i\000p\000l\000e\000s\000\040\000o\000f\000\040\000h\000a\000l\000f\000\040\000u\000n\000i\000t\000\040\000s\000p\000i\000n\000s\000\040\000o\000r\000\040\000s\000o\000m\000e\000t\000h\000i\000n\000g}{section.3}% 37
\BOOKMARK [2][-]{subsection.3.5}{\376\377\000a\000n\000y\000\040\000p\000a\000r\000t\000i\000c\000l\000e\000s\000\040\000c\000a\000n\000\040\000b\000e\000\040\000c\000r\000e\000a\000t\000e\000d\000\040\000a\000s\000\040\000l\000o\000n\000g\000\040\000a\000s\000\040\000e\000v\000e\000r\000y\000t\000h\000i\000n\000g\000\040\000i\000s\000\040\000c\000o\000n\000s\000e\000r\000v\000e\000d}{section.3}% 38
\BOOKMARK [1][-]{section.4}{\376\377\000t\000h\000e\000\040\000r\000e\000s\000t\000\040\000o\000f\000\040\000t\000h\000e\000\040\000e\000x\000t\000e\000n\000d\000e\000d\000\040\000f\000a\000m\000i\000l\000y}{}% 39
\BOOKMARK [2][-]{subsection.4.1}{\376\377\000q\000u\000a\000r\000k\000s}{section.4}% 40
\BOOKMARK [3][-]{subsubsection.4.1.1}{\376\377\000s\000i\000x\000\040\000o\000f\000\040\000t\000h\000e\000m\000\040\000i\000n\000\040\000g\000r\000o\000u\000p\000s\000\040\000o\000f\000\040\000t\000h\000r\000e\000e}{subsection.4.1}% 41
\BOOKMARK [3][-]{subsubsection.4.1.2}{\376\377\000t\000h\000e\000y\000\040\000g\000r\000o\000u\000p\000\040\000u\000p\000\040\000i\000n\000\040\000t\000h\000e\000\040\000w\000i\000l\000d\000\040\000t\000o\000\040\000m\000a\000k\000e\000\040\000u\000p\000\040\000o\000t\000h\000e\000r\000\040\000c\000o\000m\000p\000o\000s\000i\000t\000e\000\040\000p\000a\000r\000t\000i\000c\000l\000e\000s}{subsection.4.1}% 42
\BOOKMARK [3][-]{subsubsection.4.1.3}{\376\377\000p\000a\000r\000t\000i\000c\000l\000e\000s\000\040\000h\000a\000v\000e\000\040\000i\000n\000t\000e\000g\000e\000r\000\040\000c\000h\000a\000r\000g\000e\000,\000\040\000b\000u\000t\000\040\000q\000u\000a\000r\000k\000s\000\040\000c\000o\000m\000e\000\040\000i\000n\000\040\000o\000n\000e\000-\000t\000h\000i\000r\000d\000\040\000m\000u\000l\000t\000i\000p\000l\000e\000s\000\040\000o\000f\000\040\000c\000h\000a\000r\000g\000e}{subsection.4.1}% 43
\BOOKMARK [3][-]{subsubsection.4.1.4}{\376\377\000b\000a\000r\000y\000o\000n\000\040\000n\000u\000m\000b\000e\000r}{subsection.4.1}% 44
\BOOKMARK [3][-]{subsubsection.4.1.5}{\376\377\000a\000n\000t\000i\000q\000u\000a\000r\000k\000s}{subsection.4.1}% 45
\BOOKMARK [3][-]{subsubsection.4.1.6}{\376\377\000c\000o\000l\000o\000r}{subsection.4.1}% 46
\BOOKMARK [2][-]{subsection.4.2}{\376\377\000c\000o\000m\000p\000o\000s\000i\000t\000e\000\040\000p\000a\000r\000t\000i\000c\000l\000e\000s}{section.4}% 47
\BOOKMARK [3][-]{subsubsection.4.2.1}{\376\377\000b\000a\000r\000y\000o\000n\000s\000\040\000v\000s\000\040\000m\000e\000s\000o\000n\000s}{subsection.4.2}% 48
\BOOKMARK [3][-]{subsubsection.4.2.2}{\376\377\000s\000o\000m\000e\000\040\000b\000a\000r\000y\000o\000n\000s}{subsection.4.2}% 49
\BOOKMARK [3][-]{subsubsection.4.2.3}{\376\377\000s\000o\000m\000e\000\040\000m\000e\000s\000o\000n\000s}{subsection.4.2}% 50
\BOOKMARK [2][-]{subsection.4.3}{\376\377\000f\000o\000r\000c\000e\000\040\000c\000a\000r\000r\000i\000e\000r\000s}{section.4}% 51
\BOOKMARK [3][-]{subsubsection.4.3.1}{\376\377\000p\000h\000y\000s\000i\000c\000s\000\040\000i\000s\000\040\000a\000b\000o\000u\000t\000\040\000t\000h\000i\000n\000g\000s\000\040\000a\000n\000d\000\040\000w\000h\000a\000t\000\040\000h\000a\000p\000p\000e\000n\000s\000\040\000t\000o\000\040\000t\000h\000e\000m\000,\000\040\000a\000n\000d\000\040\000t\000h\000o\000s\000e\000\040\000p\000a\000r\000t\000i\000c\000l\000e\000s\000\040\000w\000e\000r\000e\000\040\000t\000h\000e\000\040\000t\000h\000i\000n\000g\000s\000.\000\040\000t\000h\000e\000s\000e\000\040\000a\000r\000e\000\040\000w\000h\000a\000t\000\040\000h\000a\000p\000p\000e\000n\000s}{subsection.4.3}% 52
\BOOKMARK [3][-]{subsubsection.4.3.2}{\376\377\000a\000l\000l\000\040\000a\000r\000e\000\040\000b\000o\000s\000o\000n\000s\000\040\000\050\000i\000n\000t\000e\000g\000e\000r\000\040\000s\000p\000i\000n\000s\000\051\000\040\000a\000n\000d\000\040\000t\000h\000e\000r\000e\000\040\000a\000r\000e\000\040\000n\000o\000\040\000c\000o\000n\000s\000e\000r\000v\000a\000t\000i\000o\000n\000\040\000l\000a\000w\000s\000\040\000s\000o\000\040\000t\000h\000e\000y\000\040\000c\000a\000n\000\040\000d\000o\000\040\000w\000h\000a\000t\000e\000v\000e\000r\000\040\000t\000h\000e\000y\000\040\000w\000a\000n\000t}{subsection.4.3}% 53
\BOOKMARK [3][-]{subsubsection.4.3.3}{\376\377\000t\000h\000e\000r\000e\000\040\000a\000r\000e\000\040\000s\000i\000x\000\040\000p\000a\000r\000t\000i\000c\000l\000e\000\040\000t\000y\000p\000e\000s\000,\000\040\000w\000i\000t\000h\000\040\000o\000n\000e\000\040\000f\000o\000r\000\040\000e\000a\000c\000h\000\040\000o\000f\000\040\000t\000h\000e\000\040\000f\000u\000n\000d\000a\000m\000e\000n\000t\000a\000l\000\040\000f\000o\000r\000c\000e\000s\000\040\000e\000x\000c\000e\000p\000t\000\040\000t\000h\000e\000\040\000w\000e\000a\000k\000\040\000f\000o\000r\000c\000e\000\040\000w\000h\000i\000c\000h\000\040\000h\000a\000s\000\040\000t\000h\000r\000e\000e}{subsection.4.3}% 54
\BOOKMARK [2][-]{subsection.4.4}{\376\377\000f\000e\000y\000n\000m\000a\000n\000n\000\040\000d\000i\000a\000g\000r\000a\000m\000s}{section.4}% 55
\BOOKMARK [3][-]{subsubsection.4.4.1}{\376\377\000s\000t\000a\000r\000t\000\040\000w\000i\000t\000h\000\040\000s\000o\000m\000e\000t\000h\000i\000n\000g\000\040\000l\000i\000k\000e\000\040\000a\000\040\000s\000p\000a\000c\000e\000t\000i\000m\000e\000\040\000d\000i\000a\000g\000r\000a\000m}{subsection.4.4}% 56
\BOOKMARK [3][-]{subsubsection.4.4.2}{\376\377\000f\000e\000a\000t\000u\000r\000e\000s\000\040\000o\000f\000\040\000t\000h\000e\000\040\000f\000e\000y\000n\000m\000a\000n\000n\000\040\000d\000i\000a\000g\000r\000a\000m}{subsection.4.4}% 57
\BOOKMARK [3][-]{subsubsection.4.4.3}{\376\377\000g\000l\000u\000o\000n\000\040\000e\000x\000c\000h\000a\000n\000g\000e\000\040\000b\000e\000t\000w\000e\000e\000n\000\040\000q\000u\000a\000r\000k\000s}{subsection.4.4}% 58
