\BOOKMARK [1][-]{section.1}{\376\377\000H\000o\000w\000\040\000t\000o\000\040\000d\000e\000a\000l\000\040\000w\000i\000t\000h\000\040\000q\000u\000a\000n\000t\000u\000m}{}% 1
\BOOKMARK [1][-]{section.2}{\376\377\000L\000e\000c\000t\000u\000r\000e\000\040\0001\000:\000\040\000C\000u\000b\000i\000t\000s}{}% 2
\BOOKMARK [2][-]{subsection.2.1}{\376\377\000C\000u\000b\000i\000t\000s}{section.2}% 3
\BOOKMARK [2][-]{subsection.2.2}{\376\377\000E\000l\000e\000m\000e\000n\000t\000a\000r\000y\000\040\000P\000a\000r\000t\000i\000c\000l\000e\000s}{section.2}% 4
\BOOKMARK [2][-]{subsection.2.3}{\376\377\000M\000o\000r\000e\000\040\000C\000u\000b\000i\000t\000\040\000P\000r\000o\000p\000e\000r\000t\000i\000e\000s}{section.2}% 5
\BOOKMARK [2][-]{subsection.2.4}{\376\377\000Q\000u\000a\000n\000t\000u\000m\000\040\000L\000o\000g\000i\000c}{section.2}% 6
\BOOKMARK [3][-]{subsubsection.2.4.1}{\376\377\000Q\000u\000a\000n\000t\000u\000m\000\040\000O\000R}{subsection.2.4}% 7
\BOOKMARK [3][-]{subsubsection.2.4.2}{\376\377\000Q\000u\000a\000n\000t\000u\000m\000\040\000A\000N\000D}{subsection.2.4}% 8
\BOOKMARK [2][-]{subsection.2.5}{\376\377\000H\000e\000y\000\040\000r\000e\000m\000e\000m\000b\000e\000r\000\040\000c\000o\000m\000p\000l\000e\000x\000\040\000n\000u\000m\000b\000e\000r\000s\000?}{section.2}% 9
\BOOKMARK [2][-]{subsection.2.6}{\376\377\000B\000r\000a\000-\000K\000e\000t\000\040\000N\000o\000t\000a\000t\000i\000o\000n}{section.2}% 10
\BOOKMARK [3][-]{subsubsection.2.6.1}{\376\377\000W\000h\000a\000t\000\040\000i\000f\000\040\000w\000e\000\040\000t\000o\000o\000k\000\040\000i\000t\000s\000\040\000c\000o\000n\000j\000u\000g\000a\000t\000e\000?}{subsection.2.6}% 11
\BOOKMARK [3][-]{subsubsection.2.6.2}{\376\377\000A\000p\000p\000l\000y\000i\000n\000g\000\040\000a\000\040\000f\000u\000n\000c\000t\000i\000o\000n}{subsection.2.6}% 12
\BOOKMARK [3][-]{subsubsection.2.6.3}{\376\377\000K\000e\000t\000s\000\040\000b\000y\000\040\000t\000h\000e\000m\000s\000e\000l\000v\000e\000s}{subsection.2.6}% 13
\BOOKMARK [3][-]{subsubsection.2.6.4}{\376\377\000S\000a\000n\000d\000w\000h\000i\000c\000h\000e\000s}{subsection.2.6}% 14
\BOOKMARK [2][-]{subsection.2.7}{\376\377\000S\000i\000m\000p\000l\000e\000\040\000C\000u\000b\000i\000t\000s}{section.2}% 15
\BOOKMARK [2][-]{subsection.2.8}{\376\377\000A\000l\000g\000e\000b\000r\000a\000i\000c\000\040\000R\000e\000p\000r\000e\000s\000e\000n\000t\000a\000t\000i\000o\000n}{section.2}% 16
\BOOKMARK [2][-]{subsection.2.9}{\376\377\000R\000e\000s\000u\000l\000t\000s\000\040\000a\000r\000e\000\040\000n\000o\000t\000\040\000M\000e\000a\000s\000u\000r\000e\000m\000e\000n\000t\000s}{section.2}% 17
\BOOKMARK [2][-]{subsection.2.10}{\376\377\000C\000r\000a\000s\000h\000\040\000C\000o\000u\000r\000s\000e\000\040\000o\000n\000\040\000O\000p\000e\000r\000a\000t\000o\000r\000s}{section.2}% 18
\BOOKMARK [3][-]{subsubsection.2.10.1}{\376\377\000U\000n\000i\000t\000a\000r\000y\000\040\000M\000a\000t\000r\000i\000c\000e\000s\000\040\000\050\000"\000o\000r\000t\000h\000o\000g\000o\000n\000a\000l\000\040\000m\000a\000t\000r\000i\000c\000e\000s\000"\000\051}{subsection.2.10}% 19
\BOOKMARK [3][-]{subsubsection.2.10.2}{\376\377\000H\000e\000r\000m\000i\000t\000i\000a\000n\000\040\000M\000a\000t\000r\000i\000c\000q\000s\000\040\000\050\000"\000s\000y\000m\000m\000e\000t\000r\000i\000c\000\040\000m\000a\000t\000r\000i\000c\000e\000s\000"\000\051}{subsection.2.10}% 20
\BOOKMARK [3][-]{subsubsection.2.10.3}{\376\377\000A\000d\000j\000o\000i\000n}{subsection.2.10}% 21
\BOOKMARK [3][-]{subsubsection.2.10.4}{\376\377\000T\000e\000n\000s\000o\000r\000\040\000P\000r\000o\000d\000u\000c\000t\000\040\000o\000f\000\040\000M\000a\000t\000r\000i\000c\000e\000s}{subsection.2.10}% 22
\BOOKMARK [1][-]{section.3}{\376\377\000L\000e\000c\000t\000u\000r\000e\000\040\0002\000:\000\040\000Q\000u\000a\000n\000t\000u\000m\000\040\000L\000o\000g\000i\000c}{}% 23
\BOOKMARK [2][-]{subsection.3.1}{\376\377\000T\000e\000n\000s\000o\000r\000\040\000P\000r\000o\000d\000u\000c\000t\000s}{section.3}% 24
\BOOKMARK [2][-]{subsection.3.2}{\376\377\000E\000n\000t\000a\000n\000g\000l\000e\000m\000e\000n\000t}{section.3}% 25
\BOOKMARK [2][-]{subsection.3.3}{\376\377\000M\000o\000r\000e\000\040\000S\000t\000u\000f\000f}{section.3}% 26
