\BOOKMARK [1][-]{section.1}{\376\377\000W\000r\000i\000t\000i\000n\000g}{}% 1
\BOOKMARK [1][-]{section.2}{\376\377\000T\000h\000e\000s\000i\000s\000\040\000I\000d\000e\000a\000s\000\040\000+\000\040\000i\000n\000t\000r\000o}{}% 2
\BOOKMARK [1][-]{section.3}{\376\377\000B\000o\000d\000y\000\040\0001\000\040\000C\000h\000o\000i\000c\000e\000\040\000A}{}% 3
\BOOKMARK [2][-]{subsection.3.1}{\376\377\000T\000o\000p\000i\000c}{section.3}% 4
\BOOKMARK [2][-]{subsection.3.2}{\376\377\000E\000v\000i\000d\000e\000n\000c\000e}{section.3}% 5
\BOOKMARK [3][-]{subsubsection.3.2.1}{\376\377\000"\000d\000i\000s\000l\000i\000k\000e\000\040\000t\000r\000a\000d\000e\000"\000\040\000s\000i\000m\000i\000l\000a\000r\000i\000t\000i\000e\000s}{subsection.3.2}% 6
\BOOKMARK [1][-]{section.4}{\376\377\000B\000o\000d\000y\000\040\0001\000\040\000C\000h\000o\000i\000c\000e\000\040\000B}{}% 7
\BOOKMARK [2][-]{subsection.4.1}{\376\377\000T\000o\000p\000i\000c}{section.4}% 8
\BOOKMARK [2][-]{subsection.4.2}{\376\377\000E\000v\000i\000d\000e\000n\000c\000e}{section.4}% 9
\BOOKMARK [3][-]{subsubsection.4.2.1}{\376\377\000M\000i\000n\000g}{subsection.4.2}% 10
\BOOKMARK [3][-]{subsubsection.4.2.2}{\376\377\000O\000t\000t\000o\000m\000a\000n\000s}{subsection.4.2}% 11
\BOOKMARK [1][-]{section.5}{\376\377\000B\000o\000d\000y\000\040\0002}{}% 12
\BOOKMARK [2][-]{subsection.5.1}{\376\377\000T\000o\000p\000i\000c}{section.5}% 13
\BOOKMARK [2][-]{subsection.5.2}{\376\377\000E\000v\000i\000d\000e\000n\000c\000e}{section.5}% 14
\BOOKMARK [3][-]{subsubsection.5.2.1}{\376\377\000T\000r\000a\000d\000e\000\040\000A\000g\000r\000e\000e\000m\000e\000n\000t\000s}{subsection.5.2}% 15
\BOOKMARK [3][-]{subsubsection.5.2.2}{\376\377\000I\000n\000f\000l\000a\000t\000i\000o\000n\000\040\000-\000>\000\040\000g\000o\000v\000e\000r\000n\000m\000e\000n\000t\000\040\000w\000e\000a\000k\000e\000n\000i\000n\000g}{subsection.5.2}% 16
\BOOKMARK [1][-]{section.6}{\376\377\000B\000o\000d\000y\000\040\0003}{}% 17
\BOOKMARK [2][-]{subsection.6.1}{\376\377\000T\000o\000p\000i\000c}{section.6}% 18
\BOOKMARK [2][-]{subsection.6.2}{\376\377\000E\000v\000i\000d\000e\000n\000c\000e}{section.6}% 19
\BOOKMARK [3][-]{subsubsection.6.2.1}{\376\377\000S\000i\000l\000v\000e\000r\000\040\000d\000e\000f\000l\000a\000t\000i\000o\000n}{subsection.6.2}% 20
\BOOKMARK [3][-]{subsubsection.6.2.2}{\376\377\000T\000r\000a\000d\000e\000\040\000t\000o\000\040\000a\000l\000l\000i\000v\000e\000a\000t\000e}{subsection.6.2}% 21
\BOOKMARK [1][-]{section.7}{\376\377\000C\000o\000n\000c\000l\000u\000s\000i\000o\000n}{}% 22
\BOOKMARK [1][-]{section.8}{\376\377\000S\000o\000u\000r\000c\000e\000s}{}% 23
