\BOOKMARK [1][-]{section.1}{\376\377\000m\000e\000c\000h\000a\000n\000i\000s\000m\000s\000\040\000o\000f\000\040\000p\000l\000a\000n\000n\000e\000d\000\040\000o\000b\000s\000c\000e\000l\000e\000s\000c\000e\000n\000c\000e}{}% 1
\BOOKMARK [2][-]{subsection.1.1}{\376\377\000c\000o\000n\000t\000r\000i\000v\000e\000d\000\040\000d\000u\000r\000a\000b\000i\000l\000i\000t\000y\000\040\000\050\000k\000e\000y\000\040\000p\000a\000r\000t\000s\000\040\000m\000a\000d\000e\000\040\000o\000u\000t\000\040\000o\000f\000\040\000e\000g\000.\000\040\000p\000l\000a\000s\000t\000i\000c\000\051}{section.1}% 2
\BOOKMARK [2][-]{subsection.1.2}{\376\377\000p\000e\000r\000c\000i\000e\000v\000e\000d\000\040\000o\000b\000s\000e\000l\000e\000s\000c\000e\000n\000c\000e\000:\000\040\000c\000o\000l\000o\000r\000s\000\040\000+\000\040\000s\000h\000a\000p\000e\000\040\000c\000h\000a\000n\000g\000e\000s}{section.1}% 3
\BOOKMARK [2][-]{subsection.1.3}{\376\377\000s\000y\000s\000t\000e\000m\000i\000c\000\040\000o\000b\000s\000e\000l\000e\000s\000c\000e\000n\000c\000e\000:\000\040\000p\000o\000r\000t\000s\000\040\000/\000\040\000s\000t\000a\000n\000d\000a\000r\000d\000s\000\040\000b\000e\000i\000n\000g\000\040\000c\000h\000a\000n\000g\000e\000d}{section.1}% 4
\BOOKMARK [2][-]{subsection.1.4}{\376\377\000p\000r\000o\000g\000r\000a\000m\000m\000e\000d\000\040\000o\000b\000s\000e\000l\000e\000s\000c\000e\000n\000c\000e\000:\000\040\000d\000r\000o\000p\000p\000i\000n\000g\000\040\000s\000u\000p\000p\000o\000r\000t\000\040\000f\000o\000r\000\040\000o\000l\000d\000\040\000v\000e\000r\000s\000i\000o\000n\000s}{section.1}% 5
\BOOKMARK [2][-]{subsection.1.5}{\376\377\000b\000l\000o\000a\000t\000w\000a\000r\000e\000\040\000o\000b\000s\000e\000l\000e\000s\000c\000e\000n\000c\000e\000:\000\040\000r\000e\000q\000u\000i\000r\000i\000n\000g\000\040\000v\000a\000s\000t\000l\000y\000\040\000m\000o\000r\000e\000\040\000h\000a\000r\000d\000w\000a\000r\000e\000\040\000t\000o\000\040\000m\000a\000k\000e\000\040\000o\000l\000d\000\040\000d\000e\000v\000i\000c\000e\000s\000\040\000s\000l\000o\000w}{section.1}% 6
\BOOKMARK [2][-]{subsection.1.6}{\376\377\000l\000e\000g\000a\000l\000\040\000o\000b\000s\000e\000l\000e\000s\000c\000e\000n\000c\000e\000:\000\040\000e\000g\000.\000\040\000e\000m\000i\000s\000s\000i\000o\000n\000s\000\040\000l\000i\000m\000i\000t\000s\000\040\000o\000n\000\040\000c\000a\000r\000s}{section.1}% 7
\BOOKMARK [2][-]{subsection.1.7}{\376\377\000r\000e\000p\000a\000i\000r\000\040\000p\000r\000e\000v\000e\000n\000t\000i\000o\000n\000\040\000s\000e\000a\000l\000s\000\040\000+\000\040\000s\000c\000r\000e\000w\000s}{section.1}% 8
\BOOKMARK [2][-]{subsection.1.8}{\376\377\000r\000e\000p\000a\000i\000r\000\040\000p\000r\000e\000v\000e\000n\000t\000a\000i\000o\000n\000\040\000c\000o\000n\000s\000t\000r\000u\000c\000t\000i\000o\000n\000\040\000\050\000h\000a\000r\000d\000\040\000t\000o\000\040\000a\000c\000c\000e\000s\000s\000\040\000b\000a\000t\000t\000e\000r\000i\000e\000s\000\051}{section.1}% 9
\BOOKMARK [1][-]{section.2}{\376\377\000i\000p\000h\000o\000n\000e}{}% 10
\BOOKMARK [2][-]{subsection.2.1}{\376\377\000p\000e\000r\000c\000i\000e\000v\000e\000d\000\040\000o\000b\000s\000e\000l\000e\000s\000c\000e\000n\000c\000e}{section.2}% 11
\BOOKMARK [3][-]{subsubsection.2.1.1}{\376\377\000"\000e\000m\000b\000r\000a\000c\000e\000\040\000t\000h\000e\000\040\000n\000o\000t\000c\000h\000"}{subsection.2.1}% 12
\BOOKMARK [3][-]{subsubsection.2.1.2}{\376\377\000r\000e\000p\000e\000a\000t\000e\000d\000\040\000c\000h\000a\000n\000g\000e\000s\000\040\000t\000o\000\040\000b\000e\000z\000e\000l\000s}{subsection.2.1}% 13
\BOOKMARK [3][-]{subsubsection.2.1.3}{\376\377\000r\000e\000p\000e\000a\000t\000e\000d\000\040\000c\000h\000a\000n\000g\000e\000s\000\040\000t\000o\000\040\000c\000a\000m\000e\000r\000a\000\040\000c\000o\000n\000f\000i\000g\000u\000r\000a\000t\000i\000o\000n}{subsection.2.1}% 14
\BOOKMARK [3][-]{subsubsection.2.1.4}{\376\377\000r\000e\000p\000e\000a\000t\000e\000d\000\040\000c\000h\000a\000n\000g\000e\000s\000\040\000t\000o\000\040\000c\000o\000l\000o\000r\000s}{subsection.2.1}% 15
\BOOKMARK [2][-]{subsection.2.2}{\376\377\000p\000r\000o\000g\000r\000a\000m\000m\000e\000d\000\040\000o\000b\000s\000e\000l\000e\000s\000c\000e\000n\000c\000e}{section.2}% 16
\BOOKMARK [3][-]{subsubsection.2.2.1}{\376\377\000d\000r\000o\000p\000p\000i\000n\000g\000\040\000s\000u\000p\000p\000o\000r\000t}{subsection.2.2}% 17
\BOOKMARK [3][-]{subsubsection.2.2.2}{\376\377\000b\000l\000o\000a\000t\000w\000a\000r\000e}{subsection.2.2}% 18
\BOOKMARK [2][-]{subsection.2.3}{\376\377\000r\000e\000p\000a\000i\000r\000\040\000p\000r\000e\000v\000e\000n\000t\000i\000o\000n}{section.2}% 19
\BOOKMARK [3][-]{subsubsection.2.3.1}{\376\377\000s\000e\000a\000l\000s\000\040\000\050\000g\000l\000u\000e\000\051}{subsection.2.3}% 20
\BOOKMARK [3][-]{subsubsection.2.3.2}{\376\377\000T\000r\000i\000-\000p\000o\000i\000n\000t\000\040\000s\000c\000r\000e\000w\000\040\000+\000\040\000p\000e\000n\000t\000a\000l\000o\000b\000e\000\040\000s\000c\000r\000e\000w}{subsection.2.3}% 21
\BOOKMARK [3][-]{subsubsection.2.3.3}{\376\377\000b\000a\000t\000t\000e\000r\000y\000\040\000r\000e\000p\000l\000a\000c\000e\000m\000e\000n\000t\000/\000i\000n\000t\000e\000g\000r\000a\000t\000i\000o\000n}{subsection.2.3}% 22
\BOOKMARK [3][-]{subsubsection.2.3.4}{\376\377\000g\000l\000u\000e\000d\000\040\000a\000n\000d\000\040\000h\000a\000r\000d\000-\000t\000o\000-\000a\000c\000c\000e\000s\000s\000\040\000c\000o\000n\000n\000e\000c\000t\000o\000r\000s}{subsection.2.3}% 23
\BOOKMARK [1][-]{section.3}{\376\377\000a\000r\000g\000u\000m\000e\000n\000t\000s\000\040\000f\000o\000r\000\040\000t\000h\000e\000s\000e\000\040\000t\000y\000p\000e\000s\000\040\000o\000f\000\040\000o\000b\000s\000e\000l\000e\000s\000c\000e\000n\000c\000e}{}% 24
\BOOKMARK [2][-]{subsection.3.1}{\376\377\000i\000t\000s\000\040\000o\000k\000a\000y\000\040\000i\000f\000\040\000b\000a\000t\000t\000e\000r\000y\000\040\000f\000a\000d\000e\000s\000,\000\040\000b\000c\000\040\000t\000e\000c\000h\000\040\000d\000e\000v\000e\000l\000o\000p\000s\000\040\000s\000o\000\040\000q\000u\000i\000c\000k\000l\000y}{section.3}% 25
\BOOKMARK [2][-]{subsection.3.2}{\376\377\000c\000o\000n\000s\000t\000a\000n\000t\000\040\000p\000u\000r\000c\000h\000a\000s\000i\000n\000g\000\040\000a\000l\000l\000o\000w\000s\000\040\000t\000e\000c\000h\000\040\000t\000o\000\040\000d\000e\000v\000e\000l\000o\000p\000\040\000f\000a\000s\000t\000e\000r}{section.3}% 26
\BOOKMARK [1][-]{section.4}{\376\377\000s\000o\000u\000r\000c\000e\000s}{}% 27
\BOOKMARK [2][-]{subsection.4.1}{\376\377\000`\000\040\000`\000\045\000%\000%\000`\000\043\000`\000\046\0001\0002\000\137\000`\000\137\000\137\000~\000~\000~\sub\000s\000e\000c\000t\000i\000o\000n\000.\0004\000.\0001\000\040\000D\000u\000r\000a\000b\000i\000l\000i\000t\000y\000,\000w\000h\000e\000n\000\040\000p\000a\000r\000t\000s\000\040\000b\000r\000e\000a\000k\000\040\000d\000o\000w\000n\000\040\000i\000n\000t\000e\000n\000t\000i\000o\000n\000a\000l\000l\000y\000.}{section.4}% 28
\BOOKMARK [2][-]{subsection.4.2}{\376\377\000`\000\040\000`\000\045\000%\000%\000`\000\043\000`\000\046\0001\0002\000\137\000`\000\137\000\137\000~\000~\000~\sub\000s\000e\000c\000t\000i\000o\000n\000.\0004\000.\0002}{section.4}% 29
