\BOOKMARK [1][-]{section.1}{\376\377\000T\000h\000e\000\040\000H\000i\000s\000t\000o\000r\000y\000\040\000I\000n\000d\000e\000x}{}% 1
\BOOKMARK [2][-]{subsection.1.1}{\376\377\000C\000o\000u\000r\000s\000e\000\040\000C\000o\000n\000t\000e\000n\000t}{section.1}% 2
\BOOKMARK [2][-]{subsection.1.2}{\376\377\000I\000n\000t\000r\000o\000d\000u\000c\000t\000i\000o\000n}{section.1}% 3
\BOOKMARK [2][-]{subsection.1.3}{\376\377\000U\000n\000i\000t\000\040\0001}{section.1}% 4
\BOOKMARK [3][-]{subsubsection.1.3.1}{\376\377\000K\000e\000n\000n\000e\000d\000y}{subsection.1.3}% 5
\BOOKMARK [3][-]{subsubsection.1.3.2}{\376\377\000M\000i\000n\000g}{subsection.1.3}% 6
\BOOKMARK [3][-]{subsubsection.1.3.3}{\376\377\000Q\000i\000n\000g}{subsection.1.3}% 7
\BOOKMARK [3][-]{subsubsection.1.3.4}{\376\377\000M\000u\000g\000h\000a\000l\000s}{subsection.1.3}% 8
\BOOKMARK [3][-]{subsubsection.1.3.5}{\376\377\000O\000t\000t\000o\000m\000a\000n\000s}{subsection.1.3}% 9
\BOOKMARK [3][-]{subsubsection.1.3.6}{\376\377\000E\000u\000r\000o\000p\000e}{subsection.1.3}% 10
\BOOKMARK [2][-]{subsection.1.4}{\376\377\000U\000n\000i\000t\000\040\0002}{section.1}% 11
\BOOKMARK [3][-]{subsubsection.1.4.1}{\376\377\000T\000h\000e\000\040\000E\000n\000l\000i\000g\000h\000t\000m\000e\000n\000t\000\040\000+\000\040\000F\000r\000e\000n\000c\000h\000\040\000R\000e\000v}{subsection.1.4}% 12
\BOOKMARK [3][-]{subsubsection.1.4.2}{\376\377\000R\000e\000a\000d\000i\000n\000g\000\040\000F\000l\000o\000s\000\040\000+\000\040\000R\000e\000f\000s}{subsection.1.4}% 13
\BOOKMARK [2][-]{subsection.1.5}{\376\377\000U\000n\000i\000t\000\040\0003\000:\000\040\000t\000h\000e\000\040\000I\000s\000m\000s\000\040\000\173\000I\000n\000d\000u\000s\000t\000r\000i\000a\000l\000i\000z\000a\000t\000i\000o\000n\000,\000\040\000R\000e\000v\000o\000l\000u\000t\000i\000o\000n\000,\000\040\000M\000a\000r\000x\000i\000s\000m\000\040\000I\000m\000p\000e\000r\000i\000a\000l\000i\000s\000m\000\175}{section.1}% 14
\BOOKMARK [3][-]{subsubsection.1.5.1}{\376\377\000C\000o\000m\000p\000i\000l\000e\000d\000\040\000R\000e\000f\000s}{subsection.1.5}% 15
\BOOKMARK [3][-]{subsubsection.1.5.2}{\376\377\000R\000e\000a\000d\000i\000n\000g\000\040\000F\000l\000o\000s}{subsection.1.5}% 16
\BOOKMARK [3][-]{subsubsection.1.5.3}{\376\377\000C\000l\000a\000s\000s\000\040\000F\000l\000o\000s}{subsection.1.5}% 17
\BOOKMARK [2][-]{subsection.1.6}{\376\377\000U\000n\000i\000t\000\040\0004\000:\000\040\000W\000W\000I\000\040\000w\000.\000r\000.\000t\000.\000\040\000E\000a\000r\000l\000y\000\040\000E\000u\000r\000o\000p\000e\000a\000n\000\040\000B\000O\000P}{section.1}% 18
\BOOKMARK [2][-]{subsection.1.7}{\376\377\000E\000s\000s\000a\000y\000s}{section.1}% 19
\BOOKMARK [2][-]{subsection.1.8}{\376\377\000M\000e\000t\000a\000\040\000R\000e\000f\000e\000r\000e\000n\000c\000e\000s}{section.1}% 20
\BOOKMARK [2][-]{subsection.1.9}{\376\377\000S\000e\000m\000e\000s\000t\000e\000r\000\040\000T\000w\000o}{section.1}% 21
\BOOKMARK [3][-]{subsubsection.1.9.1}{\376\377\000E\000s\000s\000a\000y\000s}{subsection.1.9}% 22
