\BOOKMARK [1][-]{section.1}{\376\377\000c\000u\000s\000t\000o\000m\000e\000r\000\040\000s\000e\000g\000m\000e\000n\000t\000s}{}% 1
\BOOKMARK [2][-]{subsection.1.1}{\376\377\000e\000n\000t\000e\000r\000p\000r\000i\000s\000e\000\040\000c\000o\000n\000s\000u\000m\000e\000r\000s\000\040\000w\000h\000o\000\040\000n\000e\000e\000d\000\040\000s\000t\000a\000b\000i\000l\000i\000t\000y\000\040\000a\000n\000d\000\040\000c\000u\000s\000t\000o\000m\000e\000r\000\040\000s\000u\000p\000p\000o\000r\000t}{section.1}% 2
\BOOKMARK [2][-]{subsection.1.2}{\376\377\000d\000o\000n\000a\000t\000e\000s\000\040\000s\000o\000f\000t\000w\000a\000r\000e\000\040\000t\000o\000\040\000o\000p\000e\000n\000\040\000s\000o\000u\000r\000c\000e}{section.1}% 3
\BOOKMARK [1][-]{section.2}{\376\377\000v\000a\000l\000u\000e\000\040\000p\000r\000o\000p\000s}{}% 4
\BOOKMARK [2][-]{subsection.2.1}{\376\377\000s\000t\000a\000b\000i\000l\000i\000t\000y\000\040\000a\000n\000d\000\040\000c\000u\000s\000t\000o\000m\000e\000r\000\040\000s\000u\000p\000p\000o\000r\000t}{section.2}% 5
\BOOKMARK [2][-]{subsection.2.2}{\376\377\000o\000p\000e\000n\000\040\000s\000o\000u\000r\000c\000e\000\040\000b\000a\000s\000e\000\040\000-\000>\000\040\000o\000p\000e\000n\000\040\000s\000e\000c\000u\000r\000i\000t\000y\000\040\000a\000u\000d\000i\000t\000i\000n\000g}{section.2}% 6
\BOOKMARK [1][-]{section.3}{\376\377\000c\000u\000s\000t\000o\000m\000e\000r\000\040\000r\000e\000l\000a\000t\000i\000o\000n\000s\000h\000i\000p\000s}{}% 7
\BOOKMARK [2][-]{subsection.3.1}{\376\377\000c\000u\000s\000t\000o\000m\000e\000r\000\040\000s\000u\000p\000p\000o\000r\000t}{section.3}% 8
\BOOKMARK [2][-]{subsection.3.2}{\376\377\000i\000n\000t\000e\000r\000a\000c\000t\000i\000n\000g\000\040\000i\000n\000\040\000o\000p\000e\000n\000-\000s\000o\000u\000r\000c\000e\000\040\000c\000o\000m\000m\000u\000n\000i\000t\000i\000e\000s}{section.3}% 9
\BOOKMARK [1][-]{section.4}{\376\377\000c\000h\000a\000n\000n\000e\000l\000s}{}% 10
\BOOKMARK [2][-]{subsection.4.1}{\376\377\000w\000e\000b\000s\000i\000t\000e}{section.4}% 11
\BOOKMARK [2][-]{subsection.4.2}{\376\377\000b\000u\000s\000i\000n\000e\000s\000s\000\040\000f\000a\000i\000r\000s}{section.4}% 12
\BOOKMARK [1][-]{section.5}{\376\377\000k\000e\000y\000\040\000a\000c\000t\000i\000v\000i\000e\000s}{}% 13
\BOOKMARK [2][-]{subsection.5.1}{\376\377\000s\000u\000p\000p\000o\000r\000t\000i\000n\000g\000\040\000b\000u\000s\000i\000n\000e\000s\000s\000\040\000n\000e\000e\000d\000s}{section.5}% 14
\BOOKMARK [2][-]{subsection.5.2}{\376\377\000p\000a\000t\000c\000h\000i\000n\000g\000\040\000s\000o\000f\000t\000w\000a\000r\000e}{section.5}% 15
\BOOKMARK [1][-]{section.6}{\376\377\000k\000e\000y\000\040\000r\000e\000s\000o\000u\000r\000c\000e\000s}{}% 16
\BOOKMARK [2][-]{subsection.6.1}{\376\377\000s\000e\000r\000v\000e\000r\000s}{section.6}% 17
\BOOKMARK [2][-]{subsection.6.2}{\376\377\000c\000a\000l\000l\000\040\000c\000e\000n\000t\000e\000r\000s}{section.6}% 18
\BOOKMARK [2][-]{subsection.6.3}{\376\377\000s\000u\000p\000p\000o\000r\000t\000\040\000s\000t\000a\000f\000f}{section.6}% 19
\BOOKMARK [1][-]{section.7}{\376\377\000k\000e\000y\000\040\000p\000a\000r\000t\000n\000e\000r\000s}{}% 20
\BOOKMARK [2][-]{subsection.7.1}{\376\377\000d\000e\000v\000e\000l\000o\000p\000e\000r\000s}{section.7}% 21
\BOOKMARK [2][-]{subsection.7.2}{\376\377\000s\000e\000c\000u\000r\000i\000t\000y\000\040\000a\000u\000d\000i\000t\000o\000r\000s}{section.7}% 22
\BOOKMARK [1][-]{section.8}{\376\377\000r\000e\000v\000e\000n\000u\000e\000\040\000s\000t\000r\000e\000a\000m\000s}{}% 23
\BOOKMARK [2][-]{subsection.8.1}{\376\377\000u\000p\000-\000f\000r\000o\000n\000t\000\040\000s\000a\000l\000e\000s}{section.8}% 24
\BOOKMARK [2][-]{subsection.8.2}{\376\377\000s\000o\000f\000t\000w\000a\000r\000e\000\040\000a\000s\000\040\000a\000\040\000s\000u\000r\000f\000a\000c\000e}{section.8}% 25
\BOOKMARK [2][-]{subsection.8.3}{\376\377\000s\000u\000p\000p\000o\000r\000t\000\040\000c\000o\000s\000t\000s}{section.8}% 26
\BOOKMARK [1][-]{section.9}{\376\377\000c\000o\000s\000t\000\040\000s\000t\000r\000u\000c\000t\000u\000r\000e}{}% 27
\BOOKMARK [1][-]{section.10}{\376\377\000s\000o\000u\000r\000c\000e\000s}{}% 28
\BOOKMARK [2][-]{subsection.10.1}{\376\377\000`\000\040\000`\000\045\000%\000%\000`\000\043\000`\000\046\0001\0002\000\137\000`\000\137\000\137\000~\000~\000~\sub\000s\000e\000c\000t\000i\000o\000n\000.\0001\0000\000.\0001}{section.10}% 29
\BOOKMARK [2][-]{subsection.10.2}{\376\377\000`\000\040\000`\000\045\000%\000%\000`\000\043\000`\000\046\0001\0002\000\137\000`\000\137\000\137\000~\000~\000~\sub\000s\000e\000c\000t\000i\000o\000n\000.\0001\0000\000.\0002}{section.10}% 30
\BOOKMARK [2][-]{subsection.10.3}{\376\377\000`\000\040\000`\000\045\000%\000%\000`\000\043\000`\000\046\0001\0002\000\137\000`\000\137\000\137\000~\000~\000~\sub\000s\000e\000c\000t\000i\000o\000n\000.\0001\0000\000.\0003}{section.10}% 31
\BOOKMARK [2][-]{subsection.10.4}{\376\377\000`\000\040\000`\000\045\000%\000%\000`\000\043\000`\000\046\0001\0002\000\137\000`\000\137\000\137\000~\000~\000~\sub\000s\000e\000c\000t\000i\000o\000n\000.\0001\0000\000.\0004}{section.10}% 32
\BOOKMARK [2][-]{subsection.10.5}{\376\377\000`\000\040\000`\000\045\000%\000%\000`\000\043\000`\000\046\0001\0002\000\137\000`\000\137\000\137\000~\000~\000~\sub\000s\000e\000c\000t\000i\000o\000n\000.\0001\0000\000.\0005}{section.10}% 33
\BOOKMARK [1][-]{section.11}{\376\377\000i\000n\000n\000o\000v\000a\000t\000i\000v\000e\000\040\000p\000a\000r\000t\000s}{}% 34
\BOOKMARK [2][-]{subsection.11.1}{\376\377\000b\000a\000s\000e\000d\000\040\000o\000n\000\040\000o\000p\000e\000n\000\040\000s\000o\000u\000r\000c\000e\000\040\000-\000>\000\040\000r\000e\000d\000u\000c\000e\000s\000\040\000d\000e\000v\000l\000o\000p\000m\000e\000n\000t\000\040\000c\000o\000s\000t}{section.11}% 35
\BOOKMARK [2][-]{subsection.11.2}{\376\377\000o\000p\000e\000n\000\040\000s\000o\000u\000r\000c\000e\000\040\000a\000s\000\040\000a\000\040\000f\000e\000a\000t\000u\000r\000e}{section.11}% 36
\BOOKMARK [2][-]{subsection.11.3}{\376\377\000h\000e\000l\000p\000s\000\040\000e\000x\000i\000s\000t\000i\000n\000g\000\040\000o\000p\000e\000n\000-\000s\000o\000u\000r\000c\000e\000\040\000c\000o\000m\000m\000u\000n\000i\000t\000i\000e\000s}{section.11}% 37
\BOOKMARK [3][-]{subsubsection.11.3.1}{\376\377\000b\000e\000t\000t\000e\000r\000\040\000t\000h\000a\000n\000\040\000k\000i\000t\000e}{subsection.11.3}% 38
\BOOKMARK [1][-]{section.12}{\376\377\000c\000o\000u\000l\000d\000\040\000i\000m\000p\000r\000o\000v\000e}{}% 39
\BOOKMARK [2][-]{subsection.12.1}{\376\377\000c\000r\000e\000a\000t\000e\000\040\000a\000\040\000c\000o\000h\000e\000s\000i\000v\000e\000\040\000e\000c\000o\000s\000y\000s\000t\000e\000m}{section.12}% 40
\BOOKMARK [2][-]{subsection.12.2}{\376\377\000m\000a\000i\000n\000t\000a\000i\000n\000\040\000f\000o\000r\000k\000s\000\040\000a\000n\000d\000\040\000t\000h\000u\000s\000\040\000o\000w\000n\000e\000r\000s\000h\000i\000p}{section.12}% 41
\BOOKMARK [2][-]{subsection.12.3}{\376\377\000l\000i\000s\000c\000e\000n\000c\000e\000\040\000s\000o\000\040\000t\000h\000a\000t\000\040\000o\000n\000l\000y\000\040\000i\000n\000d\000i\000v\000i\000d\000u\000a\000l\000\040\000c\000o\000n\000s\000u\000m\000e\000r\000s\000\040\000c\000a\000n\000\040\000u\000s\000e\000\040\000y\000o\000u\000r\000\040\000p\000r\000o\000d\000u\000c\000t\000s\000\040\000f\000o\000r\000\040\000f\000r\000e\000e}{section.12}% 42
\BOOKMARK [3][-]{subsubsection.12.3.1}{\376\377\000m\000a\000k\000e\000\040\000e\000n\000t\000e\000r\000p\000r\000i\000s\000e\000\040\000p\000r\000i\000c\000i\000n\000g\000\040\000a\000\040\000r\000e\000q\000u\000i\000r\000e\000m\000e\000n\000t\000\040\000f\000o\000r\000\040\000e\000n\000t\000e\000r\000p\000r\000i\000s\000e\000\040\000c\000u\000s\000t\000o\000m\000e\000r\000s}{subsection.12.3}% 43
\BOOKMARK [2][-]{subsection.12.4}{\376\377\000o\000p\000e\000n\000\040\000s\000o\000u\000r\000c\000e\000\040\000a\000s\000\040\000a\000\040\000s\000e\000r\000v\000i\000c\000e}{section.12}% 44
