\BOOKMARK [1][-]{section.15}{\376\377\000f\000\050\000x\000,\000\040\000y\000\051\000\040\000=\000\040\0007\000x\000\040\000+\000\040\0002\000x\0002\000\040\000y\0003\000\040\000+\000\040\0001\0000\000y\0002}{}% 1
\BOOKMARK [2][-]{subsection.15.1}{\376\377\000x}{section.15}% 2
\BOOKMARK [2][-]{subsection.15.2}{\376\377\000y}{section.15}% 3
\BOOKMARK [2][-]{subsection.15.3}{\376\377\0002\0002\000\040\000x}{section.15}% 4
\BOOKMARK [2][-]{subsection.15.4}{\376\377\0002\0002\000y}{section.15}% 5
\BOOKMARK [2][-]{subsection.15.5}{\376\377\0002\000x\000\040\000y}{section.15}% 6
\BOOKMARK [2][-]{subsection.15.6}{\376\377\0003\0003\000x}{section.15}% 7
\BOOKMARK [2][-]{subsection.15.7}{\376\377\0003\0003\000y}{section.15}% 8
\BOOKMARK [2][-]{subsection.15.8}{\376\377\0003\0002\000\040\000x\000\040\000y}{section.15}% 9
\BOOKMARK [2][-]{subsection.15.9}{\376\377\0003\0002\000\040\000y\000\040\000x}{section.15}% 10
\BOOKMARK [1][-]{section.16}{\376\377\000f\000\050\000x\000,\000\040\000y\000\051\000\040\000=\000\040\0003\000\040\000x\000y\0003\000\040\000+\000\040\0008\000\040\000x\0002\000\040\000y\0004}{}% 11
\BOOKMARK [2][-]{subsection.16.1}{\376\377\000x}{section.16}% 12
\BOOKMARK [2][-]{subsection.16.2}{\376\377\000y}{section.16}% 13
\BOOKMARK [2][-]{subsection.16.3}{\376\377\0002\0002\000\040\000x}{section.16}% 14
\BOOKMARK [2][-]{subsection.16.4}{\376\377\0002\0002\000y}{section.16}% 15
\BOOKMARK [2][-]{subsection.16.5}{\376\377\0002\000x\000\040\000y}{section.16}% 16
\BOOKMARK [2][-]{subsection.16.6}{\376\377\0003\0003\000x}{section.16}% 17
\BOOKMARK [2][-]{subsection.16.7}{\376\377\0003\0003\000y}{section.16}% 18
\BOOKMARK [2][-]{subsection.16.8}{\376\377\0003\0002\000\040\000x\000\040\000y}{section.16}% 19
\BOOKMARK [2][-]{subsection.16.9}{\376\377\0003\0002\000\040\000y\000\040\000x}{section.16}% 20
\BOOKMARK [1][-]{section.18}{\376\377\000c\000h\000e\000c\000k\000i\000n\000g\000\040\000p\000a\000r\000t\000i\000a\000l\000\040\000d\000e\000r\000i\000v\000a\000t\000i\000v\000e\000s}{}% 21
