\BOOKMARK [1][-]{section.1}{\376\377\000p\000r\000o\000j\000e\000c\000t\000i\000o\000n\000s\000\040\000o\000r\000\040\000s\000m\000t}{}% 1
\BOOKMARK [2][-]{subsection.1.1}{\376\377\000p\000r\000o\000j\000e\000c\000t\000i\000o\000n\000s}{section.1}% 2
\BOOKMARK [2][-]{subsection.1.2}{\376\377\000T\000O\000D\000O\000\040\000l\000a\000n\000g\000u\000a\000g\000e\000\040\000o\000f\000\040\000p\000r\000o\000j\000e\000c\000t\000i\000o\000n\000s\000?}{section.1}% 3
\BOOKMARK [1][-]{section.2}{\376\377\000v\000e\000c\000t\000o\000r\000s\000\040\000p\000r\000o\000b\000l\000e\000m\000s}{}% 4
\BOOKMARK [2][-]{subsection.2.1}{\376\377\000a\000d\000d\000i\000n\000g\000\040\000t\000w\000o\000\040\000v\000e\000c\000t\000o\000r\000s\000\040\000a\0001\000,\000\040\000a\0002\000,\000\040\000a\0003\000\040\000\040\000a\000n\000d\000\040\000b\0001\000,\000\040\000b\0002\000,\000\040\000b\0003\000\040}{section.2}% 5
\BOOKMARK [3][-]{subsubsection.2.1.1}{\376\377\000t\000h\000e\000\040\000c\000o\000o\000r\000d\000i\000n\000a\000t\000e\000s\000\040\000o\000f\000\040\000t\000h\000e\000\040\000s\000u\000m}{subsection.2.1}% 6
\BOOKMARK [3][-]{subsubsection.2.1.2}{\376\377\000a\000d\000d\000i\000n\000g\000\040\000v\000e\000c\000t\000o\000r\000s}{subsection.2.1}% 7
\BOOKMARK [3][-]{subsubsection.2.1.3}{\376\377\000s\000u\000b\000t\000r\000a\000c\000t\000i\000n\000g\000\040\000v\000e\000c\000t\000o\000r\000s}{subsection.2.1}% 8
\BOOKMARK [2][-]{subsection.2.2}{\376\377\000f\000i\000n\000d\000i\000n\000g\000\040\000t\000h\000e\000\040\000v\000e\000c\000t\000o\000r\000\040\000b\000e\000t\000w\000e\000e\000n\000\040\000t\000w\000o\000\040\000p\000o\000i\000n\000t\000s}{section.2}% 9
\BOOKMARK [2][-]{subsection.2.3}{\376\377\000p\000r\000a\000c\000t\000i\000c\000e\000\040\000p\000r\000o\000b\000l\000e\000m\000s}{section.2}% 10
\BOOKMARK [3][-]{subsubsection.2.3.1}{\376\377\000m\000a\000g\000n\000i\000t\000u\000d\000e\000\040\000o\000f\000\040\000a}{subsection.2.3}% 11
\BOOKMARK [3][-]{subsubsection.2.3.2}{\376\377\000m\000a\000g\000n\000i\000t\000u\000d\000e\000\040\000o\000f\000\040\000b}{subsection.2.3}% 12
\BOOKMARK [3][-]{subsubsection.2.3.3}{\376\377\000\040\000+\000\040}{subsection.2.3}% 13
\BOOKMARK [3][-]{subsubsection.2.3.4}{\376\377\000\040\000-\000\040}{subsection.2.3}% 14
\BOOKMARK [3][-]{subsubsection.2.3.5}{\376\377\0003}{subsection.2.3}% 15
\BOOKMARK [3][-]{subsubsection.2.3.6}{\376\377\0002\000\040\000\040\000+\000\040\0005\000\040}{subsection.2.3}% 16
\BOOKMARK [3][-]{subsubsection.2.3.7}{\376\377\000,\000\040}{subsection.2.3}% 17
\BOOKMARK [3][-]{subsubsection.2.3.8}{\376\377\000x}{subsection.2.3}% 18
\BOOKMARK [2][-]{subsection.2.4}{\376\377\000t\000r\000i\000a\000n\000g\000l\000e\000\040\000p\000r\000o\000o\000f}{section.2}% 19
\BOOKMARK [1][-]{section.3}{\376\377\000p\000r\000o\000v\000i\000n\000g\000\040\000v\000e\000c\000t\000o\000r\000\040\000p\000r\000o\000p\000e\000r\000t\000i\000e\000s}{}% 20
\BOOKMARK [2][-]{subsection.3.1}{\376\377\000a\000\040\000+\000\040\000b\000\040\000=\000\040\000b\000\040\000+\000\040\000a}{section.3}% 21
\BOOKMARK [2][-]{subsection.3.2}{\376\377\000c\000\050\000a\000\040\000+\000\040\000b\000\051\000\040\000=\000\040\000c\000a\000\040\000+\000\040\000c\000b}{section.3}% 22
\BOOKMARK [2][-]{subsection.3.3}{\376\377\000\050\000c\000d\000\051\000a\000\040\000=\000\040\000c\000\050\000d\000a\000\051}{section.3}% 23
