\BOOKMARK [1][-]{section.1}{\376\377\000s\000o\000u\000r\000c\000e\000s}{}% 1
\BOOKMARK [2][-]{subsection.1.1}{\376\377\000g\000e\000n\000t\000l\000e\000\040\000i\000n\000t\000r\000o\000d\000u\000c\000t\000i\000o\000n\000s}{section.1}% 2
\BOOKMARK [3][-]{subsubsection.1.1.1}{\376\377\000`\000\040\000`\000\045\000%\000%\000`\000\043\000`\000\046\0001\0002\000\137\000`\000\137\000\137\000~\000~\000~\sub\000s\000u\000b\000s\000e\000c\000t\000i\000o\000n\000.\0001\000.\0001\000.\0001}{subsection.1.1}% 3
\BOOKMARK [3][-]{subsubsection.1.1.2}{\376\377\000`\000\040\000`\000\045\000%\000%\000`\000\043\000`\000\046\0001\0002\000\137\000`\000\137\000\137\000~\000~\000~\sub\000s\000u\000b\000s\000e\000c\000t\000i\000o\000n\000.\0001\000.\0001\000.\0002}{subsection.1.1}% 4
\BOOKMARK [3][-]{subsubsection.1.1.3}{\376\377\000`\000\040\000`\000\045\000%\000%\000`\000\043\000`\000\046\0001\0002\000\137\000`\000\137\000\137\000~\000~\000~\sub\000s\000u\000b\000s\000e\000c\000t\000i\000o\000n\000.\0001\000.\0001\000.\0003}{subsection.1.1}% 5
\BOOKMARK [1][-]{section.2}{\376\377\000o\000v\000e\000r\000v\000i\000e\000w}{}% 6
\BOOKMARK [2][-]{subsection.2.1}{\376\377\000c\000o\000m\000p\000u\000t\000a\000t\000i\000o\000n\000a\000l\000\040\000c\000o\000m\000p\000l\000e\000x\000i\000t\000y\000\040\000t\000h\000e\000o\000r\000y\000\040\000s\000t\000u\000d\000i\000e\000s\000\040\000h\000o\000w\000\040\000"\000d\000i\000f\000f\000i\000c\000u\000l\000t\000"\000\040\000a\000\040\000p\000r\000o\000b\000l\000e\000m\000\040\000i\000s}{section.2}% 7
\BOOKMARK [3][-]{subsubsection.2.1.1}{\376\377\000i\000m\000p\000o\000r\000t\000a\000n\000t\000l\000y\000,\000\040\000n\000o\000t\000\040\000h\000o\000w\000\040\000"\000g\000o\000o\000d\000"\000\040\000a\000n\000\040\000a\000l\000g\000o\000r\000i\000t\000h\000m\000\040\000i\000s\040\046\000\040\000t\000h\000i\000s\000\040\000f\000i\000e\000l\000d\000\040\000d\000e\000a\000l\000s\000\040\000w\000i\000t\000h\000\040\000a\000l\000l\000\040\000a\000l\000g\000o\000r\000i\000t\000h\000m\000s\000\040\000t\000h\000a\000t\000\040\000s\000o\000l\000v\000e\000\040\000a\000\040\000g\000i\000v\000e\000n\000\040\000p\000r\000o\000b\000l\000e\000m}{subsection.2.1}% 8
\BOOKMARK [2][-]{subsection.2.2}{\376\377\000k\000e\000y\000\040\000c\000o\000n\000c\000e\000p\000t\000s}{section.2}% 9
\BOOKMARK [3][-]{subsubsection.2.2.1}{\376\377\000t\000y\000p\000e\000s\000\040\000o\000f\000\040\000p\000r\000o\000b\000l\000e\000m\000s}{subsection.2.2}% 10
\BOOKMARK [3][-]{subsubsection.2.2.2}{\376\377\000T\000u\000r\000i\000n\000g\000\040\000m\000a\000c\000h\000i\000n\000e\000s}{subsection.2.2}% 11
\BOOKMARK [3][-]{subsubsection.2.2.3}{\376\377\000r\000e\000d\000u\000c\000i\000b\000i\000l\000i\000t\000y}{subsection.2.2}% 12
\BOOKMARK [3][-]{subsubsection.2.2.4}{\376\377\000c\000o\000m\000p\000l\000e\000x\000i\000t\000y\000\040\000c\000l\000a\000s\000s\000e\000s}{subsection.2.2}% 13
\BOOKMARK [3][-]{subsubsection.2.2.5}{\376\377\000h\000i\000e\000r\000a\000r\000c\000h\000y}{subsection.2.2}% 14
\BOOKMARK [2][-]{subsection.2.3}{\376\377\000k\000e\000y\000\040\000p\000r\000o\000b\000l\000e\000m\000s}{section.2}% 15
\BOOKMARK [3][-]{subsubsection.2.3.1}{\376\377\000P\000\040\000v\000s\000\040\000N\000P}{subsection.2.3}% 16
\BOOKMARK [1][-]{section.3}{\376\377\000r\000i\000c\000h\000a\000r\000d\000\040\000k\000a\000r\000p\000\040\000\050\000t\000h\000e\000\040\000a\000c\000t\000u\000a\000l\000\040\000a\000s\000s\000i\000g\000n\000m\000e\000n\000t\000\051}{}% 17
\BOOKMARK [2][-]{subsection.3.1}{\376\377\000o\000v\000e\000r\000v\000i\000e\000w}{section.3}% 18
\BOOKMARK [3][-]{subsubsection.3.1.1}{\376\377\000b\000a\000s\000i\000c\000a\000l\000l\000y\000,\000\040\000s\000e\000e\000\040\000`\000\040\000`\000\045\000%\000%\000`\000\043\000`\000\046\0001\0002\000\137\000`\000\137\000\137\000~\000~\000~\sub\000s\000u\000b\000s\000e\000c\000t\000i\000o\000n\000.\0003\000.\0001\000.\0001}{subsection.3.1}% 19
\BOOKMARK [2][-]{subsection.3.2}{\376\377\000T\000O\000D\000O\000\040\000s\000t\000o\000r\000y\000b\000o\000a\000r\000d\000\040\000r\000i\000c\000h\000a\000r\000d\000\040\000k\000a\000r\000p\000\040\000l\000i\000f\000e}{section.3}% 20
\BOOKMARK [1][-]{section.4}{\376\377\000v\000o\000c\000a\000b\000\040\000a\000n\000d\000\040\000d\000e\000f\000i\000n\000i\000t\000i\000o\000n\000s\000d\000e\000f}{}% 21
\BOOKMARK [2][-]{subsection.4.1}{\376\377\000D\000T\000M\000,\000\040\000d\000e\000t\000e\000r\000m\000i\000n\000i\000s\000t\000i\000c\000\040\000T\000u\000r\000i\000n\000g\000\040\000m\000a\000c\000h\000i\000n\000e}{section.4}% 22
\BOOKMARK [1][-]{section.5}{\376\377\000c\000o\000m\000p\000l\000e\000x\000i\000t\000y\000\040\000c\000l\000a\000s\000s\000e\000s}{}% 23
\BOOKMARK [2][-]{subsection.5.1}{\376\377\000P}{section.5}% 24
\BOOKMARK [2][-]{subsection.5.2}{\376\377\000N\000P}{section.5}% 25
\BOOKMARK [3][-]{subsubsection.5.2.1}{\376\377\000w\000h\000a\000t\000s\000\040\000u\000p\000\040\000w\000i\000t\000h\000\040\000c\000o\000N\000P\000?\000\040\000c\000h\000e\000c\000k\000i\000n\000\040\000"\000n\000o\000"\000?\000?\000t\000o\000e\000x\000p\000a\000n\000d}{subsection.5.2}% 26
\BOOKMARK [2][-]{subsection.5.3}{\376\377\000N\000P\000-\000c\000o\000m\000p\000l\000e\000t\000e}{section.5}% 27
\BOOKMARK [2][-]{subsection.5.4}{\376\377\000P\000H\000\040\000\050\000p\000o\000l\000y\000n\000o\000m\000i\000a\000l\000\040\000h\000i\000e\000r\000a\000r\000c\000h\000y\000?\000\051\000t\000o\000e\000x\000p\000a\000n\000d}{section.5}% 28
\BOOKMARK [2][-]{subsection.5.5}{\376\377\000P\000S\000P\000A\000C\000E}{section.5}% 29
\BOOKMARK [2][-]{subsection.5.6}{\376\377\000E\000X\000P}{section.5}% 30
\BOOKMARK [2][-]{subsection.5.7}{\376\377\000A\000C\0000\000,\000\040\000N\000C\0000\000,\000\040\000N\000C}{section.5}% 31
\BOOKMARK [2][-]{subsection.5.8}{\376\377\000L}{section.5}% 32
\BOOKMARK [2][-]{subsection.5.9}{\376\377\000P\000/\000p\000o\000l\000y}{section.5}% 33
\BOOKMARK [2][-]{subsection.5.10}{\376\377\000B\000P\000P}{section.5}% 34
\BOOKMARK [1][-]{section.6}{\376\377\000f\000l\000o\000w\000s}{}% 35
\BOOKMARK [2][-]{subsection.6.1}{\376\377\000W\000i\000k\000i\000p\000e\000d\000i\000a\000\040\000c\000o\000m\000p\000u\000t\000a\000t\000i\000o\000n\000a\000l\000\040\000c\000o\000m\000p\000l\000e\000x\000i\000t\000y\000\040\000t\000h\000e\000o\000r\000y}{section.6}% 36
\BOOKMARK [3][-]{subsubsection.6.1.1}{\376\377\000c\000o\000m\000p\000u\000t\000a\000t\000i\000o\000n\000a\000l\000\040\000p\000r\000o\000b\000l\000e\000m\000s}{subsection.6.1}% 37
\BOOKMARK [3][-]{subsubsection.6.1.2}{\376\377\000m\000a\000c\000h\000i\000n\000e\000\040\000m\000o\000d\000e\000l\000s\000\040\000a\000n\000d\000\040\000c\000o\000m\000p\000l\000e\000x\000i\000t\000y\000\040\000m\000e\000a\000s\000u\000r\000e\000s}{subsection.6.1}% 38
\BOOKMARK [3][-]{subsubsection.6.1.3}{\376\377\000c\000o\000m\000p\000l\000e\000x\000i\000t\000y\000\040\000c\000l\000a\000s\000s\000e\000s}{subsection.6.1}% 39
\BOOKMARK [3][-]{subsubsection.6.1.4}{\376\377\000i\000m\000p\000o\000r\000t\000a\000n\000t\000\040\000o\000p\000e\000n\000\040\000p\000r\000o\000b\000l\000e\000m\000s}{subsection.6.1}% 40
\BOOKMARK [3][-]{subsubsection.6.1.5}{\376\377\000I\000n\000t\000r\000a\000c\000t\000a\000b\000i\000l\000i\000t\000y}{subsection.6.1}% 41
\BOOKMARK [3][-]{subsubsection.6.1.6}{\376\377\000c\000o\000n\000t\000i\000n\000u\000o\000u\000s\000\040\000c\000o\000m\000p\000l\000e\000x\000i\000t\000y\000\040\000t\000h\000e\000o\000r\000y\000t\000o\000e\000x\000p\000a\000n\000d}{subsection.6.1}% 42
\BOOKMARK [3][-]{subsubsection.6.1.7}{\376\377\000H\000i\000s\000t\000o\000r\000y}{subsection.6.1}% 43
