\BOOKMARK [1][-]{section.1}{\376\377\000A\000\040\000B\000a\000d\000,\000\040\000B\000r\000i\000e\000f\000\040\000T\000i\000m\000e\000l\000i\000n\000e\000\040\000o\000f\000\040\000t\000h\000e\000\040\000R\000e\000v\000o\000l\000u\000t\000i\000o\000n}{}% 1
\BOOKMARK [2][-]{subsection.1.1}{\376\377\0001\0007\0006\0000\000\040\000-\000\040\000F\000r\000e\000n\000c\000h\000\040\000a\000n\000d\000\040\000I\000n\000d\000i\000a\000n\000\040\000W\000a\000r\000,\000\040\000c\000o\000n\000t\000'\000d}{section.1}% 2
\BOOKMARK [2][-]{subsection.1.2}{\376\377\0001\0007\0007\0000\000s\000\040\000-\000\040\000T\000h\000e\000\040\000R\000e\000v\000o\000l\000u\000t\000i\000o\000n}{section.1}% 3
\BOOKMARK [3][-]{subsubsection.1.2.1}{\376\377\0001\0007\0007\0005\000:\000\040\000C\000o\000m\000m\000o\000n\000\040\000S\000e\000n\000s\000e\000/\000P\000l\000a\000i\000n\000\040\000T\000r\000u\000t\000h}{subsection.1.2}% 4
\BOOKMARK [3][-]{subsubsection.1.2.2}{\376\377\0001\0007\0007\0006\000:\000\040\000I\000n\000d\000e\000p\000e\000n\000d\000e\000n\000c\000e\000\040\000D\000e\000c\000l\000a\000r\000e\000d}{subsection.1.2}% 5
\BOOKMARK [3][-]{subsubsection.1.2.3}{\376\377\0001\0007\0007\0007\000:\000\040\000A\000r\000t\000i\000c\000l\000e\000s\000\040\000o\000f\000\040\000C\000o\000n\000f\000e\000d\000e\000r\000a\000t\000i\000o\000n}{subsection.1.2}% 6
\BOOKMARK [3][-]{subsubsection.1.2.4}{\376\377\0001\0007\0008\0007\000:\000\040\000C\000o\000n\000s\000t\000i\000t\000u\000t\000i\000o\000n}{subsection.1.2}% 7
\BOOKMARK [1][-]{section.2}{\376\377\000A\000\040\000L\000o\000n\000g\000e\000r\000,\000\040\000B\000e\000t\000t\000e\000r\000\040\000T\000i\000m\000e\000l\000i\000n\000e}{}% 8
\BOOKMARK [2][-]{subsection.2.1}{\376\377\000T\000h\000e\000\040\000R\000e\000v\000o\000l\000u\000t\000i\000o\000n\000\040\000S\000t\000a\000r\000t\000s\000\040\000\050\000n\000o\000t\000\040\000d\000e\000c\000l\000a\000r\000e\000d\000\040\000w\000a\000r\000\040\000i\000n\000\040\0001\0007\0007\0005\000\051}{section.2}% 9
\BOOKMARK [3][-]{subsubsection.2.1.1}{\376\377\0001\0007\0007\0005\000:\000\040\000o\000r\000g\000a\000n\000i\000z\000e\000d\000\040\000a\000r\000m\000y}{subsection.2.1}% 10
\BOOKMARK [3][-]{subsubsection.2.1.2}{\376\377\0001\0007\0007\0005\000@\000q\000u\000e\000b\000e\000c}{subsection.2.1}% 11
\BOOKMARK [3][-]{subsubsection.2.1.3}{\376\377\000W\000i\000n\000t\000e\000r\000\040\0001\0007\0007\0005}{subsection.2.1}% 12
\BOOKMARK [2][-]{subsection.2.2}{\376\377\000P\000r\000o\000p\000a\000g\000a\000n\000d\000a\000\040\000a\000b\000o\000u\000t\000\040\000W\000a\000r\000\040\000S\000t\000a\000r\000t\000s\000:\000\040\0001\0007\0007\0006}{section.2}% 13
\BOOKMARK [3][-]{subsubsection.2.2.1}{\376\377\000C\000o\000m\000m\000o\000n\000s\000\040\000S\000e\000n\000s\000e}{subsection.2.2}% 14
\BOOKMARK [3][-]{subsubsection.2.2.2}{\376\377\000N\000e\000w\000\040\000W\000a\000r\000f\000a\000r\000e}{subsection.2.2}% 15
\BOOKMARK [3][-]{subsubsection.2.2.3}{\376\377\000B\000r\000i\000t\000i\000s\000h\000\040\000D\000e\000f\000e\000a\000t\000s}{subsection.2.2}% 16
\BOOKMARK [3][-]{subsubsection.2.2.4}{\376\377\000C\000h\000r\000i\000s\000t\000m\000a\000s\000\040\0001\0007\0007\0006}{subsection.2.2}% 17
\BOOKMARK [2][-]{subsection.2.3}{\376\377\000T\000u\000r\000n\000i\000n\000g\000\040\000P\000o\000i\000n\000t\000:\000\040\0001\0007\0007\0007}{section.2}% 18
\BOOKMARK [2][-]{subsection.2.4}{\376\377\000P\000a\000r\000i\000s\000\040\000P\000e\000a\000c\000e\000\040\000T\000r\000e\000a\000t\000y\000,\000\040\0001\0007\0008\0003}{section.2}% 19
\BOOKMARK [2][-]{subsection.2.5}{\376\377\000O\000k\000\040\000s\000o\000\040\000n\000o\000w\000\040\000w\000h\000a\000t\000?}{section.2}% 20
\BOOKMARK [1][-]{section.3}{\376\377\000C\000a\000u\000s\000e\000s\000\040\000f\000o\000r\000\040\000t\000h\000e\000\040\000R\000e\000v\000o\000l\000u\000t\000i\000o\000n}{}% 21
\BOOKMARK [2][-]{subsection.3.1}{\376\377\000I\000d\000e\000o\000l\000o\000g\000i\000c\000a\000l}{section.3}% 22
\BOOKMARK [2][-]{subsection.3.2}{\376\377\000T\000e\000c\000h\000n\000i\000c\000a\000l}{section.3}% 23
\BOOKMARK [1][-]{section.4}{\376\377\000R\000e\000v\000o\000l\000u\000t\000i\000o\000n\000\040\000H\000i\000s\000t\000o\000r\000i\000o\000g\000r\000a\000p\000h\000y}{}% 24
\BOOKMARK [1][-]{section.5}{\376\377\000S\000y\000n\000t\000h\000e\000s\000i\000s}{}% 25
