\BOOKMARK [1][-]{section.1}{\376\377\000T\000w\000o\000\040\000F\000o\000c\000a\000l\000\040\000Q\000u\000e\000s\000t\000i\000o\000n\000s\000\040\000a\000n\000d\000\040\000C\000e\000n\000t\000e\000r\000i\000n\000g\000\040\000P\000o\000i\000n\000t\000s}{}% 1
\BOOKMARK [1][-]{section.2}{\376\377\000C\000o\000n\000d\000i\000t\000i\000o\000n\000s\000\040\000o\000f\000\040\000W\000a\000r}{}% 2
\BOOKMARK [2][-]{subsection.2.1}{\376\377\000G\000e\000o\000g\000r\000a\000p\000h\000y}{section.2}% 3
\BOOKMARK [2][-]{subsection.2.2}{\376\377\000E\000c\000o\000n\000o\000m\000i\000c\000\040\000D\000e\000v\000e\000l\000o\000p\000m\000e\000n\000t}{section.2}% 4
\BOOKMARK [2][-]{subsection.2.3}{\376\377\000D\000e\000m\000o\000g\000r\000a\000p\000h\000i\000c\000s}{section.2}% 5
\BOOKMARK [2][-]{subsection.2.4}{\376\377\000S\000l\000a\000v\000e\000r\000y}{section.2}% 6
\BOOKMARK [3][-]{subsubsection.2.4.1}{\376\377\000A\000b\000o\000l\000i\000t\000i\000o\000n}{subsection.2.4}% 7
\BOOKMARK [3][-]{subsubsection.2.4.2}{\376\377\000U\000n\000c\000l\000e\000\040\000T\000o\000m\000'\000s\000\040\000C\000a\000b\000i\000n}{subsection.2.4}% 8
\BOOKMARK [2][-]{subsection.2.5}{\376\377\000W\000e\000s\000t\000e\000r\000n\000\040\000E\000x\000p\000a\000n\000s\000i\000o\000n}{section.2}% 9
\BOOKMARK [2][-]{subsection.2.6}{\376\377\000T\000e\000c\000h\000n\000o\000l\000o\000g\000i\000c\000a\000l\000\040\000C\000h\000a\000n\000g\000e\000s}{section.2}% 10
\BOOKMARK [2][-]{subsection.2.7}{\376\377\000J\000o\000h\000n\000\040\000B\000r\000o\000w\000n\000\040\000R\000a\000i\000d}{section.2}% 11
\BOOKMARK [2][-]{subsection.2.8}{\376\377\000E\000l\000e\000c\000t\000i\000o\000n\000s}{section.2}% 12
\BOOKMARK [2][-]{subsection.2.9}{\376\377\000F\000o\000r\000d\000\040\000S\000u\000m\000t\000e\000r}{section.2}% 13
\BOOKMARK [1][-]{section.3}{\376\377\000W\000h\000a\000t\000\040\000I\000f\000?}{}% 14
\BOOKMARK [1][-]{section.4}{\376\377\000I\000m\000p\000e\000n\000d\000i\000n\000g\000\040\000C\000r\000i\000s\000i\000s}{}% 15
\BOOKMARK [1][-]{section.5}{\376\377\000P\000e\000r\000s\000p\000e\000c\000t\000i\000v\000e\000s\000\040\000o\000n\000\040\000S\000l\000a\000v\000e\000r\000y}{}% 16
\BOOKMARK [2][-]{subsection.5.1}{\376\377\000N\000o\000r\000t\000h\000e\000r\000n\000\040\000A\000r\000g\000u\000m\000e\000n\000t\000s}{section.5}% 17
\BOOKMARK [3][-]{subsubsection.5.1.1}{\376\377\000N\000o\000r\000t\000h\000e\000r\000n\000\040\000S\000o\000u\000r\000c\000e\000s}{subsection.5.1}% 18
\BOOKMARK [3][-]{subsubsection.5.1.2}{\376\377\000I\000m\000p\000a\000c\000t\000\040\000o\000f\000\040\000S\000l\000a\000v\000e\000r\000y\000\040\000o\000n\000\040\000L\000a\000n\000d}{subsection.5.1}% 19
\BOOKMARK [3][-]{subsubsection.5.1.3}{\376\377\000I\000m\000p\000a\000c\000t\000\040\000o\000f\000\040\000S\000l\000a\000v\000e\000r\000y\000\040\000o\000n\000\040\000E\000c\000o\000n\000o\000m\000y}{subsection.5.1}% 20
\BOOKMARK [2][-]{subsection.5.2}{\376\377\000S\000o\000u\000t\000h\000e\000r\000n\000\040\000A\000r\000g\000u\000m\000e\000n\000t\000s}{section.5}% 21
\BOOKMARK [3][-]{subsubsection.5.2.1}{\376\377\000"\000S\000t\000a\000t\000e\000s\000\040\000R\000i\000g\000h\000t\000s\000"}{subsection.5.2}% 22
\BOOKMARK [3][-]{subsubsection.5.2.2}{\376\377\000H\000i\000d\000i\000n\000g\000\040\000t\000h\000e\000\040\000W\000a\000n\000t\000\040\000o\000f\000\040\000S\000l\000a\000v\000e\000r\000y}{subsection.5.2}% 23
\BOOKMARK [2][-]{subsection.5.3}{\376\377\000N\000a\000t\000\040\000T\000u\000r\000n\000e\000r}{section.5}% 24
\BOOKMARK [2][-]{subsection.5.4}{\376\377\000R\000e\000f\000l\000e\000c\000t\000i\000o\000n\000s}{section.5}% 25
\BOOKMARK [1][-]{section.6}{\376\377\000L\000i\000n\000c\000o\000l\000n\000\040\000a\000n\000d\000\040\000D\000o\000u\000g\000l\000a\000s\000s}{}% 26
\BOOKMARK [2][-]{subsection.6.1}{\376\377\000L\000i\000n\000c\000o\000l\000n}{section.6}% 27
\BOOKMARK [3][-]{subsubsection.6.1.1}{\376\377\000C\000i\000v\000i\000l\000\040\000W\000a\000r\000\040\000S\000t\000r\000a\000t\000e\000g\000y}{subsection.6.1}% 28
\BOOKMARK [2][-]{subsection.6.2}{\376\377\000D\000o\000u\000g\000l\000a\000s\000s}{section.6}% 29
