\BOOKMARK [1][-]{section.1}{\376\377\000R\000e\000a\000d\000i\000n\000g\000\040\000N\000o\000t\000e\000s}{}% 1
\BOOKMARK [1][-]{section.2}{\376\377\000G\000u\000i\000l\000d\000e\000d\000\040\000A\000g\000e\000\040\000E\000s\000s\000a\000y}{}% 2
\BOOKMARK [1][-]{section.3}{\376\377\000C\000o\000n\000t\000e\000x\000t}{}% 3
\BOOKMARK [2][-]{subsection.3.1}{\376\377\000I\000s\000s\000u\000e\000s\000\040\000o\000f\000\040\000t\000h\000e\000\040\000G\000u\000i\000l\000d\000e\000d\000\040\000A\000g\000e}{section.3}% 4
\BOOKMARK [2][-]{subsection.3.2}{\376\377\000W\000h\000y\000\040\000"\000G\000u\000i\000l\000d\000e\000d\000"\000?}{section.3}% 5
\BOOKMARK [1][-]{section.4}{\376\377\000B\000a\000c\000k\000g\000r\000o\000u\000n\000d\000:\000\040\000C\000i\000v\000i\000l\000\040\000W\000a\000r\000\040\000\046\000\040\000M\000o\000d\000e\000r\000n\000\040\000A\000m\000e\000r\000i\000c\000a}{}% 6
\BOOKMARK [1][-]{section.5}{\376\377\000I\000s\000s\000u\000e\000s\000\040\000o\000f\000\040\000t\000h\000e\000\040\000G\000u\000i\000l\000d\000e\000d\000\040\000A\000g\000e}{}% 7
\BOOKMARK [2][-]{subsection.5.1}{\376\377\000I\000m\000m\000i\000g\000r\000a\000t\000i\000o\000n}{section.5}% 8
\BOOKMARK [2][-]{subsection.5.2}{\376\377\000U\000r\000b\000a\000n\000i\000z\000a\000t\000i\000o\000n}{section.5}% 9
\BOOKMARK [2][-]{subsection.5.3}{\376\377\000S\000o\000c\000i\000a\000l\000\040\000A\000c\000t\000i\000v\000i\000s\000m}{section.5}% 10
\BOOKMARK [2][-]{subsection.5.4}{\376\377\000I\000n\000d\000u\000s\000t\000r\000i\000a\000l\000i\000z\000a\000t\000i\000o\000n}{section.5}% 11
\BOOKMARK [2][-]{subsection.5.5}{\376\377\000P\000o\000l\000i\000t\000i\000c\000s}{section.5}% 12
\BOOKMARK [2][-]{subsection.5.6}{\376\377\000C\000u\000l\000t\000u\000r\000e}{section.5}% 13
\BOOKMARK [2][-]{subsection.5.7}{\376\377\000C\000o\000r\000p\000o\000r\000t\000i\000z\000a\000t\000i\000o\000n}{section.5}% 14
\BOOKMARK [2][-]{subsection.5.8}{\376\377\000T\000h\000i\000r\000d\000\040\000P\000a\000r\000t\000y}{section.5}% 15
\BOOKMARK [1][-]{section.6}{\376\377\000W\000h\000o\000\040\000i\000s\000\040\000A\000m\000e\000r\000i\000c\000a\000?}{}% 16
\BOOKMARK [1][-]{section.7}{\376\377\000R\000e\000s\000e\000a\000r\000c\000h\000\040\000P\000r\000o\000j\000e\000c\000t}{}% 17
\BOOKMARK [1][-]{section.8}{\376\377\000N\000e\000w\000\040\000A\000m\000e\000r\000i\000c\000a\000n\000\040\000S\000o\000u\000t\000h}{}% 18
\BOOKMARK [2][-]{subsection.8.1}{\376\377\000R\000e\000d\000e\000e\000m\000e\000r\000\040\000G\000o\000v\000e\000r\000n\000m\000e\000n\000t\000s}{section.8}% 19
\BOOKMARK [2][-]{subsection.8.2}{\376\377\000P\000u\000s\000h\000\040\000f\000o\000r\000\040\000C\000i\000v\000i\000l\000\040\000R\000i\000g\000h\000t\000s}{section.8}% 20
\BOOKMARK [1][-]{section.9}{\376\377\000T\000h\000e\000\040\000W\000e\000s\000t}{}% 21
\BOOKMARK [2][-]{subsection.9.1}{\376\377\000I\000n\000d\000i\000a\000n\000\040\000R\000e\000m\000o\000v\000a\000l}{section.9}% 22
\BOOKMARK [1][-]{section.10}{\376\377\000I\000m\000p\000e\000r\000i\000a\000l\000i\000s\000m}{}% 23
\BOOKMARK [1][-]{section.11}{\376\377\000T\000e\000d\000d\000y\000\040\000R\000o\000o\000s\000e\000v\000e\000l\000t}{}% 24
\BOOKMARK [1][-]{section.12}{\376\377\000G\000u\000i\000l\000d\000e\000d\000\040\000A\000g\000e\000,\000\040\000t\000h\000e\000\040\000N\000a\000m\000e}{}% 25
\BOOKMARK [2][-]{subsection.12.1}{\376\377\000R\000e\000b\000e\000k\000a\000h\000\040\000E\000d\000w\000a\000r\000d\000s}{section.12}% 26
\BOOKMARK [2][-]{subsection.12.2}{\376\377\000R\000i\000c\000h\000a\000r\000d\000\040\000J\000o\000h\000n}{section.12}% 27
\BOOKMARK [2][-]{subsection.12.3}{\376\377\000R\000i\000c\000h\000a\000r\000d\000\040\000B\000e\000n\000z\000e\000l}{section.12}% 28
\BOOKMARK [1][-]{section.13}{\376\377\000G\000u\000i\000l\000d\000e\000d\000\040\000A\000g\000e\000\040\000E\000s\000s\000a\000y}{}% 29
