\BOOKMARK [1][-]{section.1}{\376\377\000T\000a\000l\000k\000i\000n\000g\000\040\000a\000b\000o\000u\000t\000\040\000t\000h\000e\000\040\000E\000s\000s\000a\000y}{}% 1
\BOOKMARK [2][-]{subsection.1.1}{\376\377\000F\000i\000l\000e\000\040\000O\000r\000g\000a\000n\000i\000z\000a\000t\000i\000o\000n}{section.1}% 2
\BOOKMARK [2][-]{subsection.1.2}{\376\377\000W\000h\000e\000n\000\040\000i\000s\000\040\000t\000h\000e\000\040\000d\000r\000a\000f\000t\000\040\000d\000u\000e\000?}{section.1}% 3
\BOOKMARK [1][-]{section.2}{\376\377\000E\000u\000r\000o\000p\000e\000a\000n\000\040\000C\000o\000l\000o\000n\000i\000z\000a\000t\000i\000o\000n}{}% 4
\BOOKMARK [1][-]{section.3}{\376\377\000V\000o\000y\000a\000g\000e\000s\000\040\000o\000f\000\040\000D\000i\000s\000c\000o\000v\000e\000r\000y}{}% 5
\BOOKMARK [2][-]{subsection.3.1}{\376\377\000M\000o\000t\000i\000v\000a\000t\000i\000o\000n\000s}{section.3}% 6
\BOOKMARK [2][-]{subsection.3.2}{\376\377\000M\000e\000r\000c\000a\000n\000t\000i\000l\000i\000s\000m}{section.3}% 7
\BOOKMARK [1][-]{section.4}{\376\377\000C\000o\000l\000o\000n\000i\000z\000e\000r\000s}{}% 8
\BOOKMARK [2][-]{subsection.4.1}{\376\377\000R\000u\000s\000s\000i\000a\000n\000s\000!}{section.4}% 9
\BOOKMARK [2][-]{subsection.4.2}{\376\377\000S\000p\000a\000i\000n\000!}{section.4}% 10
\BOOKMARK [3][-]{subsubsection.4.2.1}{\376\377\000G\000o\000a\000l\000s}{subsection.4.2}% 11
\BOOKMARK [3][-]{subsubsection.4.2.2}{\376\377\000W\000e\000a\000k\000n\000e\000s\000s\000e\000s}{subsection.4.2}% 12
\BOOKMARK [2][-]{subsection.4.3}{\376\377\000E\000n\000g\000l\000a\000n\000d\000!}{section.4}% 13
\BOOKMARK [2][-]{subsection.4.4}{\376\377\000F\000r\000a\000n\000c\000e}{section.4}% 14
\BOOKMARK [1][-]{section.5}{\376\377\000C\000o\000l\000o\000n\000i\000z\000e\000d}{}% 15
\BOOKMARK [1][-]{section.6}{\376\377\000C\000o\000l\000o\000n\000i\000a\000l\000\040\000A\000m\000e\000r\000i\000c\000a\000,\000\040\000t\000h\000e\000\040\000T\000h\000i\000r\000t\000e\000e\000n\000\040\000A\000m\000e\000r\000i\000c\000a\000n\000\040\000C\000o\000l\000o\000n\000i\000e\000s}{}% 16
\BOOKMARK [2][-]{subsection.6.1}{\376\377\000J\000a\000m\000e\000s\000t\000o\000w\000n\000,\000\040\000V\000i\000r\000g\000i\000n\000i\000a}{section.6}% 17
\BOOKMARK [3][-]{subsubsection.6.1.1}{\376\377\000B\000a\000c\000o\000n\000'\000s\000\040\000R\000e\000b\000e\000l\000l\000i\000o\000n}{subsection.6.1}% 18
\BOOKMARK [2][-]{subsection.6.2}{\376\377\000T\000h\000e\000\040\000M\000a\000y\000f\000l\000o\000w\000e\000r}{section.6}% 19
\BOOKMARK [2][-]{subsection.6.3}{\376\377\000P\000u\000r\000i\000t\000a\000n\000'\000s\000\040\000C\000o\000l\000o\000n\000i\000e\000s\000:\000\040\000M\000a\000s\000s\000a\000c\000h\000u\000s\000e\000t\000t\000s\000\040\000B\000a\000y}{section.6}% 20
\BOOKMARK [3][-]{subsubsection.6.3.1}{\376\377\000F\000r\000o\000m\000\040\000M\000a\000s\000s\000a\000c\000h\000u\000s\000e\000t\000t\000s\000\040\000a\000n\000d\000\040\000P\000l\000y\000m\000o\000u\000t\000h}{subsection.6.3}% 21
\BOOKMARK [3][-]{subsubsection.6.3.2}{\376\377\000S\000t\000r\000u\000c\000t\000u\000r\000e\000\040\000o\000f\000\040\000S\000e\000t\000t\000l\000e\000m\000e\000n\000t\000s}{subsection.6.3}% 22
\BOOKMARK [3][-]{subsubsection.6.3.3}{\376\377\000P\000u\000r\000i\000t\000a\000n\000s\000'\000\040\000S\000y\000s\000t\000e\000m\000'\000\040\000P\000r\000o\000b\000l\000e\000m\000s}{subsection.6.3}% 23
\BOOKMARK [3][-]{subsubsection.6.3.4}{\376\377\000R\000e\000l\000i\000g\000i\000o\000u\000s\000\040\000D\000i\000f\000f\000e\000r\000e\000n\000c\000e\000s}{subsection.6.3}% 24
\BOOKMARK [2][-]{subsection.6.4}{\376\377\000C\000o\000n\000n\000e\000c\000t\000i\000c\000u\000t}{section.6}% 25
\BOOKMARK [2][-]{subsection.6.5}{\376\377\000N\000e\000w\000\040\000N\000e\000t\000h\000e\000r\000l\000a\000n\000d\000s\000\040\000\050\000N\000Y\000\051}{section.6}% 26
\BOOKMARK [2][-]{subsection.6.6}{\376\377\000N\000e\000w\000\040\000S\000w\000e\000d\000e\000n\000\040\000\050\000D\000e\000l\000a\000w\000a\000r\000e\000\051}{section.6}% 27
\BOOKMARK [2][-]{subsection.6.7}{\376\377\000N\000e\000w\000\040\000J\000e\000r\000s\000e\000y\000\040\000a\000n\000d\000\040\000P\000e\000n\000n\000s\000y\000l\000v\000a\000n\000i\000a}{section.6}% 28
\BOOKMARK [3][-]{subsubsection.6.7.1}{\376\377\000P\000e\000n\000n\000s\000y\000l\000v\000a\000n\000i\000a\000'\000s\000\040\000S\000y\000s\000t\000e\000m}{subsection.6.7}% 29
\BOOKMARK [3][-]{subsubsection.6.7.2}{\376\377\000P\000h\000i\000l\000a\000d\000e\000l\000p\000h\000i\000a}{subsection.6.7}% 30
\BOOKMARK [2][-]{subsection.6.8}{\376\377\000M\000a\000r\000y\000l\000a\000n\000d}{section.6}% 31
\BOOKMARK [2][-]{subsection.6.9}{\376\377\000C\000a\000r\000o\000l\000i\000n\000a}{section.6}% 32
\BOOKMARK [2][-]{subsection.6.10}{\376\377\000G\000e\000o\000r\000g\000i\000a}{section.6}% 33
\BOOKMARK [1][-]{section.7}{\376\377\000E\000m\000e\000r\000g\000e\000n\000c\000e\000\040\000o\000f\000\040\000C\000o\000l\000o\000n\000i\000e\000s}{}% 34
\BOOKMARK [2][-]{subsection.7.1}{\376\377\000T\000h\000e\000\040\000D\000e\000e\000d\000\040\000o\000f\000\040\000G\000i\000f\000t\000\040\000o\000f\000\040\000R\000o\000b\000e\000r\000t\000\040\000C\000a\000r\000t\000e\000r}{section.7}% 35
\BOOKMARK [2][-]{subsection.7.2}{\376\377\000P\000o\000r\000t\000\040\000C\000i\000t\000i\000e\000s}{section.7}% 36
\BOOKMARK [1][-]{section.8}{\376\377\000A\000n\000d\000\040\000s\000o\000,\000\040\000e\000x\000p\000l\000a\000i\000n}{}% 37
