\BOOKMARK [1][-]{section.1}{\376\377\000T\000h\000e\000\040\000E\000a\000r\000l\000i\000e\000s\000t\000\040\000P\000r\000e\000s\000i\000d\000e\000n\000t\000s}{}% 1
\BOOKMARK [1][-]{section.2}{\376\377\000W\000e\000s\000t\000w\000a\000r\000d\000\040\000E\000x\000p\000a\000n\000s\000i\000o\000n}{}% 2
\BOOKMARK [2][-]{subsection.2.1}{\376\377\000G\000e\000t\000t\000i\000n\000g\000\040\000T\000e\000x\000a\000s}{section.2}% 3
\BOOKMARK [2][-]{subsection.2.2}{\376\377\000L\000o\000u\000i\000s\000i\000a\000n\000a\000\040\000P\000u\000r\000c\000h\000a\000s\000e}{section.2}% 4
\BOOKMARK [1][-]{section.3}{\376\377\000F\000e\000d\000e\000r\000a\000l\000i\000s\000m\000\040\000v\000s\000\040\000A\000n\000t\000i\000-\000F\000e\000d\000e\000r\000a\000l\000i\000s\000m}{}% 5
\BOOKMARK [1][-]{section.4}{\376\377\000T\000h\000e\000\040\000E\000x\000e\000c\000u\000t\000i\000v\000e}{}% 6
\BOOKMARK [2][-]{subsection.4.1}{\376\377\000W\000a\000s\000h\000i\000n\000t\000o\000n}{section.4}% 7
\BOOKMARK [3][-]{subsubsection.4.1.1}{\376\377\000W\000i\000s\000k\000e\000y\000\040\000R\000e\000b\000e\000l\000l\000i\000o\000n}{subsection.4.1}% 8
\BOOKMARK [3][-]{subsubsection.4.1.2}{\376\377\000D\000e\000a\000l\000i\000n\000g\000\040\000w\000i\000t\000h\000\040\000N\000a\000t\000i\000v\000e\000\040\000A\000m\000e\000r\000i\000c\000a\000n\000s}{subsection.4.1}% 9
\BOOKMARK [3][-]{subsubsection.4.1.3}{\376\377\000H\000a\000m\000i\000l\000t\000o\000n\000'\000s\000\040\000F\000i\000n\000a\000n\000c\000i\000a\000l\000\040\000P\000r\000o\000g\000r\000a\000m\000s}{subsection.4.1}% 10
\BOOKMARK [2][-]{subsection.4.2}{\376\377\000A\000d\000a\000m\000s}{section.4}% 11
\BOOKMARK [3][-]{subsubsection.4.2.1}{\376\377\000A\000l\000i\000e\000n\000\040\000a\000n\000d\000\040\000S\000e\000d\000i\000t\000i\000o\000n\000\040\000A\000c\000t\000s}{subsection.4.2}% 12
\BOOKMARK [3][-]{subsubsection.4.2.2}{\376\377\000X\000Y\000Z\000\040\000A\000f\000f\000a\000i\000r}{subsection.4.2}% 13
\BOOKMARK [3][-]{subsubsection.4.2.3}{\376\377\000V\000i\000r\000g\000i\000n\000i\000a\000\040\000\046\000\040\000K\000e\000n\000t\000u\000c\000k\000y\000\040\000R\000e\000s\000o\000l\000u\000t\000i\000o\000n\000s}{subsection.4.2}% 14
\BOOKMARK [2][-]{subsection.4.3}{\376\377\000J\000e\000f\000f\000e\000r\000s\000o\000n}{section.4}% 15
\BOOKMARK [3][-]{subsubsection.4.3.1}{\376\377\000L\000o\000u\000i\000s\000\040\000a\000n\000d\000\040\000C\000l\000a\000r\000k\000e}{subsection.4.3}% 16
\BOOKMARK [3][-]{subsubsection.4.3.2}{\376\377\000L\000o\000u\000i\000s\000i\000a\000n\000a\000\040\000P\000u\000r\000c\000h\000a\000s\000e}{subsection.4.3}% 17
\BOOKMARK [2][-]{subsection.4.4}{\376\377\000M\000a\000d\000i\000s\000o\000n}{section.4}% 18
\BOOKMARK [2][-]{subsection.4.5}{\376\377\000M\000o\000n\000r\000o\000e}{section.4}% 19
\BOOKMARK [1][-]{section.5}{\376\377\000C\000h\000a\000r\000a\000c\000t\000e\000r\000i\000z\000i\000n\000g\000\040\000t\000h\000e\000\040\000A\000n\000t\000e\000b\000e\000l\000l\000u\000m\000\040\000P\000e\000r\000i\000o\000d}{}% 20
\BOOKMARK [2][-]{subsection.5.1}{\376\377\000A\000\040\000n\000o\000t\000e\000\040\000o\000n\000\040\000c\000h\000a\000r\000a\000c\000t\000e\000r\000i\000z\000a\000t\000i\000o\000n\000\040\000t\000h\000i\000n\000g\000s}{section.5}% 21
\BOOKMARK [2][-]{subsection.5.2}{\376\377\000S\000o\000c\000i\000a\000l\000\040\000C\000h\000a\000n\000g\000e\000s}{section.5}% 22
\BOOKMARK [1][-]{section.6}{\376\377\000T\000h\000e\000\040\000D\000i\000v\000i\000d\000e\000d\000\040\000A\000n\000t\000e\000b\000e\000l\000l\000u\000m}{}% 23
\BOOKMARK [2][-]{subsection.6.1}{\376\377\000T\000h\000e\000m\000e\000s\000\040\000o\000f\000\040\000t\000h\000e\000\040\000A\000n\000t\000e\000b\000e\000l\000l\000u\000m}{section.6}% 24
\BOOKMARK [2][-]{subsection.6.2}{\376\377\000T\000h\000e\000\040\000A\000g\000e\000\040\000o\000f\000\040\000D\000i\000v\000i\000s\000i\000o\000n}{section.6}% 25
\BOOKMARK [3][-]{subsubsection.6.2.1}{\376\377\000T\000h\000e\000\040\000S\000e\000c\000e\000s\000s\000i\000o\000n\000i\000t\000i\000s}{subsection.6.2}% 26
\BOOKMARK [3][-]{subsubsection.6.2.2}{\376\377\000S\000l\000a\000v\000e\000r\000y\000\040\000a\000s\000\040\000t\000h\000e\000\040\000C\000o\000r\000e\000\040\000D\000i\000v\000i\000s\000i\000o\000n}{subsection.6.2}% 27
\BOOKMARK [3][-]{subsubsection.6.2.3}{\376\377\000A\000c\000t\000u\000a\000l\000\040\000S\000c\000e\000s\000s\000i\000o\000n}{subsection.6.2}% 28
\BOOKMARK [2][-]{subsection.6.3}{\376\377\000R\000e\000b\000e\000l\000l\000i\000o\000n\000s\000\040\000g\000o\000i\000n\000g\000\040\000o\000n}{section.6}% 29
\BOOKMARK [2][-]{subsection.6.4}{\376\377\000N\000a\000t\000i\000o\000n\000a\000l\000\040\000U\000n\000i\000t\000i\000e\000s}{section.6}% 30
