\BOOKMARK [1][-]{section.1}{\376\377\000T\000h\000e\000\040\000A\000r\000t\000i\000c\000l\000e\000s\000\040\000o\000f\000\040\000C\000o\000n\000f\000e\000d\000e\000r\000a\000t\000i\000o\000n\000\040\000S\000u\000c\000k\000e\000d\000,\000\040\000s\000o\000\040\000W\000e\000\040\000D\000o\000n\000'\000t\000\040\000t\000a\000l\000k\000\040\000a\000b\000o\000u\000t\000\040\000i\000t}{}% 1
\BOOKMARK [1][-]{section.2}{\376\377\000W\000r\000i\000t\000i\000n\000g\000\040\000t\000h\000e\000\040\000C\000o\000n\000s\000t\000i\000t\000u\000t\000i\000o\000n}{}% 2
\BOOKMARK [2][-]{subsection.2.1}{\376\377\000O\000n\000\040\000S\000l\000a\000v\000e\000r\000y}{section.2}% 3
\BOOKMARK [2][-]{subsection.2.2}{\376\377\000O\000n\000\040\000S\000t\000a\000t\000e\000s}{section.2}% 4
\BOOKMARK [1][-]{section.3}{\376\377\000T\000h\000e\000\040\000P\000l\000a\000n\000\040\000o\000f\000\040\000t\000h\000e\000\040\000G\000o\000v\000e\000r\000n\000m\000e\000n\000t}{}% 5
\BOOKMARK [2][-]{subsection.3.1}{\376\377\000W\000e\000\040\000t\000h\000e\000\040\000P\000e\000o\000p\000l\000e}{section.3}% 6
\BOOKMARK [2][-]{subsection.3.2}{\376\377\000K\000e\000y\000\040\000C\000o\000n\000c\000e\000p\000t\000s\000\040\000o\000f\000\040\000t\000h\000e\000\040\000C\000o\000n\000s\000t\000i\000t\000u\000t\000i\000o\000n}{section.3}% 7
\BOOKMARK [3][-]{subsubsection.3.2.1}{\376\377\000T\000h\000r\000e\000e\000\040\000B\000r\000a\000n\000c\000h\000e\000s}{subsection.3.2}% 8
\BOOKMARK [3][-]{subsubsection.3.2.2}{\376\377\000C\000h\000e\000c\000k\000s\000\040\000a\000n\000d\000\040\000B\000a\000l\000a\000n\000c\000e\000s}{subsection.3.2}% 9
\BOOKMARK [3][-]{subsubsection.3.2.3}{\376\377\000F\000e\000d\000e\000r\000a\000l\000i\000s\000m}{subsection.3.2}% 10
\BOOKMARK [3][-]{subsubsection.3.2.4}{\376\377\000C\000h\000a\000n\000g\000e\000s\000\040\000a\000n\000d\000\040\000A\000m\000e\000n\000d\000m\000e\000n\000t\000s}{subsection.3.2}% 11
\BOOKMARK [2][-]{subsection.3.3}{\376\377\000R\000o\000l\000e\000s\000\040\000f\000o\000r\000\040\000t\000h\000e\000\040\000B\000r\000a\000n\000c\000h\000e\000s\000\040\000o\000f\000\040\000G\000o\000v\000e\000r\000n\000m\000e\000n\000t}{section.3}% 12
\BOOKMARK [3][-]{subsubsection.3.3.1}{\376\377\000T\000h\000e\000\040\000L\000e\000g\000i\000s\000l\000a\000t\000u\000r\000e}{subsection.3.3}% 13
\BOOKMARK [3][-]{subsubsection.3.3.2}{\376\377\000E\000x\000e\000c\000u\000t\000i\000v\000e\000\040\000B\000r\000a\000n\000c\000h}{subsection.3.3}% 14
\BOOKMARK [3][-]{subsubsection.3.3.3}{\376\377\000J\000u\000d\000i\000c\000i\000a\000l}{subsection.3.3}% 15
\BOOKMARK [2][-]{subsection.3.4}{\376\377\000F\000e\000d\000e\000r\000a\000l\000i\000s\000m}{section.3}% 16
\BOOKMARK [3][-]{subsubsection.3.4.1}{\376\377\000"\000D\000e\000l\000e\000g\000a\000t\000e\000d\000\040\000P\000o\000w\000e\000r\000s\000"\000:\000\040\000N\000a\000t\000i\000o\000n\000a\000l}{subsection.3.4}% 17
\BOOKMARK [3][-]{subsubsection.3.4.2}{\376\377\000"\000C\000o\000n\000c\000u\000r\000r\000e\000n\000t\000\040\000P\000o\000w\000e\000r\000s\000"\000:\000\040\000B\000o\000t\000h}{subsection.3.4}% 18
\BOOKMARK [3][-]{subsubsection.3.4.3}{\376\377\000S\000t\000a\000t\000e\000\040\000P\000o\000w\000e\000r\000s\000\040\000\050\000T\000B\000D\000,\000\040\000d\000i\000d\000n\000'\000t\000\040\000h\000a\000v\000e\000\040\000t\000i\000m\000e\000\051}{subsection.3.4}% 19
\BOOKMARK [2][-]{subsection.3.5}{\376\377\000R\000a\000t\000i\000f\000y\000i\000n\000g}{section.3}% 20
\BOOKMARK [1][-]{section.4}{\376\377\000R\000e\000a\000d\000i\000n\000g\000s\000\040\000a\000b\000o\000u\000t\000\040\000t\000h\000e\000\040\000c\000o\000n\000s\000t\000i\000t\000u\000t\000i\000o\000n}{}% 21
