\BOOKMARK [1][-]{section.1}{\376\377\000E\000n\000v\000i\000r\000o\000n\000m\000e\000n\000t\000a\000l\000\040\000C\000o\000n\000s\000e\000r\000v\000a\000t\000i\000o\000n}{}% 1
\BOOKMARK [2][-]{subsection.1.1}{\376\377\000I\000s\000s\000u\000e\000s}{section.1}% 2
\BOOKMARK [2][-]{subsection.1.2}{\376\377\000P\000o\000s\000s\000i\000b\000l\000e\000\040\000s\000o\000l\000u\000t\000i\000o\000n\000s}{section.1}% 3
\BOOKMARK [2][-]{subsection.1.3}{\376\377\000P\000r\000o\000g\000r\000e\000s\000s\000i\000v\000e\000\040\000R\000e\000s\000p\000o\000n\000s\000e}{section.1}% 4
\BOOKMARK [2][-]{subsection.1.4}{\376\377\000C\000u\000r\000r\000e\000n\000t\000\040\000D\000a\000y}{section.1}% 5
\BOOKMARK [1][-]{section.2}{\376\377\000W\000o\000m\000a\000n\000'\000s\000\040\000R\000i\000g\000h\000t\000s}{}% 6
\BOOKMARK [2][-]{subsection.2.1}{\376\377\000I\000s\000s\000u\000e\000s}{section.2}% 7
\BOOKMARK [2][-]{subsection.2.2}{\376\377\000P\000o\000s\000s\000i\000b\000l\000e\000\040\000r\000e\000s\000p\000o\000n\000s\000e\000s}{section.2}% 8
\BOOKMARK [2][-]{subsection.2.3}{\376\377\000P\000r\000o\000g\000r\000e\000s\000s\000i\000v\000e\000\040\000R\000e\000s\000p\000o\000n\000s\000e}{section.2}% 9
\BOOKMARK [2][-]{subsection.2.4}{\376\377\000C\000u\000r\000r\000e\000n\000t\000\040\000D\000a\000y}{section.2}% 10
\BOOKMARK [1][-]{section.3}{\376\377\000H\000o\000u\000s\000i\000n\000g\000\040\000+\000\040\000U\000r\000b\000a\000n\000\040\000P\000l\000a\000n\000n\000i\000n\000g}{}% 11
\BOOKMARK [2][-]{subsection.3.1}{\376\377\000I\000s\000s\000u\000e\000s}{section.3}% 12
\BOOKMARK [2][-]{subsection.3.2}{\376\377\000P\000o\000s\000s\000i\000b\000l\000e\000\040\000R\000e\000s\000p\000o\000n\000s\000e\000s}{section.3}% 13
\BOOKMARK [2][-]{subsection.3.3}{\376\377\000P\000r\000o\000g\000r\000e\000s\000s\000i\000v\000e\000\040\000R\000e\000s\000p\000o\000n\000s\000e\000s}{section.3}% 14
\BOOKMARK [2][-]{subsection.3.4}{\376\377\000C\000u\000r\000r\000e\000n\000t\000\040\000D\000a\000y}{section.3}% 15
\BOOKMARK [1][-]{section.4}{\376\377\000P\000o\000l\000i\000t\000i\000c\000a\000l\000\040\000R\000e\000f\000o\000r\000m\000s}{}% 16
\BOOKMARK [2][-]{subsection.4.1}{\376\377\000I\000s\000s\000u\000e\000s}{section.4}% 17
\BOOKMARK [2][-]{subsection.4.2}{\376\377\000P\000r\000o\000g\000r\000e\000s\000s\000i\000v\000e\000\040\000R\000e\000s\000p\000o\000n\000s\000e\000s}{section.4}% 18
\BOOKMARK [1][-]{section.5}{\376\377\000W\000e\000l\000f\000a\000r\000e}{}% 19
\BOOKMARK [2][-]{subsection.5.1}{\376\377\000I\000s\000s\000u\000e\000s}{section.5}% 20
\BOOKMARK [2][-]{subsection.5.2}{\376\377\000P\000o\000s\000s\000i\000b\000l\000e\000\040\000R\000e\000s\000p\000o\000n\000s\000e\000s}{section.5}% 21
\BOOKMARK [2][-]{subsection.5.3}{\376\377\000P\000r\000o\000g\000r\000e\000s\000s\000i\000v\000e\000\040\000R\000e\000s\000p\000o\000n\000s\000e\000s}{section.5}% 22
\BOOKMARK [2][-]{subsection.5.4}{\376\377\000W\000h\000e\000r\000e\000\040\000a\000r\000e\000\040\000w\000e\000\040\000n\000o\000w}{section.5}% 23
\BOOKMARK [1][-]{section.6}{\376\377\000T\000e\000m\000p\000e\000r\000a\000n\000c\000e\000\040\000+\000\040\000P\000r\000o\000s\000t\000i\000t\000u\000t\000i\000o\000n}{}% 24
\BOOKMARK [2][-]{subsection.6.1}{\376\377\000I\000s\000s\000u\000e\000s}{section.6}% 25
\BOOKMARK [2][-]{subsection.6.2}{\376\377\000P\000r\000o\000g\000r\000e\000s\000s\000i\000v\000e\000\040\000R\000e\000s\000p\000o\000n\000s\000e\000s}{section.6}% 26
\BOOKMARK [2][-]{subsection.6.3}{\376\377\000W\000h\000e\000r\000e\000\040\000a\000r\000e\000\040\000w\000e\000\040\000n\000o\000w\000?}{section.6}% 27
\BOOKMARK [1][-]{section.7}{\376\377\000H\000e\000a\000l\000t\000h\000\040\000a\000n\000d\000\040\000M\000e\000d\000i\000c\000i\000n\000e}{}% 28
\BOOKMARK [2][-]{subsection.7.1}{\376\377\000I\000s\000s\000u\000e\000s}{section.7}% 29
\BOOKMARK [2][-]{subsection.7.2}{\376\377\000P\000o\000s\000s\000i\000b\000l\000e\000\040\000R\000e\000s\000p\000o\000n\000s\000e\000s}{section.7}% 30
\BOOKMARK [2][-]{subsection.7.3}{\376\377\000P\000r\000o\000g\000r\000e\000s\000s\000i\000v\000e\000\040\000R\000e\000s\000p\000o\000n\000s\000e}{section.7}% 31
\BOOKMARK [2][-]{subsection.7.4}{\376\377\000W\000h\000e\000r\000e\000\040\000a\000r\000e\000\040\000w\000e\000\040\000n\000o\000w\000?}{section.7}% 32
\BOOKMARK [1][-]{section.8}{\376\377\000L\000a\000b\000o\000u\000r\000\040\000R\000e\000f\000o\000r\000m}{}% 33
\BOOKMARK [2][-]{subsection.8.1}{\376\377\000I\000s\000s\000u\000e\000s}{section.8}% 34
\BOOKMARK [2][-]{subsection.8.2}{\376\377\000P\000o\000s\000s\000i\000b\000l\000e\000\040\000R\000e\000s\000p\000o\000n\000s\000e\000s}{section.8}% 35
\BOOKMARK [2][-]{subsection.8.3}{\376\377\000W\000h\000e\000r\000e\000\040\000a\000r\000e\000\040\000w\000e\000\040\000n\000o\000w\000?}{section.8}% 36
\BOOKMARK [1][-]{section.9}{\376\377\000A\000n\000t\000i\000-\000T\000r\000u\000s\000t\000\040\000R\000e\000g\000u\000l\000a\000t\000i\000o\000n}{}% 37
\BOOKMARK [2][-]{subsection.9.1}{\376\377\000I\000s\000s\000u\000e\000s}{section.9}% 38
\BOOKMARK [2][-]{subsection.9.2}{\376\377\000P\000o\000s\000s\000i\000b\000l\000e\000\040\000R\000e\000s\000p\000o\000n\000s\000e\000s}{section.9}% 39
\BOOKMARK [2][-]{subsection.9.3}{\376\377\000P\000r\000o\000g\000r\000e\000s\000s\000i\000v\000e\000\040\000R\000e\000s\000p\000o\000n\000s\000e}{section.9}% 40
\BOOKMARK [1][-]{section.10}{\376\377\000I\000m\000m\000i\000g\000r\000a\000t\000i\000o\000n\000\040\000+\000\040\000C\000i\000v\000i\000l\000\040\000R\000i\000g\000h\000t\000s}{}% 41
\BOOKMARK [2][-]{subsection.10.1}{\376\377\000I\000s\000s\000u\000e\000s}{section.10}% 42
\BOOKMARK [1][-]{section.11}{\376\377\000E\000v\000a\000l\000u\000a\000t\000i\000n\000g\000\040\000t\000h\000e\000\040\000P\000r\000o\000g\000r\000e\000s\000s\000i\000v\000e}{}% 43
