\BOOKMARK [1][-]{section.1}{\376\377\000P\000r\000o\000m\000p\000t}{}% 1
\BOOKMARK [1][-]{section.2}{\376\377\000P\000l\000a\000n\000n\000i\000n\000g}{}% 2
\BOOKMARK [1][-]{section.3}{\376\377\000L\000i\000t\000e\000r\000a\000l\000l\000y\000\040\000A\000l\000l\000\040\000t\000h\000e\000\040\000T\000h\000i\000n\000g\000s}{}% 3
\BOOKMARK [2][-]{subsection.3.1}{\376\377\000O\000t\000t\000o\000m\000a\000n\000s}{section.3}% 4
\BOOKMARK [3][-]{subsubsection.3.1.1}{\376\377\000O\000t\000t\000o\000m\000a\000n\000\040\000m\000i\000l\000i\000t\000a\000r\000y\000\040\000r\000e\000p\000l\000a\000c\000e\000d\000\040\000c\000a\000v\000a\000l\000r\000y\000\040\000w\000i\000t\000h\000\040\000J\000a\000n\000i\000s\000s\000a\000r\000i\000e\000s\000\040\000t\000o\000\040\000s\000a\000v\000e\000\040\000m\000o\000n\000e\000y\000\040\000a\000n\000d}{subsection.3.1}% 5
\BOOKMARK [3][-]{subsubsection.3.1.2}{\376\377\000O\000t\000t\000o\000m\000a\000n\000s\000\040\000d\000i\000d\000n\000'\000t\000\040\000p\000r\000o\000d\000u\000c\000e\000\040\000t\000h\000e\000i\000r\000\040\000o\000w\000n\000\040\000m\000e\000t\000a\000l\000s\000,\000\040\000s\000o\000\040\000i\000t\000\040\000a\000l\000l\000\040\000g\000o\000t\000\040\000t\000r\000a\000d\000e\000d\000\040\000a\000w\000a\000y}{subsection.3.1}% 6
\BOOKMARK [3][-]{subsubsection.3.1.3}{\376\377\000"\000p\000e\000n\000e\000t\000r\000a\000t\000i\000o\000n\000\040\000o\000f\000\040\000E\000u\000r\000o\000p\000e\000a\000n\000\040\000m\000e\000r\000c\000h\000a\000n\000t\000\040\000c\000a\000p\000i\000t\000a\000l\000"}{subsection.3.1}% 7
\BOOKMARK [3][-]{subsubsection.3.1.4}{\376\377\000C\000a\000p\000i\000t\000u\000l\000a\000t\000i\000o\000n\000s}{subsection.3.1}% 8
\BOOKMARK [3][-]{subsubsection.3.1.5}{\376\377\000G\000o\000v\000e\000r\000n\000m\000e\000n\000t\000\040\000w\000e\000a\000k\000e\000n\000i\000n\000g}{subsection.3.1}% 9
\BOOKMARK [2][-]{subsection.3.2}{\376\377\000M\000i\000n\000g}{section.3}% 10
\BOOKMARK [3][-]{subsubsection.3.2.1}{\376\377\000S\000m\000u\000g\000g\000l\000e\000d\000\040\000S\000i\000l\000v\000e\000r}{subsection.3.2}% 11
\BOOKMARK [3][-]{subsubsection.3.2.2}{\376\377\000s\000i\000l\000v\000e\000r\000\040\000t\000r\000a\000d\000e\000\040\000p\000r\000i\000m\000a\000r\000y\000\040\000s\000o\000u\000r\000c\000e\000s}{subsection.3.2}% 12
\BOOKMARK [2][-]{subsection.3.3}{\376\377\000K\000e\000n\000n\000e\000d\000y\000\040\000B\000a\000s\000h\000i\000n\000g\000\040\000o\000n\000\040\000P\000e\000o\000p\000l\000e}{section.3}% 13
\BOOKMARK [3][-]{subsubsection.3.3.1}{\376\377\000M\000i\000n\000g}{subsection.3.3}% 14
\BOOKMARK [3][-]{subsubsection.3.3.2}{\376\377\000O\000t\000t\000o\000m\000a\000n\000s}{subsection.3.3}% 15
\BOOKMARK [3][-]{subsubsection.3.3.3}{\376\377\000S\000i\000m\000i\000l\000a\000r\000i\000t\000i\000e\000s\000\040\000i\000n\000\040\000K\000e\000n\000n\000e\000d\000y\000'\000s\000\040\000e\000y\000e\000s}{subsection.3.3}% 16
\BOOKMARK [1][-]{section.4}{\376\377\000O\000u\000t\000l\000i\000n\000i\000n\000g}{}% 17
\BOOKMARK [2][-]{subsection.4.1}{\376\377\000T\000h\000e\000s\000i\000s\000\040\000I\000d\000e\000a\000s}{section.4}% 18
\BOOKMARK [2][-]{subsection.4.2}{\376\377\000B\000o\000d\000y\000\040\0001\000\040\000\050\000c\000h\000o\000i\000c\000e\000\040\000A\000\051}{section.4}% 19
\BOOKMARK [3][-]{subsubsection.4.2.1}{\376\377\000T\000o\000p\000i\000c}{subsection.4.2}% 20
\BOOKMARK [3][-]{subsubsection.4.2.2}{\376\377\000E\000v\000i\000d\000e\000n\000c\000e}{subsection.4.2}% 21
\BOOKMARK [2][-]{subsection.4.3}{\376\377\000B\000o\000d\000y\000\040\0001\000\040\000\050\000c\000h\000o\000i\000c\000e\000\040\000B\000\051}{section.4}% 22
\BOOKMARK [3][-]{subsubsection.4.3.1}{\376\377\000T\000o\000p\000i\000c}{subsection.4.3}% 23
\BOOKMARK [3][-]{subsubsection.4.3.2}{\376\377\000E\000v\000i\000d\000e\000n\000c\000e}{subsection.4.3}% 24
\BOOKMARK [2][-]{subsection.4.4}{\376\377\000B\000o\000d\000y\000\040\0002}{section.4}% 25
\BOOKMARK [3][-]{subsubsection.4.4.1}{\376\377\000T\000o\000p\000i\000c}{subsection.4.4}% 26
\BOOKMARK [3][-]{subsubsection.4.4.2}{\376\377\000E\000v\000i\000d\000e\000n\000c\000e}{subsection.4.4}% 27
\BOOKMARK [2][-]{subsection.4.5}{\376\377\000B\000o\000d\000y\000\040\0003}{section.4}% 28
\BOOKMARK [3][-]{subsubsection.4.5.1}{\376\377\000T\000o\000p\000i\000c}{subsection.4.5}% 29
\BOOKMARK [3][-]{subsubsection.4.5.2}{\376\377\000E\000v\000i\000d\000e\000n\000c\000e}{subsection.4.5}% 30
\BOOKMARK [1][-]{section.5}{\376\377\000S\000o\000u\000r\000c\000e\000s}{}% 31
