\BOOKMARK [1][-]{section.1}{\376\377\000B\000e\000n\000i\000g\000n\000\040\000t\000u\000m\000o\000r}{}% 1
\BOOKMARK [2][-]{subsection.1.1}{\376\377\000a\000\040\000t\000u\000m\000o\000r\000\040\000t\000h\000a\000t\000\040\000i\000s\000\040\000n\000o\000t\000\040\000d\000a\000n\000g\000e\000r\000o\000u\000s\000/\000c\000a\000n\000c\000e\000r\000o\000u\000s}{section.1}% 2
\BOOKMARK [3][-]{subsubsection.1.1.1}{\376\377\000n\000o\000t\000\040\000s\000p\000r\000e\000a\000d\000i\000n\000g\000\040\000o\000r\000\040\000g\000r\000o\000w\000i\000n\000g\000\040\000t\000o\000o\000\040\000f\000a\000s\000t}{subsection.1.1}% 3
\BOOKMARK [1][-]{section.2}{\376\377\000C\000a\000r\000c\000i\000n\000o\000g\000e\000n\000e\000s\000i\000s}{}% 4
\BOOKMARK [2][-]{subsection.2.1}{\376\377\000c\000a\000u\000s\000i\000n\000g\000\040\000a\000\040\000c\000a\000n\000c\000e\000r\000o\000u\000s\000\040\000m\000u\000t\000a\000t\000i\000o\000n}{section.2}% 5
\BOOKMARK [2][-]{subsection.2.2}{\376\377\000t\000y\000p\000i\000c\000a\000l\000l\000y\000\040\000a\000n\000\040\000e\000n\000v\000i\000r\000o\000n\000m\000e\000n\000t\000a\000l\000\040\000c\000o\000m\000p\000o\000u\000n\000d}{section.2}% 6
\BOOKMARK [2][-]{subsection.2.3}{\376\377\000T\000O\000D\000O\000\040\000w\000h\000a\000t\000\040\000d\000o\000e\000s\000\040\000i\000o\000n\000i\000z\000i\000n\000g\000\040\000r\000a\000d\000i\000a\000t\000i\000o\000n\000\040\000h\000a\000v\000e\000\040\000t\000o\000\040\000d\000o\000\040\000w\000i\000t\000h\000\040\000t\000h\000i\000s\000\040\000c\000a\000u\000s\000i\000n\000g\000\040\000m\000o\000l\000e\000c\000u\000l\000a\000r\000\040\000l\000e\000v\000e\000l\000\040\000s\000t\000r\000u\000c\000t\000u\000r\000a\000l\000\040\000d\000a\000m\000a\000g\000e\000\040\000a\000n\000d\000\040\000t\000h\000u\000s\000\040\000c\000a\000n\000c\000e\000r\000?\000q\000u\000e\000s\000t\000i\000o\000n}{section.2}% 7
\BOOKMARK [1][-]{section.3}{\376\377\000i\000n\000\040\000s\000i\000t\000u\000\040\000c\000a\000n\000c\000e\000r}{}% 8
\BOOKMARK [2][-]{subsection.3.1}{\376\377\000g\000r\000o\000w\000i\000n\000g\000\040\000w\000h\000e\000r\000e\000\040\000i\000t\000\040\000s\000t\000a\000r\000t\000e\000d\000\040\000\050\000n\000o\000t\000\040\000m\000o\000v\000i\000n\000g\000\051}{section.3}% 9
\BOOKMARK [2][-]{subsection.3.2}{\376\377\000i\000n\000\040\000c\000o\000n\000t\000r\000a\000s\000t\000\040\000t\000o\000\040\000m\000e\000t\000a\000s\000t\000a\000t\000i\000c\000\040\000c\000a\000n\000c\000e\000r}{section.3}% 10
\BOOKMARK [1][-]{section.4}{\376\377\000m\000e\000t\000a\000s\000t\000a\000t\000i\000c\000\040\000c\000a\000n\000c\000e\000r}{}% 11
\BOOKMARK [2][-]{subsection.4.1}{\376\377\000c\000a\000n\000c\000e\000r\000\040\000g\000a\000i\000n\000s\000\040\000t\000h\000e\000\040\000a\000b\000i\000l\000i\000t\000y\000\040\000t\000o\000\040\000i\000n\000v\000a\000d\000e\000\040\000n\000e\000w\000\040\000t\000i\000s\000s\000u\000e\000s}{section.4}% 12
\BOOKMARK [1][-]{section.5}{\376\377\000i\000n\000v\000a\000s\000i\000v\000e\000\040\000c\000a\000n\000c\000e\000r}{}% 13
\BOOKMARK [2][-]{subsection.5.1}{\376\377\000c\000a\000n\000c\000e\000r\000\040\000t\000h\000a\000t\000\040\000i\000m\000p\000a\000c\000t\000s\000\040\000t\000h\000e\000\040\000f\000u\000n\000c\000t\000i\000o\000n\000\040\000o\000f\000\040\000t\000h\000e\000\040\000o\000r\000g\000a\000n\000\040\000o\000r\000\040\000g\000o\000e\000s\000\040\000s\000o\000m\000e\000w\000h\000e\000r\000e\000\040\000n\000e\000w}{section.5}% 14
\BOOKMARK [2][-]{subsection.5.2}{\376\377\000a\000\040\000c\000a\000n\000c\000e\000r\000\040\000c\000a\000n\000\040\000b\000e\000\040\000i\000n\000v\000a\000s\000i\000v\000e\000\040\000b\000u\000t\000\040\000n\000o\000t\000\040\000m\000e\000t\000a\000s\000t\000a\000t\000i\000c}{section.5}% 15
\BOOKMARK [1][-]{section.6}{\376\377\000o\000n\000c\000o\000g\000e\000n\000e\000s\000i\000s}{}% 16
\BOOKMARK [2][-]{subsection.6.1}{\376\377\000t\000h\000e\000\040\000c\000r\000e\000a\000t\000i\000o\000n\000\040\000o\000f\000\040\000c\000a\000n\000c\000e\000r\000\040\000\050\000a\000f\000t\000e\000r\000\040\000t\000h\000e\000\040\000m\000u\000t\000a\000t\000i\000o\000n\000\051}{section.6}% 17
\BOOKMARK [1][-]{section.7}{\376\377\000m\000u\000t\000a\000g\000e\000n\000e\000s\000i\000s}{}% 18
\BOOKMARK [2][-]{subsection.7.1}{\376\377\000t\000h\000e\000\040\000m\000u\000t\000a\000t\000i\000o\000n\000\040\000o\000f\000\040\000a\000\040\000g\000e\000n\000e\000\040\000t\000h\000a\000t\000\040\000m\000i\000g\000h\000t\000\040\000c\000a\000u\000s\000e\000\040\000c\000a\000n\000c\000e\000r}{section.7}% 19
\BOOKMARK [1][-]{section.8}{\376\377\000p\000r\000o\000t\000e\000a\000s\000e}{}% 20
\BOOKMARK [2][-]{subsection.8.1}{\376\377\000a\000\040\000p\000r\000o\000t\000i\000e\000n\000\040\000t\000h\000a\000t\000\040\000e\000a\000t\000s\000\040\000o\000t\000h\000e\000r\000\040\000p\000r\000o\000t\000i\000e\000n\000s}{section.8}% 21
\BOOKMARK [1][-]{section.9}{\376\377\000c\000a\000s\000p\000a\000s\000e}{}% 22
\BOOKMARK [2][-]{subsection.9.1}{\376\377\000a\000\040\000f\000a\000m\000i\000l\000y\000\040\000o\000f\000\040\000p\000r\000o\000t\000i\000e\000n\000s\000\040\000t\000h\000a\000t\000\040\000c\000o\000n\000t\000r\000o\000l\000\040\000c\000e\000l\000l\000\040\000d\000e\000a\000t\000h\000\040\000\050\000a\000p\000o\000p\000t\000o\000s\000i\000s\000\051}{section.9}% 23
\BOOKMARK [1][-]{section.10}{\376\377\000a\000u\000t\000o\000p\000h\000a\000g\000y}{}% 24
\BOOKMARK [2][-]{subsection.10.1}{\376\377\000t\000h\000e\000\040\000p\000r\000o\000c\000e\000s\000s\000\040\000b\000y\000\040\000w\000h\000i\000c\000h\000\040\000a\000\040\000c\000e\000l\000l\000\040\000e\000a\000t\000s\000\040\000i\000t\000s\000e\000l\000f}{section.10}% 25
\BOOKMARK [1][-]{section.11}{\376\377\000b\000l\000e\000b\000b\000i\000n\000g}{}% 26
\BOOKMARK [2][-]{subsection.11.1}{\376\377\000a\000\040\000c\000e\000l\000l\000\040\000t\000h\000a\000t\000\040\000i\000s\000\040\000e\000a\000t\000i\000n\000g\000\040\000i\000t\000s\000e\000l\000f\000\040\000c\000r\000e\000a\000t\000e\000s\000\040\000"\000w\000a\000s\000t\000e\000\040\000v\000e\000s\000c\000i\000c\000l\000e\000s\000"\000?}{section.11}% 27
\BOOKMARK [1][-]{section.12}{\376\377\000n\000e\000c\000r\000o\000t\000i\000c\000\040\000c\000e\000l\000l\000s}{}% 28
\BOOKMARK [2][-]{subsection.12.1}{\376\377\000e\000x\000p\000l\000o\000d\000e\000\040\000a\000n\000d\000\040\000r\000e\000l\000e\000a\000s\000e\000\040\000t\000i\000s\000s\000u\000e\000\040\000i\000n\000t\000o\000\040\000t\000h\000e\000\040\000m\000i\000c\000r\000o\000e\000n\000v\000i\000r\000o\000n\000m\000e\000n\000t\000,\000\040\000r\000e\000l\000e\000a\000s\000i\000n\000g\000\040\000i\000n\000f\000l\000a\000m\000m\000a\000t\000o\000r\000y\000\040\000s\000i\000g\000n\000a\000l\000s}{section.12}% 29
\BOOKMARK [2][-]{subsection.12.2}{\376\377\000g\000e\000n\000e\000r\000a\000l\000l\000y\000\040\000b\000a\000d\000\040\000\050\000d\000o\000e\000s\000\040\000m\000o\000r\000e\000\040\000d\000a\000m\000a\000g\000e\000\040\000t\000h\000a\000n\000\040\000g\000o\000o\000d\000?\000\051}{section.12}% 30
\BOOKMARK [2][-]{subsection.12.3}{\376\377\000w\000o\000r\000s\000e\000\040\000t\000h\000a\000n\000\040\000a\000u\000t\000o\000p\000h\000a\000g\000y\000\040\000/\000\040\000a\000p\000o\000p\000t\000o\000s\000i\000s\000\040\000b\000c\000\040\000i\000t\000\040\000m\000i\000g\000h\000t\000\040\000"\000g\000i\000v\000e\000\040\000o\000t\000h\000e\000r\000\040\000c\000e\000l\000l\000s\000\040\000i\000d\000e\000a\000s\000"}{section.12}% 31
\BOOKMARK [3][-]{subsubsection.12.3.1}{\376\377\000o\000t\000h\000e\000r\000\040\000p\000r\000o\000g\000r\000a\000m\000m\000e\000d\000\040\000c\000e\000l\000l\000\040\000d\000e\000a\000t\000h\000\040\000t\000y\000p\000e\000s\000\040\000a\000r\000e\000\040\000"\000c\000l\000e\000a\000n\000"\000,\000\040\000i\000n\000\040\000t\000h\000a\000t\000\040\000t\000h\000e\000y\000\040\000p\000u\000t\000\040\000e\000v\000e\000r\000y\000t\000h\000i\000n\000g\000\040\000i\000n\000\040\000w\000a\000s\000t\000e\000\040\000v\000e\000s\000c\000i\000c\000l\000e\000s\000\040\000a\000n\000d\000\040\000e\000t\000c}{subsection.12.3}% 32
\BOOKMARK [1][-]{section.13}{\376\377\000c\000e\000l\000l\000\040\000d\000e\000a\000t\000h}{}% 33
\BOOKMARK [2][-]{subsection.13.1}{\376\377\000c\000a\000n\000\040\000b\000e\000\040\000a\000t\000t\000r\000i\000b\000u\000t\000e\000d\000\040\000t\000o}{section.13}% 34
\BOOKMARK [3][-]{subsubsection.13.1.1}{\376\377\000a\000p\000o\000p\000t\000o\000s\000i\000s}{subsection.13.1}% 35
\BOOKMARK [3][-]{subsubsection.13.1.2}{\376\377\000n\000e\000c\000r\000o\000t\000h\000e\000s\000i\000s}{subsection.13.1}% 36
\BOOKMARK [3][-]{subsubsection.13.1.3}{\376\377\000a\000u\000t\000o\000p\000h\000a\000g\000y}{subsection.13.1}% 37
\BOOKMARK [1][-]{section.14}{\376\377\000k\000a\000r\000y\000o\000t\000y\000p\000e}{}% 38
\BOOKMARK [2][-]{subsection.14.1}{\376\377\000c\000o\000u\000n\000t\000i\000n\000g\000\040\000t\000h\000e\000\040\000n\000u\000m\000b\000e\000r\000\040\000/\000\040\000a\000p\000p\000e\000a\000r\000e\000n\000c\000e\000\040\000o\000f\000\040\000c\000h\000r\000o\000m\000o\000s\000o\000m\000e\000s}{section.14}% 39
\BOOKMARK [1][-]{section.15}{\376\377\000a\000n\000g\000i\000o\000g\000e\000n\000e\000s\000i\000s}{}% 40
\BOOKMARK [2][-]{subsection.15.1}{\376\377\000t\000h\000e\000\040\000c\000r\000e\000a\000t\000i\000o\000n\000\040\000o\000f\000\040\000b\000l\000o\000o\000d\000\040\000v\000e\000s\000s\000e\000l\000s}{section.15}% 41
