\BOOKMARK [1][-]{section.1}{\376\377\000Z\000e\000n\000i\000t\000h\000:}{}% 1
\BOOKMARK [1][-]{section.2}{\376\377\000L\000o\000c\000a\000l\000\040\000s\000t\000a\000n\000d\000a\000r\000d\000\040\000t\000i\000m\000e\000:}{}% 2
\BOOKMARK [1][-]{section.3}{\376\377\000L\000o\000c\000a\000t\000i\000o\000n\000:}{}% 3
\BOOKMARK [2][-]{subsection.3.1}{\376\377\000L\000o\000n\000g\000i\000t\000u\000d\000e\000:}{section.3}% 4
\BOOKMARK [2][-]{subsection.3.2}{\376\377\000L\000a\000t\000i\000t\000u\000d\000e\000:}{section.3}% 5
\BOOKMARK [1][-]{section.4}{\376\377\000M\000e\000r\000i\000d\000i\000a\000n\000:}{}% 6
\BOOKMARK [1][-]{section.5}{\376\377\000C\000e\000l\000e\000s\000t\000i\000a\000l\000\040\000S\000p\000h\000e\000r\000e\000:}{}% 7
\BOOKMARK [1][-]{section.6}{\376\377\000N\000o\000r\000t\000h\000\040\000C\000e\000l\000e\000s\000t\000i\000a\000l\000\040\000p\000o\000l\000e\000:}{}% 8
\BOOKMARK [1][-]{section.7}{\376\377\000C\000e\000l\000e\000s\000t\000i\000a\000l\000\040\000E\000q\000u\000a\000t\000o\000r\000:}{}% 9
\BOOKMARK [1][-]{section.8}{\376\377\000D\000e\000c\000l\000i\000n\000a\000t\000i\000o\000n\000:}{}% 10
\BOOKMARK [1][-]{section.9}{\376\377\000R\000i\000g\000h\000t\000\040\000A\000s\000c\000e\000n\000s\000i\000o\000n\000:}{}% 11
\BOOKMARK [1][-]{section.10}{\376\377\000A\000z\000i\000m\000u\000t\000h\000:}{}% 12
\BOOKMARK [1][-]{section.11}{\376\377\000A\000l\000t\000i\000t\000u\000d\000e\000:}{}% 13
\BOOKMARK [1][-]{section.12}{\376\377\000V\000e\000r\000n\000a\000l\000\040\000E\000q\000u\000i\000n\000o\000x\000:}{}% 14
\BOOKMARK [1][-]{section.13}{\376\377\000L\000o\000c\000a\000l\000\040\000M\000e\000a\000n\000\040\000S\000i\000d\000e\000r\000e\000a\000l\000\040\000T\000i\000m\000e\000\040\000\050\000L\000M\000S\000T\000\051\000:}{}% 15
\BOOKMARK [1][-]{section.14}{\376\377\000S\000i\000d\000e\000r\000e\000a\000l\000\040\000t\000i\000m\000e\000:}{}% 16
\BOOKMARK [1][-]{section.15}{\376\377\000E\000c\000l\000i\000p\000t\000i\000c\000\040\000p\000l\000a\000n\000e\000:}{}% 17
\BOOKMARK [1][-]{section.16}{\376\377\000E\000c\000l\000i\000p\000t\000i\000c\000:}{}% 18
\BOOKMARK [1][-]{section.17}{\376\377\000P\000o\000l\000a\000r\000\040\000V\000i\000e\000w\000:}{}% 19
\BOOKMARK [1][-]{section.18}{\376\377\000E\000a\000s\000t\000\040\000v\000i\000e\000w\000:}{}% 20
\BOOKMARK [1][-]{section.19}{\376\377\000W\000e\000s\000t\000\040\000v\000i\000e\000w\000:}{}% 21
\BOOKMARK [1][-]{section.20}{\376\377\000P\000r\000e\000c\000e\000s\000s\000i\000o\000n\000:}{}% 22
