\BOOKMARK [1][-]{section.1}{\376\377\000Q\000u\000e\000s\000t\000i\000o\000n\000s}{}% 1
\BOOKMARK [1][-]{section.2}{\376\377\000A\000n\000s\000w\000e\000r\000s\000!}{}% 2
\BOOKMARK [2][-]{subsection.2.1}{\376\377\000O\000n\000e}{section.2}% 3
\BOOKMARK [3][-]{subsubsection.2.1.1}{\376\377\000C\000r\000o\000s\000s\000i\000n\000g\000\040\000O\000v\000e\000r}{subsection.2.1}% 4
\BOOKMARK [3][-]{subsubsection.2.1.2}{\376\377\000I\000n\000d\000e\000p\000e\000n\000d\000e\000n\000t\000\040\000A\000s\000s\000o\000r\000t\000m\000e\000n\000t}{subsection.2.1}% 5
\BOOKMARK [3][-]{subsubsection.2.1.3}{\376\377\000S\000\040\000P\000h\000a\000s\000e}{subsection.2.1}% 6
\BOOKMARK [3][-]{subsubsection.2.1.4}{\376\377\000E\000n\000v\000i\000r\000o\000n\000m\000e\000n\000t\000a\000l\000\040\000/\000\040\000D\000a\000m\000a\000g\000e}{subsection.2.1}% 7
\BOOKMARK [3][-]{subsubsection.2.1.5}{\376\377\000V\000i\000r\000u\000s\000e\000s}{subsection.2.1}% 8
\BOOKMARK [2][-]{subsection.2.2}{\376\377\000T\000w\000o}{section.2}% 9
\BOOKMARK [1][-]{section.3}{\376\377\000M\000o\000r\000e\000\040\000n\000o\000t\000e\000s\000!}{}% 10
\BOOKMARK [2][-]{subsection.3.1}{\376\377\000T\000r\000a\000i\000t\000\040\000v\000s\000\040\000P\000h\000e\000n\000o\000t\000y\000p\000e}{section.3}% 11
\BOOKMARK [2][-]{subsection.3.2}{\376\377\000M\000u\000t\000a\000t\000i\000o\000n\000s}{section.3}% 12
\BOOKMARK [3][-]{subsubsection.3.2.1}{\376\377\000M\000u\000t\000a\000t\000i\000o\000n\000\040\000T\000h\000i\000n\000k\000\040\000T\000h\000r\000o\000u\000g\000h}{subsection.3.2}% 13
\BOOKMARK [3][-]{subsubsection.3.2.2}{\376\377\000L\000a\000r\000g\000e\000\040\000s\000c\000a\000l\000e\000\040\000c\000h\000a\000n\000g\000e\000s}{subsection.3.2}% 14
\BOOKMARK [3][-]{subsubsection.3.2.3}{\376\377\000I\000m\000p\000a\000c\000t}{subsection.3.2}% 15
\BOOKMARK [1][-]{section.4}{\376\377\000A\000n\000d\000\040\000t\000h\000e\000\040\000f\000o\000l\000l\000o\000w\000i\000n\000g\000\040\000q\000u\000e\000s\000t\000i\000o\000n\000s}{}% 16
\BOOKMARK [2][-]{subsubsection.4.0.1}{\376\377\000W\000h\000a\000t\000\040\000t\000w\000o\000\040\000a\000l\000l\000e\000l\000e\000s\000\040\000c\000o\000u\000l\000d\000\040\000a\000\040\000p\000e\000r\000s\000o\000n\000\040\000w\000i\000t\000h\000\040\000b\000l\000o\000o\000d\000\040\000t\000y\000p\000e\000\040\000A\000\040\000h\000a\000v\000e\000?\000\040\000W\000i\000t\000h\000\040\000t\000y\000p\000e}{section.4}% 17
\BOOKMARK [3][-]{subsubsection.4.0.2}{\376\377\000I\000f\000\040\000a\000\040\000p\000e\000r\000s\000o\000n\000\040\000w\000i\000t\000h\000\040\000t\000y\000p\000e\000\040\000A\000B\000\040\000b\000l\000o\000o\000d\000\040\000h\000a\000d\000\040\000a\000\040\000c\000h\000i\000l\000d\000\040\000w\000i\000t\000h\000\040\000a\000\040\000t\000y\000p\000e\000\040\000O\000\040\000p\000e\000r\000s\000o\000n\000,}{subsubsection.4.0.1}% 18
\BOOKMARK [3][-]{subsubsection.4.0.3}{\376\377\000I\000f\000\040\000t\000h\000e\000\040\000o\000f\000f\000s\000p\000r\000i\000n\000g\000\040\000f\000r\000o\000m\000\040\000t\000h\000e\000\040\000p\000r\000e\000v\000i\000o\000u\000s\000\040\000q\000u\000e\000s\000t\000i\000o\000n\000\040\000g\000r\000e\000w\000\040\000u\000p\000\040\000t\000o\000\040\000h\000a\000v\000e\000\040\000a\000\040\000c\000h\000i\000l\000d}{subsubsection.4.0.1}% 19
\BOOKMARK [1][-]{section.5}{\376\377\000M\000o\000r\000e\000\040\000n\000o\000t\000e\000s\000\040\000p\000t\000\040\0002\000.\000.}{}% 20
