\BOOKMARK [1][-]{section.1}{\376\377\000R\000e\000a\000d\000i\000n\000g}{}% 1
\BOOKMARK [2][-]{subsection.1.1}{\376\377\000D\000e\000f\000i\000n\000i\000t\000i\000o\000n\000\040\000o\000f\000\040\000a\000\040\000D\000e\000f\000i\000n\000i\000t\000e\000\040\000I\000n\000t\000e\000g\000r\000a\000l}{section.1}% 2
\BOOKMARK [1][-]{section.2}{\376\377\000P\000r\000o\000b\000l\000e\000m\000s}{}% 3
\BOOKMARK [2][-]{subsection.2.1}{\376\377\000e\000x\000r\0001\000.\0003}{section.2}% 4
\BOOKMARK [2][-]{subsection.2.2}{\376\377\000e\000x\000r\0001\000.\0004\000\040\000\050\000i\000n\000\040\000c\000l\000a\000s\000s\000\051}{section.2}% 5
\BOOKMARK [2][-]{subsection.2.3}{\376\377\000e\000x\000r\0001\000.\0005}{section.2}% 6
\BOOKMARK [3][-]{subsubsection.2.3.1}{\376\377\000l\000e\000f\000t\000\040\000e\000s\000t\000i\000m\000a\000t\000e}{subsection.2.3}% 7
\BOOKMARK [3][-]{subsubsection.2.3.2}{\376\377\000r\000i\000g\000h\000t\000\040\000e\000s\000t\000i\000m\000a\000t\000e}{subsection.2.3}% 8
\BOOKMARK [3][-]{subsubsection.2.3.3}{\376\377\000m\000i\000d\000d\000l\000e\000\040\000e\000s\000t\000i\000m\000a\000t\000e}{subsection.2.3}% 9
\BOOKMARK [2][-]{subsection.2.4}{\376\377\000e\000x\000r\0001\000.\0006}{section.2}% 10
\BOOKMARK [3][-]{subsubsection.2.4.1}{\376\377\0000\0001\000\040\000x\0002\000+\0001\000d\000x}{subsection.2.4}% 11
\BOOKMARK [3][-]{subsubsection.2.4.2}{\376\377\0000\0003\000\040\000\050\000x\000-\0001\000\051\000d\000x}{subsection.2.4}% 12
\BOOKMARK [2][-]{subsection.2.5}{\376\377\000e\000x\000r\0001\000.\0007}{section.2}% 13
\BOOKMARK [3][-]{subsubsection.2.5.1}{\376\377\000r\000i\000g\000h\000t\000\040\000e\000n\000d\000p\000o\000i\000n\000t\000\040\000a\000p\000p\000r\000o\000x\000\040\000f\000o\000r\000\040\000y\000=\000x\0002}{subsection.2.5}% 14
\BOOKMARK [3][-]{subsubsection.2.5.2}{\376\377\000g\000e\000n\000e\000r\000a\000l\000\040\000f\000o\000r\000m\000\040\000f\000o\000r\000\040\000l\000e\000f\000t\000-\000s\000i\000d\000e\000\040\000r\000i\000e\000m\000a\000n\000n\000\040\000s\000u\000m}{subsection.2.5}% 15
\BOOKMARK [2][-]{subsection.2.6}{\376\377\000e\000x\000r\0001\000.\0001\0001}{section.2}% 16
\BOOKMARK [2][-]{subsection.2.7}{\376\377\000e\000x\000r\0001\000.\0001\0002}{section.2}% 17
\BOOKMARK [3][-]{subsubsection.2.7.1}{\376\377\0001}{subsection.2.7}% 18
\BOOKMARK [3][-]{subsubsection.2.7.2}{\376\377\0002}{subsection.2.7}% 19
\BOOKMARK [2][-]{subsection.2.8}{\376\377\000e\000x\000r\0001\000.\0001\0003}{section.2}% 20
\BOOKMARK [3][-]{subsubsection.2.8.1}{\376\377\0001}{subsection.2.8}% 21
\BOOKMARK [3][-]{subsubsection.2.8.2}{\376\377\0002}{subsection.2.8}% 22
\BOOKMARK [3][-]{subsubsection.2.8.3}{\376\377\0003}{subsection.2.8}% 23
\BOOKMARK [2][-]{subsection.2.9}{\376\377\000e\000x\000r\0001\000.\0001\0004}{section.2}% 24
