\BOOKMARK [1][-]{section.1}{\376\377\000L\000e\000t\000\040\000F\000\050\000x\000\051\000\040\000=\000\040\0000\000x\000\040\000f\000\050\000t\000\051\000\040\000d\000t}{}% 1
\BOOKMARK [2][-]{subsection.1.1}{\376\377\000c\000o\000m\000p\000l\000e\000t\000e\000\040\000t\000h\000e\000\040\000t\000a\000b\000l\000e}{section.1}% 2
\BOOKMARK [2][-]{subsection.1.2}{\376\377\000s\000k\000e\000t\000c\000h\000\040\000t\000h\000e\000\040\000f\000u\000n\000c\000t\000i\000o\000n}{section.1}% 3
\BOOKMARK [1][-]{section.2}{\376\377\000G\000\050\000x\000\051\000\040\000=\000\040\0002\000x\000\040\000f\000\050\000t\000\051\000\040\000d\000t}{}% 4
\BOOKMARK [2][-]{subsection.2.1}{\376\377\000c\000o\000m\000p\000l\000e\000t\000e\000\040\000t\000h\000e\000\040\000t\000a\000b\000l\000e}{section.2}% 5
\BOOKMARK [2][-]{subsection.2.2}{\376\377\000s\000k\000e\000t\000c\000h\000\040\000t\000h\000e\000\040\000f\000u\000n\000c\000t\000i\000o\000n}{section.2}% 6
\BOOKMARK [1][-]{section.3}{\376\377\000H\000\050\000x\000\051\000\040\000=\000\040\0004\000x\000\040\000f\000\050\000t\000\051\000\040\000d\000t}{}% 7
\BOOKMARK [2][-]{subsection.3.1}{\376\377\000c\000o\000m\000p\000l\000e\000t\000e\000\040\000t\000h\000e\000\040\000t\000a\000b\000l\000e}{section.3}% 8
\BOOKMARK [2][-]{subsection.3.2}{\376\377\000s\000k\000e\000t\000c\000h\000\040\000t\000h\000e\000\040\000f\000u\000n\000c\000t\000i\000o\000n}{section.3}% 9
\BOOKMARK [1][-]{section.4}{\376\377\000c\000o\000m\000p\000l\000e\000t\000e\000\040\000t\000h\000e\000\040\000t\000a\000b\000l\000e}{}% 10
\BOOKMARK [1][-]{section.5}{\376\377\000w\000h\000y\000\040\000d\000o\000e\000s\000\040\000i\000t\000\040\000w\000o\000r\000k\000\040\000o\000v\000e\000r\000\040\000t\000h\000e\000\040\000e\000n\000t\000i\000r\000e\000\040\000d\000o\000m\000a\000i\000n\000?}{}% 11
\BOOKMARK [1][-]{section.6}{\376\377\000f\000a\000m\000i\000l\000y\000\040\000o\000f\000\040\000f\000u\000n\000c\000t\000i\000o\000n\000s}{}% 12
\BOOKMARK [1][-]{section.7}{\376\377\000s\000k\000e\000t\000c\000h\000i\000n\000g\000\040\000m\000o\000r\000e\000\040\000f\000u\000n\000c\000t\000i\000o\000n\000s}{}% 13
\BOOKMARK [2][-]{subsection.7.1}{\376\377\000F\0001\000\050\000x\000\051\000\040\000=\000\040\000x\0000\000\040\000f\000\050\000t\000\051\000\040\000d\000t}{section.7}% 14
\BOOKMARK [2][-]{subsection.7.2}{\376\377\000F\0002\000\050\000x\000\051\000\040\000=\000\040\0000\000x\000\040\000f\000\050\000-\000t\000\051\000\040\000d\000t}{section.7}% 15
\BOOKMARK [2][-]{subsection.7.3}{\376\377\000F\0003\000\050\000x\000\051\000\040\000=\000\040\0000\0002\000x\000\040\000f\000\050\000t\000\051\000\040\000d\000t}{section.7}% 16
\BOOKMARK [2][-]{subsection.7.4}{\376\377\000F\0004\000\050\000x\000\051\000\040\000=\000\040\0000\000x\000\040\000f\000\050\000|\000t\000|\000\051\000\040\000d\000t}{section.7}% 17
\BOOKMARK [2][-]{subsection.7.5}{\376\377\000F\0005\000\050\000x\000\051\000\040\000=\000\040\0000\000x\000\040\000|\000f\000\050\000t\000\051\000|\000\040\000d\000t}{section.7}% 18
\BOOKMARK [1][-]{section.8}{\376\377\000d\000e\000r\000i\000v\000a\000t\000i\000v\000e\000s\000\040\000o\000f\000\040\000i\000n\000t\000e\000g\000r\000a\000l\000\040\000f\000u\000n\000c\000t\000i\000o\000n\000s}{}% 19
\BOOKMARK [2][-]{subsection.8.1}{\376\377\000F\000\050\000x\000\051\000\040\000=\000\040\000-\0001\000x\0002\000\040\000s\000i\000n\000\050\000t\0003\000-\0001\000\051\000\040\000d\000t}{section.8}% 20
\BOOKMARK [2][-]{subsection.8.2}{\376\377\000F\000\050\000x\000\051\000\040\000=\000\040\0000\0002\000x\000\040\000l\000n\000\050\000t\000-\0003\000\051\000\040\000d\000t}{section.8}% 21
