\BOOKMARK [1][-]{section.1}{\376\377\000g\000e\000n\000e\000r\000a\000l\000\040\000t\000r\000e\000n\000d\000s}{}% 1
\BOOKMARK [2][-]{subsection.1.1}{\376\377\000s\000p\000l\000i\000t\000\040\000f\000r\000a\000c\000t\000i\000o\000n\000s}{section.1}% 2
\BOOKMARK [2][-]{subsection.1.2}{\376\377\000p\000u\000l\000l\000\040\000o\000u\000t\000\040\000c\000o\000n\000s\000t\000a\000n\000t\000\040\000f\000a\000c\000t\000o\000r\000s}{section.1}% 3
\BOOKMARK [1][-]{section.2}{\376\377\000a\000d\000d\000i\000t\000i\000v\000e}{}% 4
\BOOKMARK [1][-]{section.3}{\376\377\000c\000h\000a\000n\000g\000e\000\040\000o\000f\000\040\000l\000o\000w\000e\000r\000\040\000b\000o\000u\000n\000d}{}% 5
\BOOKMARK [1][-]{section.4}{\376\377\000f\000u\000n\000d\000a\000m\000e\000n\000t\000a\000l\000\040\000t\000h\000e\000o\000r\000e\000m\000\040\000o\000f\000\040\000c\000a\000l\000c\000u\000l\000u\000s}{}% 6
\BOOKMARK [1][-]{section.5}{\376\377\000n\000e\000t\000\040\000c\000h\000a\000n\000g\000e\000\040\000t\000h\000e\000o\000r\000e\000m}{}% 7
\BOOKMARK [1][-]{section.6}{\376\377\000v\000a\000r\000i\000a\000b\000l\000e\000\040\000b\000o\000u\000n\000d\000s}{}% 8
\BOOKMARK [1][-]{section.7}{\376\377\000m\000e\000a\000n\000\040\000v\000a\000l\000u\000e\000\040\000t\000h\000e\000o\000r\000e\000m\000\040\000\050\000f\000o\000r\000\040\000i\000n\000t\000e\000g\000r\000a\000l\000s\000\051}{}% 9
\BOOKMARK [1][-]{section.8}{\376\377\000i\000n\000t\000e\000g\000r\000a\000t\000i\000o\000n\000\040\000r\000u\000l\000e\000s}{}% 10
\BOOKMARK [2][-]{subsection.8.1}{\376\377\000p\000o\000w\000e\000r\000\040\000r\000u\000l\000e\000\040\000f\000o\000r\000\040\000i\000n\000t\000e\000g\000r\000a\000l\000s}{section.8}% 11
\BOOKMARK [2][-]{subsection.8.2}{\376\377\000k\000-\000a\000n\000g\000l\000e\000\040\000f\000o\000r\000m\000u\000l\000a\000s\000\040\000f\000o\000r\000\040\000s\000i\000n\000u\000s\000o\000i\000d\000s}{section.8}% 12
\BOOKMARK [3][-]{subsubsection.8.2.1}{\376\377\000f\000o\000r\000\040\000s\000i\000n\0002\000x\000\040\000o\000r\000\040\000c\000o\000s\0002\000x\000,}{subsection.8.2}% 13
\BOOKMARK [3][-]{subsubsection.8.2.2}{\376\377\000f\000o\000r\000\040\000a\000\040\000p\000r\000o\000d\000u\000c\000t\000\040\000o\000f\000\040\000s\000i\000n\000x\000\040\000c\000o\000s\000x\000\040\000o\000r\000\040\000s\000i\000m\000i\000l\000a\000r\000,}{subsection.8.2}% 14
\BOOKMARK [3][-]{subsubsection.8.2.3}{\376\377\000f\000o\000r\000\040\000s\000e\000c\000x\000\040\000a\000n\000d\000\040\000t\000a\000n\000x\000,}{subsection.8.2}% 15
\BOOKMARK [2][-]{subsection.8.3}{\376\377\000u\000-\000s\000u\000b\000s\000t\000i\000t\000u\000t\000i\000o\000n\000\040\000\050\000o\000n\000\040\000p\000r\000o\000d\000u\000c\000t\000s\000,\000\040\000c\000h\000a\000i\000n\000\040\000r\000u\000l\000e\000\051}{section.8}% 16
\BOOKMARK [2][-]{subsection.8.4}{\376\377\000i\000n\000t\000e\000g\000r\000a\000t\000i\000o\000n\000\040\000b\000y\000\040\000p\000a\000r\000t\000s\000\040\000\050\000o\000n\000\040\000p\000r\000o\000d\000u\000c\000t\000s\000,\000\040\000p\000r\000o\000d\000u\000c\000t\000\040\000r\000u\000l\000e\000\051}{section.8}% 17
\BOOKMARK [3][-]{subsubsection.8.4.1}{\376\377\000t\000i\000p\000s}{subsection.8.4}% 18
\BOOKMARK [3][-]{subsubsection.8.4.2}{\376\377\000T\000O\000D\000O\000\040\000a\000\040\000g\000r\000a\000p\000h\000i\000c\000a\000l\000\040\000r\000e\000p\000r\000e\000s\000e\000n\000t\000a\000t\000i\000o\000n}{subsection.8.4}% 19
\BOOKMARK [3][-]{subsubsection.8.4.3}{\376\377\000t\000a\000b\000u\000l\000a\000r\000\040\000t\000e\000c\000h\000n\000i\000q\000u\000e}{subsection.8.4}% 20
