\BOOKMARK [1][-]{section.1}{\376\377\000a\000n\000i\000m\000a\000l\000\040\000e\000t\000h\000i\000c\000s}{}% 1
\BOOKMARK [2][-]{subsection.1.1}{\376\377\000w\000h\000a\000t\000\040\000i\000s\000\040\000t\000h\000e\000\040\000e\000t\000h\000i\000c\000a\000l\000\040\000i\000s\000s\000u\000e\000?}{section.1}% 2
\BOOKMARK [3][-]{subsubsection.1.1.1}{\376\377\000s\000h\000o\000u\000l\000d\000\040\000o\000t\000h\000e\000r\000\040\000s\000p\000e\000c\000i\000e\000s\000\040\000b\000e\000\040\000t\000e\000s\000t\000e\000d\000\040\000o\000n\000\040\000/\000\040\000s\000a\000c\000r\000i\000f\000i\000c\000e\000d\000\040\000o\000n\000\040\000p\000o\000s\000s\000i\000b\000l\000y\000\040\000d\000a\000n\000g\000e\000r\000o\000u\000s\000\040\000p\000r\000o\000d\000u\000c\000t\000s}{subsection.1.1}% 3
\BOOKMARK [3][-]{subsubsection.1.1.2}{\376\377\000f\000u\000n\000d\000a\000m\000e\000n\000t\000a\000l\000l\000y\000,\000\040\000a\000r\000e\000\040\000a\000n\000i\000m\000a\000l\000\040\000l\000i\000v\000e\000s\000\040\000w\000o\000r\000t\000h\000\040\000l\000e\000s\000s\000\040\000t\000h\000a\000n\000\040\000h\000u\000m\000a\000n\000\040\000l\000i\000v\000e\000s}{subsection.1.1}% 4
\BOOKMARK [2][-]{subsection.1.2}{\376\377\000p\000e\000r\000s\000p\000e\000c\000t\000i\000v\000e\000s}{section.1}% 5
\BOOKMARK [3][-]{subsubsection.1.2.1}{\376\377\000a\000n\000i\000m\000a\000l\000\040\000t\000e\000s\000t\000i\000n\000g\000\040\000i\000s\000\040\000o\000f\000t\000e\000n\000\040\000u\000n\000e\000t\000h\000i\000c\000a\000l\000:\000\040\000a\000n\000i\000m\000a\000l\000s\000\040\000a\000r\000e\000\040\000n\000o\000t\000\040\000t\000r\000e\000a\000t\000e\000d\000\040\000r\000i\000g\000h\000t\000\040\000a\000n\000d\000\040\000o\000f\000t\000e\000n\000\040\000d\000i\000e\000\040\000d\000u\000r\000i\000n\000g\000\040\000f\000a\000i\000l\000e\000d\000\040\000a\000t\000t\000e\000m\000p\000t\000s}{subsection.1.2}% 6
\BOOKMARK [3][-]{subsubsection.1.2.2}{\376\377\000h\000o\000w\000e\000v\000e\000r\000,\000\040\000t\000o\000\040\000p\000u\000s\000h\000\040\000s\000c\000i\000e\000n\000c\000e\000\040\000f\000o\000r\000w\000a\000r\000d\000,\000\040\000s\000o\000m\000e\000\040\000a\000m\000m\000o\000u\000n\000t\000\040\000o\000f\000\040\000t\000e\000s\000t\000i\000n\000g\000\040\000i\000s\000\040\000n\000e\000e\000d\000e\000d\000.\000\040\000T\000e\000s\000t\000i\000n\000g\000\040\000o\000n\000\040\000h\000u\000m\000a\000n\000s\000\040\000s\000e\000e\000m\000s\000\040\000w\000o\000r\000s\000e\000\040\000t\000h\000a\000n\000\040\000t\000e\000s\000t\000i\000n\000g\000\040\000o\000n\000\040\000a\000n\000i\000m\000a\000l\000s\000.}{subsection.1.2}% 7
\BOOKMARK [2][-]{subsection.1.3}{\376\377\000s\000t\000a\000k\000e\000s}{section.1}% 8
\BOOKMARK [3][-]{subsubsection.1.3.1}{\376\377\000l\000a\000r\000g\000e\000r\000\040\000c\000o\000r\000p\000o\000r\000a\000t\000i\000o\000n\000s\000\040\000w\000h\000o\000\040\000a\000r\000e\000\040\000t\000r\000y\000i\000n\000g\000\040\000t\000o\000\040\000g\000e\000t\000\040\000p\000r\000o\000d\000u\000c\000t\000s\000\040\000o\000u\000t\000\040\000t\000o\000\040\000m\000a\000r\000k\000e\000t\000\040\000h\000a\000v\000e\000\040\000t\000h\000e\000\040\000r\000e\000s\000o\000u\000r\000c\000e\000s\000,\000\040\000s\000c\000a\000l\000e\000,\000\040\000a\000n\000d\000\040\000i\000n\000c\000e\000n\000t\000i\000v\000e\000\040\000t\000o\000\040\000u\000s\000e\000\040\000a\000n\000i\000m\000a\000l\000\040\000t\000e\000s\000t\000i\000n\000g}{subsection.1.3}% 9
\BOOKMARK [3][-]{subsubsection.1.3.2}{\376\377\000b\000i\000o\000d\000i\000v\000e\000r\000s\000i\000t\000y\000\040\000i\000s\000\040\000b\000e\000i\000n\000g\000\040\000h\000a\000r\000m\000e\000d\000\040\000w\000h\000e\000n\000\040\000s\000o\000m\000e\000\040\000s\000p\000e\000c\000i\000e\000s\000\040\000a\000r\000e\000\040\000s\000p\000e\000c\000i\000f\000i\000c\000a\000l\000l\000y\000\040\000t\000a\000r\000g\000e\000t\000e\000d\000\040\000f\000o\000r\000\040\000t\000e\000s\000t\000i\000n\000g}{subsection.1.3}% 10
\BOOKMARK [3][-]{subsubsection.1.3.3}{\376\377\000a\000n\000i\000m\000a\000l\000\040\000t\000e\000s\000t\000i\000n\000g\000\040\000a\000l\000l\000o\000w\000s\000\040\000n\000e\000w\000\040\000d\000r\000u\000g\000s\000\040\000/\000\040\000p\000r\000o\000c\000e\000d\000u\000r\000e\000s\000\040\000t\000o\000\040\000b\000e\000\040\000t\000e\000s\000t\000e\000d\000\040\000b\000e\000f\000o\000r\000e\000\040\000a\000c\000c\000i\000d\000e\000n\000t\000a\000l\000l\000y\000\040\000h\000u\000r\000t\000i\000n\000g\000\040\000h\000u\000m\000a\000n\000s\000\040\000i\000n\000\040\000c\000l\000i\000n\000i\000c\000a\000l\000\040\000t\000r\000i\000a\000l\000s}{subsection.1.3}% 11
\BOOKMARK [3][-]{subsubsection.1.3.4}{\376\377\000c\000o\000n\000s\000u\000m\000e\000r\000\040\000a\000c\000t\000i\000v\000i\000s\000m\000\040\000c\000a\000n\000\040\000d\000i\000s\000i\000n\000c\000e\000n\000t\000i\000v\000i\000s\000e\000\040\000c\000o\000r\000p\000o\000r\000a\000t\000i\000o\000n\000s\000\040\000f\000r\000o\000m\000\040\000u\000s\000i\000n\000g\000\040\000n\000o\000n\000-\000e\000s\000s\000e\000n\000t\000i\000a\000l\000\040\000a\000n\000i\000m\000a\000l\000\040\000t\000e\000s\000t\000i\000n\000g\000\040\000\050\000e\000g\000.\000\040\000c\000o\000s\000m\000e\000t\000i\000c\000\051}{subsection.1.3}% 12
\BOOKMARK [1][-]{section.2}{\376\377\000a\000n\000i\000m\000a\000l\000\040\000e\000t\000h\000i\000c\000s}{}% 13
\BOOKMARK [2][-]{subsection.2.1}{\376\377\000w\000h\000a\000t\000\040\000i\000s\000\040\000t\000h\000e\000\040\000e\000t\000h\000i\000c\000a\000l\000\040\000i\000s\000s\000u\000e\000?}{section.2}% 14
\BOOKMARK [3][-]{subsubsection.2.1.1}{\376\377\000s\000h\000o\000u\000l\000d\000\040\000o\000t\000h\000e\000r\000\040\000s\000p\000e\000c\000i\000e\000s\000\040\000b\000e\000\040\000t\000e\000s\000t\000e\000d\000\040\000o\000n\000\040\000/\000\040\000s\000a\000c\000r\000i\000f\000i\000c\000e\000d\000\040\000o\000n\000\040\000p\000o\000s\000s\000i\000b\000l\000y\000\040\000d\000a\000n\000g\000e\000r\000o\000u\000s\000\040\000p\000r\000o\000d\000u\000c\000t\000s}{subsection.2.1}% 15
\BOOKMARK [3][-]{subsubsection.2.1.2}{\376\377\000f\000u\000n\000d\000a\000m\000e\000n\000t\000a\000l\000l\000y\000,\000\040\000a\000r\000e\000\040\000a\000n\000i\000m\000a\000l\000\040\000l\000i\000v\000e\000s\000\040\000w\000o\000r\000t\000h\000\040\000l\000e\000s\000s\000\040\000t\000h\000a\000n\000\040\000h\000u\000m\000a\000n\000\040\000l\000i\000v\000e\000s}{subsection.2.1}% 16
\BOOKMARK [2][-]{subsection.2.2}{\376\377\000p\000e\000r\000s\000p\000e\000c\000t\000i\000v\000e\000s}{section.2}% 17
\BOOKMARK [3][-]{subsubsection.2.2.1}{\376\377\000a\000n\000i\000m\000a\000l\000\040\000t\000e\000s\000t\000i\000n\000g\000\040\000i\000s\000\040\000o\000f\000t\000e\000n\000\040\000u\000n\000e\000t\000h\000i\000c\000a\000l\000:\000\040\000a\000n\000i\000m\000a\000l\000s\000\040\000a\000r\000e\000\040\000n\000o\000t\000\040\000t\000r\000e\000a\000t\000e\000d\000\040\000r\000i\000g\000h\000t\000\040\000a\000n\000d\000\040\000o\000f\000t\000e\000n\000\040\000d\000i\000e\000\040\000d\000u\000r\000i\000n\000g\000\040\000f\000a\000i\000l\000e\000d\000\040\000a\000t\000t\000e\000m\000p\000t\000s}{subsection.2.2}% 18
\BOOKMARK [3][-]{subsubsection.2.2.2}{\376\377\000h\000o\000w\000e\000v\000e\000r\000,\000\040\000t\000o\000\040\000p\000u\000s\000h\000\040\000s\000c\000i\000e\000n\000c\000e\000\040\000f\000o\000r\000w\000a\000r\000d\000,\000\040\000s\000o\000m\000e\000\040\000a\000m\000m\000o\000u\000n\000t\000\040\000o\000f\000\040\000t\000e\000s\000t\000i\000n\000g\000\040\000i\000s\000\040\000n\000e\000e\000d\000e\000d\000.\000\040\000T\000e\000s\000t\000i\000n\000g\000\040\000o\000n\000\040\000h\000u\000m\000a\000n\000s\000\040\000s\000e\000e\000m\000s\000\040\000w\000o\000r\000s\000e\000\040\000t\000h\000a\000n\000\040\000t\000e\000s\000t\000i\000n\000g\000\040\000o\000n\000\040\000a\000n\000i\000m\000a\000l\000s\000.}{subsection.2.2}% 19
\BOOKMARK [2][-]{subsection.2.3}{\376\377\000s\000t\000a\000k\000e\000s}{section.2}% 20
\BOOKMARK [3][-]{subsubsection.2.3.1}{\376\377\000l\000a\000r\000g\000e\000r\000\040\000c\000o\000r\000p\000o\000r\000a\000t\000i\000o\000n\000s\000\040\000w\000h\000o\000\040\000a\000r\000e\000\040\000t\000r\000y\000i\000n\000g\000\040\000t\000o\000\040\000g\000e\000t\000\040\000p\000r\000o\000d\000u\000c\000t\000s\000\040\000o\000u\000t\000\040\000t\000o\000\040\000m\000a\000r\000k\000e\000t\000\040\000h\000a\000v\000e\000\040\000t\000h\000e\000\040\000r\000e\000s\000o\000u\000r\000c\000e\000s\000,\000\040\000s\000c\000a\000l\000e\000,\000\040\000a\000n\000d\000\040\000i\000n\000c\000e\000n\000t\000i\000v\000e\000\040\000t\000o\000\040\000u\000s\000e\000\040\000a\000n\000i\000m\000a\000l\000\040\000t\000e\000s\000t\000i\000n\000g}{subsection.2.3}% 21
\BOOKMARK [3][-]{subsubsection.2.3.2}{\376\377\000b\000i\000o\000d\000i\000v\000e\000r\000s\000i\000t\000y\000\040\000i\000s\000\040\000b\000e\000i\000n\000g\000\040\000h\000a\000r\000m\000e\000d\000\040\000w\000h\000e\000n\000\040\000s\000o\000m\000e\000\040\000s\000p\000e\000c\000i\000e\000s\000\040\000a\000r\000e\000\040\000s\000p\000e\000c\000i\000f\000i\000c\000a\000l\000l\000y\000\040\000t\000a\000r\000g\000e\000t\000e\000d\000\040\000f\000o\000r\000\040\000t\000e\000s\000t\000i\000n\000g}{subsection.2.3}% 22
\BOOKMARK [3][-]{subsubsection.2.3.3}{\376\377\000a\000n\000i\000m\000a\000l\000\040\000t\000e\000s\000t\000i\000n\000g\000\040\000a\000l\000l\000o\000w\000s\000\040\000n\000e\000w\000\040\000d\000r\000u\000g\000s\000\040\000/\000\040\000p\000r\000o\000c\000e\000d\000u\000r\000e\000s\000\040\000t\000o\000\040\000b\000e\000\040\000t\000e\000s\000t\000e\000d\000\040\000b\000e\000f\000o\000r\000e\000\040\000a\000c\000c\000i\000d\000e\000n\000t\000a\000l\000l\000y\000\040\000h\000u\000r\000t\000i\000n\000g\000\040\000h\000u\000m\000a\000n\000s\000\040\000i\000n\000\040\000c\000l\000i\000n\000i\000c\000a\000l\000\040\000t\000r\000i\000a\000l\000s}{subsection.2.3}% 23
\BOOKMARK [3][-]{subsubsection.2.3.4}{\376\377\000c\000o\000n\000s\000u\000m\000e\000r\000\040\000a\000c\000t\000i\000v\000i\000s\000m\000\040\000c\000a\000n\000\040\000d\000i\000s\000i\000n\000c\000e\000n\000t\000i\000v\000i\000s\000e\000\040\000c\000o\000r\000p\000o\000r\000a\000t\000i\000o\000n\000s\000\040\000f\000r\000o\000m\000\040\000u\000s\000i\000n\000g\000\040\000n\000o\000n\000-\000e\000s\000s\000e\000n\000t\000i\000a\000l\000\040\000a\000n\000i\000m\000a\000l\000\040\000t\000e\000s\000t\000i\000n\000g\000\040\000\050\000e\000g\000.\000\040\000c\000o\000s\000m\000e\000t\000i\000c\000\051}{subsection.2.3}% 24
\BOOKMARK [1][-]{section.3}{\376\377\000i\000s\000o\000s\000\040\000s\000c\000a\000t\000e\000g\000o\000r\000i\000e\000s}{}% 25
\BOOKMARK [2][-]{subsection.3.1}{\376\377\000r\000o\000u\000n\000d\000\040\000o\000n\000e}{section.3}% 26
\BOOKMARK [3][-]{subsubsection.3.1.1}{\376\377\000p\000l\000u\000t\000o}{subsection.3.1}% 27
\BOOKMARK [3][-]{subsubsection.3.1.2}{\376\377\000p\000i\000c\000o\000s\000e\000c\000o\000n\000d}{subsection.3.1}% 28
\BOOKMARK [3][-]{subsubsection.3.1.3}{\376\377\000p\000l\000a\000n\000e\000t\000s}{subsection.3.1}% 29
\BOOKMARK [3][-]{subsubsection.3.1.4}{\376\377\000p\000l\000a\000n\000e\000t\000\040\000e\000a\000r\000t\000h}{subsection.3.1}% 30
\BOOKMARK [3][-]{subsubsection.3.1.5}{\376\377\000p\000a\000n\000g\000e\000a}{subsection.3.1}% 31
\BOOKMARK [3][-]{subsubsection.3.1.6}{\376\377\000p\000l\000i\000e\000r\000s}{subsection.3.1}% 32
\BOOKMARK [3][-]{subsubsection.3.1.7}{\376\377\000p\000t\000e\000r\000a\000d\000a\000c\000t\000y\000l}{subsection.3.1}% 33
\BOOKMARK [3][-]{subsubsection.3.1.8}{\376\377\000p\000a\000r\000a\000d\000i\000g\000m\000s}{subsection.3.1}% 34
\BOOKMARK [2][-]{subsection.3.2}{\376\377\000W}{section.3}% 35
\BOOKMARK [3][-]{subsubsection.3.2.1}{\376\377\000w\000a\000t\000e\000r\000\040\000r\000e\000c\000y\000c\000l\000i\000n\000g\000,\000\040\000w\000a\000s\000m}{subsection.3.2}% 36
\BOOKMARK [3][-]{subsubsection.3.2.2}{\376\377\000w\000a\000t\000t}{subsection.3.2}% 37
\BOOKMARK [3][-]{subsubsection.3.2.3}{\376\377\000w\000a\000t\000t\000s}{subsection.3.2}% 38
\BOOKMARK [3][-]{subsubsection.3.2.4}{\376\377\000w\000e\000t\000l\000a\000n\000d\000s\000,\000\040\000w\000a\000t\000e\000r}{subsection.3.2}% 39
\BOOKMARK [3][-]{subsubsection.3.2.5}{\376\377\000w\000e\000i\000g\000h\000t}{subsection.3.2}% 40
\BOOKMARK [3][-]{subsubsection.3.2.6}{\376\377\000w\000a\000l\000l\000s\000,\000\040\000w\000a\000t\000e\000r}{subsection.3.2}% 41
\BOOKMARK [3][-]{subsubsection.3.2.7}{\376\377\000w\000a\000t\000c\000h}{subsection.3.2}% 42
\BOOKMARK [3][-]{subsubsection.3.2.8}{\376\377\000m\000r\000s\000.\000\040\000w\000h\000o}{subsection.3.2}% 43
\BOOKMARK [3][-]{subsubsection.3.2.9}{\376\377\000w\000e\000i\000g\000h\000i\000n\000g}{subsection.3.2}% 44
\BOOKMARK [3][-]{subsubsection.3.2.10}{\376\377\000w\000a\000t\000e\000r\000s\000h\000e\000d\000\040\000e\000c\000o\000l\000o\000g\000y\000,\000\040\000w\000e\000a\000k\000\040\000f\000o\000r\000c\000e\000\040\000s\000t\000u\000d\000y}{subsection.3.2}% 45
\BOOKMARK [2][-]{subsection.3.3}{\376\377\000L}{section.3}% 46
\BOOKMARK [3][-]{subsubsection.3.3.1}{\376\377\000L\000i\000t\000h\000o\000g\000r\000a\000p\000h\000y}{subsection.3.3}% 47
\BOOKMARK [3][-]{subsubsection.3.3.2}{\376\377\000l\000u\000m\000e\000n}{subsection.3.3}% 48
\BOOKMARK [3][-]{subsubsection.3.3.3}{\376\377\000l\000u\000m\000e\000n\000s}{subsection.3.3}% 49
\BOOKMARK [3][-]{subsubsection.3.3.4}{\376\377\000l\000a\000s\000e\000r}{subsection.3.3}% 50
\BOOKMARK [3][-]{subsubsection.3.3.5}{\376\377\000l\000a\000y\000f\000e\000t\000t\000e\000?}{subsection.3.3}% 51
\BOOKMARK [3][-]{subsubsection.3.3.6}{\376\377\000l\000a\000n\000g\000u\000a\000g\000e}{subsection.3.3}% 52
\BOOKMARK [3][-]{subsubsection.3.3.7}{\376\377\000l\000e\000o\000n\000a\000r\000d\000o\000\040\000d\000a\000v\000i\000n\000c\000i}{subsection.3.3}% 53
\BOOKMARK [3][-]{subsubsection.3.3.8}{\376\377\000l\000a\000b\000o\000r\000a\000t\000o\000r\000y\000\040\000l\000i\000g\000h\000t\000e\000r}{subsection.3.3}% 54
\BOOKMARK [3][-]{subsubsection.3.3.9}{\376\377\000l\000e\000n\000t\000i\000v\000i\000r\000u\000s}{subsection.3.3}% 55
\BOOKMARK [3][-]{subsubsection.3.3.10}{\376\377\000l\000a\000s\000e\000r\000\040\000l\000e\000v\000e\000l\000i\000n\000g}{subsection.3.3}% 56
