\BOOKMARK [1][-]{section.4}{\376\377\000w\000i\000t\000c\000h\000\040\000o\000f\000\040\000M\000a\000r\000i\000a\000\040\000A\000g\000n\000e\000s\000i}{}% 1
\BOOKMARK [2][-]{subsection.4.1}{\376\377\000x\000\050\000t\000\051}{section.4}% 2
\BOOKMARK [2][-]{subsection.4.2}{\376\377\000y\000\050\000t\000\051}{section.4}% 3
\BOOKMARK [1][-]{section.5}{\376\377\000p\000a\000r\000a\000m\000e\000t\000e\000r\000i\000z\000a\000t\000i\000o\000n\000\040\000o\000f\000\040\000a\000n\000\040\000e\000l\000i\000p\000s\000e}{}% 4
\BOOKMARK [1][-]{section.6}{\376\377\000m\000y\000s\000t\000e\000r\000y\000\040\000c\000u\000r\000v\000e}{}% 5
\BOOKMARK [1][-]{section.8}{\376\377\000s\000w\000a\000l\000l\000o\000w\000t\000a\000i\000l\000\040\000c\000a\000t\000a\000s\000t\000r\000o\000p\000h\000e\000\040\000c\000u\000r\000v\000e\000s}{}% 6
\BOOKMARK [2][-]{subsection.8.1}{\376\377\000f\000e\000a\000t\000u\000r\000e\000s}{section.8}% 7
\BOOKMARK [3][-]{subsubsection.8.1.1}{\376\377\000a\000p\000p\000r\000o\000a\000c\000h\000e\000s\000\040\000a\000\040\000p\000a\000r\000a\000b\000o\000l\000a\000-\000l\000i\000k\000e\000\040\000s\000h\000a\000p\000e\000\040\000a\000b\000o\000v\000e\000\040\000t\000h\000e\000\040\000y\000-\000a\000x\000i\000s}{subsection.8.1}% 8
\BOOKMARK [3][-]{subsubsection.8.1.2}{\376\377\000a\000p\000p\000r\000o\000a\000c\000h\000e\000s\000\040\000a\000\040\000p\000a\000r\000a\000b\000o\000l\000a\000-\000l\000i\000k\000e\000\040\000s\000h\000a\000p\000e\000\040\000b\000e\000l\000o\000w\000\040\000t\000h\000e\000\040\000x\000-\000a\000x\000i\000s\000\040\000i\000f\000\040\000c\000\040\000>\000\040\0000}{subsection.8.1}% 9
\BOOKMARK [3][-]{subsubsection.8.1.3}{\376\377\000h\000a\000s\000\040\000a\000\040\000c\000r\000o\000s\000s\000-\000o\000v\000e\000r\000\040\000i\000n\000\040\000a\000\040\000t\000r\000i\000a\000n\000g\000l\000e\000\040\000s\000h\000a\000p\000e}{subsection.8.1}% 10
\BOOKMARK [3][-]{subsubsection.8.1.4}{\376\377\000i\000t\000\040\000l\000o\000o\000k\000s\000\040\000l\000i\000k\000e\000\040\000a\000\040\000d\000o\000r\000i\000t\000o\000\040\000t\000h\000a\000t\000\040\000s\000c\000a\000l\000e\000s\000\040\000w\000i\000t\000h\000\040\000t\000h\000e\000\040\000v\000a\000l\000u\000e\000\040\000o\000f\000\040\000c}{subsection.8.1}% 11
\BOOKMARK [1][-]{section.9}{\376\377\000L\000i\000s\000s\000a\000j\000o\000u\000s\000\040\000F\000i\000g\000u\000r\000e\000s}{}% 12
\BOOKMARK [2][-]{subsection.9.1}{\376\377\000f\000e\000a\000t\000u\000r\000e\000s}{section.9}% 13
\BOOKMARK [3][-]{subsubsection.9.1.1}{\376\377\000s\000p\000r\000i\000n\000g\000-\000l\000i\000k\000e\000\040\000c\000o\000i\000l\000\040\000s\000h\000a\000p\000e\000\040\000\050\000a\000l\000m\000o\000s\000t\000\040\000l\000i\000k\000e\000\040\000s\000t\000a\000n\000d\000i\000n\000g\000\040\000w\000a\000v\000e\000s\000\051\000\040\000w\000i\000t\000h\000\040\000t\000i\000g\000h\000t\000e\000r\000\040\000"\000l\000o\000o\000p\000s\000"\000\040\000a\000t\000\040\000t\000h\000e\000\040\000e\000n\000d\000s}{subsection.9.1}% 14
\BOOKMARK [3][-]{subsubsection.9.1.2}{\376\377\000a\000,\000\040\000b\000\040\000c\000o\000n\000t\000r\000o\000l\000\040\000t\000h\000e\000\040\000s\000i\000z\000e\000\040\000o\000f\000\040\000t\000h\000e\000\040\000c\000o\000i\000l\000\040\000\050\000d\000e\000f\000a\000u\000l\000t\000\040\000-\0001\000\040\000x\000,\000\040\000y\000\040\0001\000\040\000b\000e\000c\000a\000u\000s\000e\000\040\000o\000f\000\040\000r\000a\000n\000g\000e\000\040\000o\000f\000\040\000s\000i\000n\000,\000\040\000c\000o\000s}{subsection.9.1}% 15
\BOOKMARK [3][-]{subsubsection.9.1.3}{\376\377\000n\000u\000m\000b\000e\000r\000\040\000o\000f\000\040\000y\000-\000i\000n\000t\000e\000r\000c\000e\000p\000t\000s\000\040\000i\000s\000\040\000n\000+\0001\000\040\000e\000x\000c\000e\000p\000t\000\040\000i\000n\000\040\000t\000h\000e\000\040\000d\000e\000g\000e\000n\000e\000r\000a\000t\000e\000\040\000c\000a\000s\000e\000s\000\040\000n\000\040\0000}{subsection.9.1}% 16
\BOOKMARK [1][-]{section.11}{\376\377\000c\000y\000c\000l\000o\000i\000d}{}% 17
\BOOKMARK [1][-]{section.12}{\376\377\000f\000i\000r\000s\000t\000\040\000o\000r\000d\000e\000r\000\040\000d\000e\000r\000i\000v\000a\000t\000i\000v\000e}{}% 18
\BOOKMARK [1][-]{section.13}{\376\377\000s\000e\000c\000o\000n\000d\000\040\000o\000r\000d\000e\000r\000\040\000d\000e\000r\000i\000v\000a\000t\000i\000v\000e}{}% 19
\BOOKMARK [2][-]{subsection.13.1}{\376\377\000i\000n\000\040\000c\000l\000a\000s\000s\000\040\000r\000e\000v\000i\000e\000w}{section.13}% 20
